[15:19:15.1016252] [.ctor] 1/5/2020 15:19:15 Automaton/1.3.5.0 (Microsoft Windows NT 10.0.18362.0; x64) .NET Framework 4.8.4075.0
[15:19:15.1016252] [.ctor] 1/5/2020 15:19:15 Is admin: True
[15:19:15.1016252] [.ctor] 1/5/2020 15:19:15 Automaton Start
[15:19:15.2307453] [.ctor] Long path enabled. Continuing.
[15:19:15.2397636] [.ctor] LineNumber: 0, FilenName: , MethodName: Callout_FoundName
   at MS.Internal.Xaml.Parser.GenericTypeNameParser.Callout_FoundName(String prefix, String name) Prefix 'materialDesign' does not map to a namespace.
[15:19:34.1901192] [ChooseModpack] Opening modpack filesystemBrowser
[15:19:49.6283589] [LoadModpack] Modpack loaded
[15:20:27.9321081] [Initialize] Initializing API base
[15:20:27.9331091] [Initialize] Apikey empty
[15:20:35.8561187] [Initialize] Key captured
[15:20:36.2364551] [Initialize] User premium status: True
[15:20:36.2364551] [Initialize] User is logged in
[15:20:36.3955948] [GetMissingMods] Missing mod count: 276
[15:20:41.5431489] [PurgeQueue] The entire downloadQueue has been purged
[15:20:46.1131914] [FilterMissingMods] Missing mod count: 276
[15:20:47.7656535] [QueueController] Detected new item to add to queue modname A Closer Look - Simple Smooth Hotkey Zoom MD5 of fbef49995d266820bda8de4f39d1461c
[15:20:47.7666543] [DownloadFile] Downloading file: A Closer Look - Simple Smooth Hotkey Zoom-64981-1-1.rar
[15:20:47.7686561] [GenerateModDownloadLinkAsync] GenerateModDownloadLink()
[15:20:48.9597097] [.ctor] LineNumber: 0, FilenName: , MethodName: OnCollectionChanged
   at System.Windows.Data.CollectionView.OnCollectionChanged(Object sender, NotifyCollectionChangedEventArgs args) This type of CollectionView does not support changes to its SourceCollection from a thread different from the Dispatcher thread.
[15:20:48.9607102] [DownloadFile] Download complete
[15:20:48.9677167] [QueueController] Detected new item to add to queue modname A Matter of Time 2.0.10 MD5 of e84889fa4154dc6a794f60cd17ead5bb
[15:20:48.9677167] [DownloadFile] Downloading file: AMatterOfTime_v2_0_10-44091-v2-0-10.7z
