[06:44:20.7599761] [.ctor] 1/3/2020 06:44:20 Automaton/1.3.5.0 (Microsoft Windows NT 10.0.18362.0; x64) .NET Framework 4.8.4075.0
[06:44:20.7599761] [.ctor] 1/3/2020 06:44:20 Is admin: True
[06:44:20.7599761] [.ctor] 1/3/2020 06:44:20 Automaton Start
[06:44:20.8870886] [.ctor] Long path enabled. Continuing.
[06:44:20.8950948] [.ctor] LineNumber: 0, FilenName: , MethodName: Callout_FoundName
   at MS.Internal.Xaml.Parser.GenericTypeNameParser.Callout_FoundName(String prefix, String name) Prefix 'materialDesign' does not map to a namespace.
[06:44:46.8824979] [ChooseModpack] Opening modpack filesystemBrowser
[06:45:08.2822109] [LoadModpack] Modpack loaded
[06:45:31.3228452] [Initialize] Initializing API base
[06:45:31.3228452] [Initialize] Apikey empty
[06:45:36.4563938] [Initialize] Key captured
[06:45:37.4327713] [Initialize] User premium status: True
[06:45:37.4327713] [Initialize] User is logged in
[06:45:44.0091690] [GetMissingMods] Missing mod count: 1
[06:45:48.3370164] [QueueController] Detected new item to add to queue modname TavernAIFix 1.1c MD5 of f00c35225a627529e1eb825535659427
[06:45:48.3380169] [DownloadFile] Downloading file: TavernAIFix-76623-1-1c-1576937020.7z
[06:45:48.3410187] [GenerateModDownloadLinkAsync] GenerateModDownloadLink()
[06:45:48.7203546] [DownloadFile] Download complete
[06:45:58.8604135] [DebugWrite] [INSTALL] Installing Mod Organizer...
[06:45:58.8912756] [ExtractToDirectory] Extracting: C:\Games\Steam\steamapps\common\Skyrim\USyuh\Downloadsyuh\Mod Organizer 2 (Archive)-6194-2-2-1-1564685345.7z to C:\Games\Steam\steamapps\common\Skyrim\US\US 406hf2 Keyboard
[06:46:20.3815122] [DebugWrite] [INSTALL] A Closer Look - Simple Smooth Hotkey Zoom
[06:46:20.3815122] [ExtractAll] Extracting: C:\Games\Steam\steamapps\common\Skyrim\USyuh\Downloadsyuh\A Closer Look - Simple Smooth Hotkey Zoom-64981-1-1.rar
[06:46:20.4705900] [DebugWrite] [INSTALL] A Matter of Time 2.0.10
[06:46:20.4705900] [ExtractAll] Extracting: C:\Games\Steam\steamapps\common\Skyrim\USyuh\Downloadsyuh\AMatterOfTime_v2_0_10-44091-v2-0-10.7z
[06:46:20.5236374] [DebugWrite] [INSTALL] All Thieves Guild Jobs Concurrently
[06:46:20.5236374] [ExtractAll] Extracting: C:\Games\Steam\steamapps\common\Skyrim\USyuh\Downloadsyuh\All Thieves Guild Jobs Concurrently-52721-1.zip
[06:46:20.5416151] [DebugWrite] [INSTALL] aMidianBorn Book of Silence - Armors
[06:46:20.5426156] [ExtractAll] Extracting: C:\Games\Steam\steamapps\common\Skyrim\USyuh\Downloadsyuh\aMidianBorn book of silence_ARMORS-24909-1-9.7z
[06:46:42.5085971] [DebugWrite] [INSTALL] aMidianBorn Book of Silence - Content Addon
[06:46:42.5085971] [ExtractAll] Extracting: C:\Games\Steam\steamapps\common\Skyrim\USyuh\Downloadsyuh\aMidianBorn - Content Addon-24909-1-9.7z
[06:47:01.1359713] [DebugWrite] [INSTALL] aMidianBorn Book of Silence - Creatures
[06:47:01.1359713] [ExtractAll] Extracting: C:\Games\Steam\steamapps\common\Skyrim\USyuh\Downloadsyuh\aMidianBorn book of silence_Creatures-24909-1-9.7z
[06:47:05.1730298] [DebugWrite] [INSTALL] aMidianBorn Book of Silence - Dragonborn DLC
[06:47:05.1730298] [ExtractAll] Extracting: C:\Games\Steam\steamapps\common\Skyrim\USyuh\Downloadsyuh\aMidianBorn book of silence_DRAGONBORN DLC-24909-1-9.7z
[06:47:11.5672718] [DebugWrite] [INSTALL] aMidianBorn Book of Silence - Unique Items
[06:47:11.5672718] [ExtractAll] Extracting: C:\Games\Steam\steamapps\common\Skyrim\USyuh\Downloadsyuh\aMidianBorn book of silence_UNIQUE ITEMS-24909-1-9.7z
[06:47:17.3221875] [DebugWrite] [INSTALL] aMidianBorn Book of Silence - Weapons
[06:47:17.3221875] [ExtractAll] Extracting: C:\Games\Steam\steamapps\common\Skyrim\USyuh\Downloadsyuh\aMidianBorn book of silence_WEAPONS-24909-1-9.7z
[06:47:34.7262934] [DebugWrite] [INSTALL] aMidianBorn Caves and Mines
[06:47:34.7262934] [ExtractAll] Extracting: C:\Games\Steam\steamapps\common\Skyrim\USyuh\Downloadsyuh\aMidianBorn Caves and Mines 2k-39190-3.7z
[06:47:42.8500224] [DebugWrite] [INSTALL] aMidianBorn Landscape
[06:47:42.8500224] [ExtractAll] Extracting: C:\Games\Steam\steamapps\common\Skyrim\USyuh\Downloadsyuh\amb landscape with terrain parallax 2k-37865-5.7z
[06:48:02.7240990] [DebugWrite] [INSTALL] aMidianBorn Solstheim Landscape
[06:48:02.7240990] [ExtractAll] Extracting: C:\Games\Steam\steamapps\common\Skyrim\USyuh\Downloadsyuh\aMidianBorn Solstheim Land-50013-1.7z
[06:48:07.0360048] [DebugWrite] [INSTALL] ApachiiSkyHair
[06:48:07.0360048] [ExtractAll] Extracting: C:\Games\Steam\steamapps\common\Skyrim\USyuh\Downloadsyuh\ApachiiSkyHair_v_1_6_Full-10168-1-6-Full.7z
[06:48:20.1411184] [DebugWrite] [INSTALL] Art of the Catch
[06:48:20.1411184] [ExtractAll] Extracting: C:\Games\Steam\steamapps\common\Skyrim\USyuh\Downloadsyuh\Art of the Catch 1.0.1 Release-65613-1-0-1.zip
[06:48:20.2502150] [DebugWrite] [INSTALL] Ashes 0.02
[06:48:20.2502150] [ExtractAll] Extracting: C:\Games\Steam\steamapps\common\Skyrim\USyuh\Downloadsyuh\Ashes - A Simple and Configurable Death Mod-92743-0-02.7z
[06:48:20.4013488] [DebugWrite] [INSTALL] Atronach Crossing - Build Your Own Home DLC content pack
[06:48:20.4013488] [ExtractAll] Extracting: C:\Games\Steam\steamapps\common\Skyrim\USyuh\Downloadsyuh\Atronach Crossing Content Pack - Bethesda DLC-78990-Pk1v1-0-0.rar
[06:48:20.4553962] [DebugWrite] [INSTALL] Atronach Crossing 2.3.0
[06:48:20.4553962] [ExtractAll] Extracting: C:\Games\Steam\steamapps\common\Skyrim\USyuh\Downloadsyuh\Atronach Crossing-78990-2-3-0-1548899133.rar
[06:48:20.9980381] [DebugWrite] [INSTALL] Audio Overhaul for Skyrim 2
[06:48:20.9990389] [ExtractAll] Extracting: C:\Games\Steam\steamapps\common\Skyrim\USyuh\Downloadsyuh\AOS 2.5.1 Full Install-43773-2-5-1.rar
[06:48:37.2172251] [DebugWrite] [INSTALL] AV Atronachs
[06:48:37.2172251] [ExtractAll] Extracting: C:\Games\Steam\steamapps\common\Skyrim\USyuh\Downloadsyuh\Aeternus Atronachs-22420-2-0.zip
[06:48:38.3599862] [DebugWrite] [INSTALL] AV Bellyache
[06:48:38.3599862] [ExtractAll] Extracting: C:\Games\Steam\steamapps\common\Skyrim\USyuh\Downloadsyuh\Bellyaches Animals AV Package-21377-1-0.zip
[06:48:45.4130005] [DebugWrite] [INSTALL] AV Dog n Fox
[06:48:45.4130005] [ExtractAll] Extracting: C:\Games\Steam\steamapps\common\Skyrim\USyuh\Downloadsyuh\Automatic Variants - GD Dogs and Foxes and Read Me-22727-1-1.zip
[06:48:47.1824668] [DebugWrite] [INSTALL] AV Draugr
[06:48:47.1824668] [ExtractAll] Extracting: C:\Games\Steam\steamapps\common\Skyrim\USyuh\Downloadsyuh\StarX AV Package Draugr SDM-21542-1-02.7z
[06:48:51.7643871] [DebugWrite] [INSTALL] AV Dwemers
[06:48:51.7643871] [ExtractAll] Extracting: C:\Games\Steam\steamapps\common\Skyrim\USyuh\Downloadsyuh\dwemer automatic variants-46207-1-1.7z
[06:48:55.0177736] [DebugWrite] [INSTALL] AV Falmer
[06:48:55.0177736] [ExtractAll] Extracting: C:\Games\Steam\steamapps\common\Skyrim\USyuh\Downloadsyuh\StarX AV Package Falmer SDM-21542-1-02.7z
[06:48:56.0009637] [DebugWrite] [INSTALL] AV Giant
[06:48:56.0009637] [ExtractAll] Extracting: C:\Games\Steam\steamapps\common\Skyrim\USyuh\Downloadsyuh\StarX AV Package Giant SDM-21542-1-02.7z
[06:48:56.7474013] [DebugWrite] [INSTALL] AV Hagraven
[06:48:56.7474013] [ExtractAll] Extracting: C:\Games\Steam\steamapps\common\Skyrim\USyuh\Downloadsyuh\StarX AV Package Hagraven SDM-21542-1-02.7z
[06:48:57.4360111] [DebugWrite] [INSTALL] AV Huskies
[06:48:57.4360111] [ExtractAll] Extracting: C:\Games\Steam\steamapps\common\Skyrim\USyuh\Downloadsyuh\Husky 2k Variants-63598-v1-0.7z
[06:48:58.5930344] [DebugWrite] [INSTALL] AV Insanity
[06:48:58.5930344] [ExtractAll] Extracting: C:\Games\Steam\steamapps\common\Skyrim\USyuh\Downloadsyuh\InsanitySorrow AV Package-21377-1-1.zip
[06:49:00.3646012] [DebugWrite] [INSTALL] AV Sounaipr
[06:49:00.3646012] [ExtractAll] Extracting: C:\Games\Steam\steamapps\common\Skyrim\USyuh\Downloadsyuh\Sounaipr AV Package-21377-1-2.zip
[06:49:02.1777120] [DebugWrite] [INSTALL] AV Storm Atro
[06:49:02.1777120] [ExtractAll] Extracting: C:\Games\Steam\steamapps\common\Skyrim\USyuh\Downloadsyuh\Storms - Hotfixed-53715-1-12.rar
[06:49:02.5130083] [DebugWrite] [INSTALL] AV Trolls
[06:49:02.5130083] [ExtractAll] Extracting: C:\Games\Steam\steamapps\common\Skyrim\USyuh\Downloadsyuh\StarX AV Package Trolls SDM-21542-1-0.7z
[06:49:03.8435281] [DebugWrite] [INSTALL] AV
[06:49:03.8435281] [ExtractAll] Extracting: C:\Games\Steam\steamapps\common\Skyrim\USyuh\Downloadsyuh\Automatic Variants 2.0.1.3H-21377-2-0-1-3H.7z
[06:49:04.3449714] [DebugWrite] [INSTALL] Bandolier - Bags and Pouches
[06:49:04.3449714] [ExtractAll] Extracting: C:\Games\Steam\steamapps\common\Skyrim\USyuh\Downloadsyuh\Bandolier - Bags and Pouches v1dot2-16438-1-2.7z
[06:49:05.3248385] [DebugWrite] [INSTALL] Bandolier - Dawnguard
[06:49:05.3248385] [ExtractAll] Extracting: C:\Games\Steam\steamapps\common\Skyrim\USyuh\Downloadsyuh\Bandolier - Dawnguard v1-22119-1-0.zip
[06:49:05.4049091] [DebugWrite] [INSTALL] Bard Instrumentals Only - Sing Upon Request
[06:49:05.4049091] [ExtractAll] Extracting: C:\Games\Steam\steamapps\common\Skyrim\USyuh\Downloadsyuh\Bard Instrumentals Only - Sing Upon Request USKP-58555-1-0.rar
[06:49:05.4309329] [DebugWrite] [INSTALL] Bathing in Skyrim
[06:49:05.4309329] [ExtractAll] Extracting: C:\Games\Steam\steamapps\common\Skyrim\USyuh\Downloadsyuh\Bathing in Skyrim 1.11-60421-1-11.zip
[06:49:05.8973455] [DebugWrite] [INSTALL] Beards
[06:49:05.8973455] [ExtractAll] Extracting: C:\Games\Steam\steamapps\common\Skyrim\USyuh\Downloadsyuh\Beards - 1K Resolution-28363-v4-1.rar
[06:49:06.0979405] [DebugWrite] [INSTALL] Better Animal Footsteps
[06:49:06.0979405] [ExtractAll] Extracting: C:\Games\Steam\steamapps\common\Skyrim\USyuh\Downloadsyuh\Better Animal Footsteps 1.5-24805-1-5.7z
[06:49:06.7489580] [DebugWrite] [INSTALL] Better College Application
[06:49:06.7489580] [ExtractAll] Extracting: C:\Games\Steam\steamapps\common\Skyrim\USyuh\Downloadsyuh\College Application - Plugin Version-60061-2.7z
[06:49:06.8197933] [DebugWrite] [INSTALL] Better Dialogue Controls
[06:49:06.8197933] [ExtractAll] Extracting: C:\Games\Steam\steamapps\common\Skyrim\USyuh\Downloadsyuh\Better Dialogue Controls v1_2-27371-1-2.zip
[06:49:06.8479994] [DebugWrite] [INSTALL] Better Docks
[06:49:06.8479994] [ExtractAll] Extracting: C:\Games\Steam\steamapps\common\Skyrim\USyuh\Downloadsyuh\Better Docks FOMOD Installer-14087-1-7.rar
[06:49:07.2139903] [DebugWrite] [INSTALL] Better Horse Pain Sounds
[06:49:07.2139903] [ExtractAll] Extracting: C:\Games\Steam\steamapps\common\Skyrim\USyuh\Downloadsyuh\Better Horse Pain Sounds-12608-1.zip
[06:49:07.2527836] [DebugWrite] [INSTALL] Better MessageBox Controls
[06:49:07.2527836] [ExtractAll] Extracting: C:\Games\Steam\steamapps\common\Skyrim\USyuh\Downloadsyuh\Better MessageBox Controls v1_2-28170-1-2.zip
[06:49:07.2749455] [DebugWrite] [INSTALL] Better Stealing
[06:49:07.2749455] [ExtractAll] Extracting: C:\Games\Steam\steamapps\common\Skyrim\USyuh\Downloadsyuh\Better Stealing 1_0-75296-1-0.zip
[06:49:07.3230233] [DebugWrite] [INSTALL] Better Vampire Fangs and Eyes
[06:49:07.3230233] [ExtractAll] Extracting: C:\Games\Steam\steamapps\common\Skyrim\USyuh\Downloadsyuh\Better Vampire Fangs and Eyes-38829-1-0.zip
[06:49:08.2979043] [DebugWrite] [INSTALL] Book Covers Skyrim - Lost Library
[06:49:08.2979043] [ExtractAll] Extracting: C:\Games\Steam\steamapps\common\Skyrim\USyuh\Downloadsyuh\Book Covers Skyrim - Lost Library - DESATURATED-57120-1-7.7z
[06:49:19.1486639] [DebugWrite] [INSTALL] Book Covers Skyrim
[06:49:19.1486639] [ExtractAll] Extracting: C:\Games\Steam\steamapps\common\Skyrim\USyuh\Downloadsyuh\Book Covers Skyrim 3_6 LEGENDARY - Desaturated-35399-3-6.7z
[06:49:44.7100307] [DebugWrite] [INSTALL] BreezehomeTNF - Hearthfire
[06:49:44.7100307] [ExtractAll] Extracting: C:\Games\Steam\steamapps\common\Skyrim\USyuh\Downloadsyuh\BHTNFver2-8-31222-2-8.rar
[06:49:44.7320498] [DebugWrite] [INSTALL] Brigandage
[06:49:44.7320498] [ExtractAll] Extracting: C:\Games\Steam\steamapps\common\Skyrim\USyuh\Downloadsyuh\Brigandage v.4-32706-4.7z
[06:49:51.6536961] [DebugWrite] [INSTALL] Brows
[06:49:51.6536961] [ExtractAll] Extracting: C:\Games\Steam\steamapps\common\Skyrim\USyuh\Downloadsyuh\Standard Resolution-30411-v3-1.rar
[06:49:52.5554935] [DebugWrite] [INSTALL] Bug fixes
[06:49:52.5554935] [ExtractAll] Extracting: C:\Games\Steam\steamapps\common\Skyrim\USyuh\Downloadsyuh\Bug Fixes v1-76747-1.zip
[06:49:52.6005340] [DebugWrite] [INSTALL] Campfire
[06:49:52.6005340] [ExtractAll] Extracting: C:\Games\Steam\steamapps\common\Skyrim\USyuh\Downloadsyuh\Campfire 1.11-64798-1-11.zip
[06:49:52.9748648] [DebugWrite] [INSTALL] Carriage and Ferry Travel Overhaul - Covered Carriages Addon
[06:49:52.9748648] [ExtractAll] Extracting: C:\Games\Steam\steamapps\common\Skyrim\USyuh\Downloadsyuh\CFTO - Covered Carriages add-on-68221-.7z
[06:49:52.9918800] [DebugWrite] [INSTALL] Carriage and Ferry Travel Overhaul
[06:49:52.9918800] [ExtractAll] Extracting: C:\Games\Steam\steamapps\common\Skyrim\USyuh\Downloadsyuh\Carriage and Ferry Travel Overhaul-68221-2-0.7z
[06:49:54.9587156] [DebugWrite] [INSTALL] Cidhna Mine Expanded (Deluxe)
[06:49:54.9587156] [ExtractAll] Extracting: C:\Games\Steam\steamapps\common\Skyrim\USyuh\Downloadsyuh\Cidhna Mine Expanded - Deluxe Version-59277-1-2.7z
[06:49:55.6575123] [DebugWrite] [INSTALL] Cloaks of Skyrim
[06:49:55.6595142] [ExtractAll] Extracting: C:\Games\Steam\steamapps\common\Skyrim\USyuh\Downloadsyuh\Cloaks of Skyrim 1-2 -12092-1-2.rar
[06:50:01.0968893] [DebugWrite] [INSTALL] Clothing and Clutter Fixes 2.0
[06:50:01.0968893] [ExtractAll] Extracting: C:\Games\Steam\steamapps\common\Skyrim\USyuh\Downloadsyuh\Clothing and Clutter Fixes-43053-2-0.zip
[06:50:06.9861733] [DebugWrite] [INSTALL] ClothingCraft - Darker Flax
[06:50:06.9861733] [ExtractAll] Extracting: C:\Games\Steam\steamapps\common\Skyrim\USyuh\Downloadsyuh\ClothingCraft - Darker Flax-67176-1-0.7z
[06:50:07.0351995] [DebugWrite] [INSTALL] ClothingCraft
[06:50:07.0351995] [ExtractAll] Extracting: C:\Games\Steam\steamapps\common\Skyrim\USyuh\Downloadsyuh\ClothingCraft v1.11 for Immersive Armors-67176-1-11.7z
[06:50:08.9640045] [DebugWrite] [INSTALL] Cobb Positioner 2.3.2
[06:50:08.9640045] [ExtractAll] Extracting: C:\Games\Steam\steamapps\common\Skyrim\USyuh\Downloadsyuh\Cobb Positioner-74768-2-3-2-1548901538.rar
[06:50:09.0600898] [DebugWrite] [INSTALL] College of Winterhold Entry Requirements
[06:50:09.0600898] [ExtractAll] Extracting: C:\Games\Steam\steamapps\common\Skyrim\USyuh\Downloadsyuh\College of Winterhold Entry Requirements 2.4-38448-2-4.zip
[06:50:09.1751915] [DebugWrite] [INSTALL] Combat Evolved
[06:50:09.1761926] [ExtractAll] Extracting: C:\Games\Steam\steamapps\common\Skyrim\USyuh\Downloadsyuh\Combat Evolved - Modular-56147-2-4b.7z
[06:50:09.2012147] [DebugWrite] [INSTALL] Complete Crafting Overhaul Remade
[06:50:09.2012147] [ExtractAll] Extracting: C:\Games\Steam\steamapps\common\Skyrim\USyuh\Downloadsyuh\Complete Crafting Overhaul Remade-49791-1-7.7z
[06:50:11.3050983] [DebugWrite] [INSTALL] ConsoleUtil
[06:50:11.3050983] [ExtractAll] Extracting: C:\Games\Steam\steamapps\common\Skyrim\USyuh\Downloadsyuh\ConsoleUtil v3-66257-3.zip
[06:50:11.3541415] [DebugWrite] [INSTALL] Content Addon Reqtified - Complete
[06:50:11.3541415] [ExtractAll] Extracting: C:\Games\Steam\steamapps\common\Skyrim\USyuh\Downloadsyuh\CAR - Content Addon Reqtified-72562-1-0b2.7z
[06:50:11.3741597] [DebugWrite] [INSTALL] Covered Carriages (SMIM Version)
[06:50:11.3741597] [ExtractAll] Extracting: C:\Games\Steam\steamapps\common\Skyrim\USyuh\Downloadsyuh\Covered Carriages - SMIM Version-37084-v2-5.7z
[06:50:11.4552311] [DebugWrite] [INSTALL] Craft-able Bottled Water for Requiem
[06:50:11.4552311] [ExtractAll] Extracting: C:\Games\Steam\steamapps\common\Skyrim\USyuh\Downloadsyuh\Requiem - Craft-able Bottled Water-90452-1-0-0-0.rar
[06:50:11.4902620] [DebugWrite] [INSTALL] Craftable Hearthfire Planters
[06:50:11.4902620] [ExtractAll] Extracting: C:\Games\Steam\steamapps\common\Skyrim\USyuh\Downloadsyuh\Craftable planters 1.1-73449-1-1.7z
[06:50:11.5913514] [DebugWrite] [INSTALL] Craftable Horse Barding
[06:50:11.5913514] [ExtractAll] Extracting: C:\Games\Steam\steamapps\common\Skyrim\USyuh\Downloadsyuh\Craftable Horse Barding-64069-3-4.7z
[06:50:14.8572407] [DebugWrite] [INSTALL] Crafting Overhaul Reqtified 2.1b3
[06:50:14.8572407] [ExtractAll] Extracting: C:\Games\Steam\steamapps\common\Skyrim\USyuh\Downloadsyuh\COR - Crafting Overhaul Reqtified-61569-2-1b3.7z
[06:50:14.9363104] [DebugWrite] [INSTALL] Crash Fixes v12 - Beta
[06:50:14.9363104] [ExtractAll] Extracting: C:\Games\Steam\steamapps\common\Skyrim\USyuh\Downloadsyuh\Crash Fixes v12 - Beta 4-72725-12.zip
[06:50:15.0023694] [DebugWrite] [INSTALL] Customizable Camera 2.11
[06:50:15.0023694] [ExtractAll] Extracting: C:\Games\Steam\steamapps\common\Skyrim\USyuh\Downloadsyuh\Customizable Camera 2.11-37347-2-11.zip
[06:50:15.1084630] [DebugWrite] [INSTALL] Cutting Room Floor 2.0.9
[06:50:15.1084630] [ExtractAll] Extracting: C:\Games\Steam\steamapps\common\Skyrim\USyuh\Downloadsyuh\Cutting Room Floor-47327-2-0-9-1557701310.7z
[06:50:15.5106948] [DebugWrite] [INSTALL] Dark Brotherhood Reborn - Dawnstar Sanctuary
[06:50:15.5106948] [ExtractAll] Extracting: C:\Games\Steam\steamapps\common\Skyrim\USyuh\Downloadsyuh\Dark Brotherhood Reborn - Dawnstar Sanctuary-20700-1-0-7.zip
[06:50:17.3330892] [DebugWrite] [INSTALL] Dawn of Skyrim (Original Collection) - 1.3 Update
[06:50:17.3330892] [ExtractAll] Extracting: C:\Games\Steam\steamapps\common\Skyrim\USyuh\Downloadsyuh\Upgrade to 1.3-58275-1-3.zip
[06:50:17.4031512] [DebugWrite] [INSTALL] Dawn of Skyrim (Original Collection)
[06:50:17.4031512] [ExtractAll] Extracting: C:\Games\Steam\steamapps\common\Skyrim\USyuh\Downloadsyuh\Dawn of Skyrim Collection 1.2-58275-1-2.zip
[06:50:18.9053683] [DebugWrite] [INSTALL] Dawnguard Rewritten - Arvak
[06:50:18.9053683] [ExtractAll] Extracting: C:\Games\Steam\steamapps\common\Skyrim\USyuh\Downloadsyuh\Dawnguard Rewritten - Arvak-24019-1-1-1.7z
[06:50:20.7019577] [DebugWrite] [INSTALL] Dead Body Collision Fix
[06:50:20.7019577] [ExtractAll] Extracting: C:\Games\Steam\steamapps\common\Skyrim\USyuh\Downloadsyuh\With Improved Fireball Spell-30947-v2-4.rar
[06:50:20.7369876] [DebugWrite] [INSTALL] Detailed Rugs 1.5
[06:50:20.7369876] [ExtractAll] Extracting: C:\Games\Steam\steamapps\common\Skyrim\USyuh\Downloadsyuh\Detailed Rugs v1-5-29608-1-5.rar
[06:50:22.1852691] [DebugWrite] [INSTALL] Disabled Ranged and Magic KillCams
[06:50:22.1852691] [ExtractAll] Extracting: C:\Games\Steam\steamapps\common\Skyrim\USyuh\Downloadsyuh\Disable Ranged KillCams-18938-1-1.7z
[06:50:22.2022839] [DebugWrite] [INSTALL] Display Enemy Level
[06:50:22.2022839] [ExtractAll] Extracting: C:\Games\Steam\steamapps\common\Skyrim\USyuh\Downloadsyuh\DisplayEnemyLevel 1.3.1-90041-1-3-1-1556604377.7z
[06:50:22.2743478] [DebugWrite] [INSTALL] Dragon Masks Retextured
[06:50:22.2743478] [ExtractAll] Extracting: C:\Games\Steam\steamapps\common\Skyrim\USyuh\Downloadsyuh\Main File -54805-V2.7z
[06:50:29.8829295] [DebugWrite] [INSTALL] Dragon Priest Mask Journal
[06:50:29.8829295] [ExtractAll] Extracting: C:\Games\Steam\steamapps\common\Skyrim\USyuh\Downloadsyuh\DragonPriestMaskJournal1-0-14042-1-0.zip
[06:50:29.9089551] [DebugWrite] [INSTALL] Dragon Stalking Fix
[06:50:29.9089551] [ExtractAll] Extracting: C:\Games\Steam\steamapps\common\Skyrim\USyuh\Downloadsyuh\Dragon Stalking Fix-54274-1-2.7z
[06:50:30.0250550] [DebugWrite] [INSTALL] Dual Wield Parrying Reimplementation
[06:50:30.0250550] [ExtractAll] Extracting: C:\Games\Steam\steamapps\common\Skyrim\USyuh\Downloadsyuh\Dual_wield_parrying_re_1.9-52979-1-9.zip
[06:50:30.0791031] [DebugWrite] [INSTALL] Dust Effects
[06:50:30.0791031] [ExtractAll] Extracting: C:\Games\Steam\steamapps\common\Skyrim\USyuh\Downloadsyuh\Dust Effects v2.0-44201-2-0.7z
[06:50:30.1141338] [DebugWrite] [INSTALL] DVA Dynamic Vampire Appearance
[06:50:30.1151355] [ExtractAll] Extracting: C:\Games\Steam\steamapps\common\Skyrim\USyuh\Downloadsyuh\DVA Dynamic Vampire Appearance-41634-1-1.zip
[06:50:31.6845232] [DebugWrite] [INSTALL] Dynamic Immersive Seriously Dark Dungeons 2.91
[06:50:31.6845232] [ExtractAll] Extracting: C:\Games\Steam\steamapps\common\Skyrim\USyuh\Downloadsyuh\Dungeon Darkness v2.9.1-72594-2-9-1-1555210932.7z
[06:50:33.0225501] [DebugWrite] [INSTALL] Dynamic Things - Enhanced
[06:50:33.0225501] [ExtractAll] Extracting: C:\Games\Steam\steamapps\common\Skyrim\USyuh\Downloadsyuh\Dynamic Things - Enhanced v1.7-54116-1-7.7z
[06:50:33.3228157] [DebugWrite] [INSTALL] Dynamic Things
[06:50:33.3228157] [ExtractAll] Extracting: C:\Games\Steam\steamapps\common\Skyrim\USyuh\Downloadsyuh\Dynamic Things-32448-1-40.rar
[06:50:33.4078908] [DebugWrite] [INSTALL] Easy Wheelmenu
[06:50:33.4078908] [ExtractAll] Extracting: C:\Games\Steam\steamapps\common\Skyrim\USyuh\Downloadsyuh\Easy Wheel Menu-69878-4-2.7z
[06:50:33.4339139] [DebugWrite] [INSTALL] Enchantment Reload Fix
[06:50:33.4339139] [ExtractAll] Extracting: C:\Games\Steam\steamapps\common\Skyrim\USyuh\Downloadsyuh\Enchantment Reload Fix-52717-1-2.7z
[06:50:33.4739501] [DebugWrite] [INSTALL] Enhanced Camera
[06:50:33.4739501] [ExtractAll] Extracting: C:\Games\Steam\steamapps\common\Skyrim\USyuh\Downloadsyuh\Enhanced Camera 1.4-57859-1-4.zip
[06:50:33.5229928] [DebugWrite] [INSTALL] Enhanced Skyrim Factions - The Companions Guild
[06:50:33.5229928] [ExtractAll] Extracting: C:\Games\Steam\steamapps\common\Skyrim\USyuh\Downloadsyuh\ESFCompanions FULL VERSION-22650-0-3-8.7z
[06:50:34.0587750] [DebugWrite] [INSTALL] Even Better Quest Objectives 1.7
[06:50:34.0587750] [ExtractAll] Extracting: C:\Games\Steam\steamapps\common\Skyrim\USyuh\Downloadsyuh\Even Better Quest Objectives v1.7-32695-1-7-1544641942.7z
[06:50:34.3247792] [DebugWrite] [INSTALL] Exchange currency
[06:50:34.3247792] [ExtractAll] Extracting: C:\Games\Steam\steamapps\common\Skyrim\USyuh\Downloadsyuh\Exchange currency-67504-3-01.zip
[06:50:34.6167806] [DebugWrite] [INSTALL] Expanded Towns and Cities Complete 14.3.1
[06:50:34.6167806] [ExtractAll] Extracting: C:\Games\Steam\steamapps\common\Skyrim\USyuh\Downloadsyuh\00. ETaC Old v14.3.1 Complete-13608-14-3-1.7z
[06:50:48.1894861] [DebugWrite] [INSTALL] Faction Crossbows
[06:50:48.1894861] [ExtractAll] Extracting: C:\Games\Steam\steamapps\common\Skyrim\USyuh\Downloadsyuh\A. Faction Crossbows 2K-58704-1-03.7z
[06:50:52.2349370] [DebugWrite] [INSTALL] Fences of Skyrim
[06:50:52.2349370] [ExtractAll] Extracting: C:\Games\Steam\steamapps\common\Skyrim\USyuh\Downloadsyuh\Fences of Skyrim-58980-2-0.zip
[06:50:52.3029970] [DebugWrite] [INSTALL] FileAccess Interface for Skyrim Script - FISS
[06:50:52.3029970] [ExtractAll] Extracting: C:\Games\Steam\steamapps\common\Skyrim\USyuh\Downloadsyuh\FileAccess Interface for Skyrim Scripts - FISS-48265-1-21.7z
[06:50:52.4020862] [DebugWrite] [INSTALL] Fishing In Skyrim
[06:50:52.4020862] [ExtractAll] Extracting: C:\Games\Steam\steamapps\common\Skyrim\USyuh\Downloadsyuh\Fishing In Skyrim-16139-1-00.7z
[06:50:52.9165404] [DebugWrite] [INSTALL] FNIS PCEA2 - Player Exclusive Animations (dynamic)
[06:50:52.9175409] [ExtractAll] Extracting: C:\Games\Steam\steamapps\common\Skyrim\USyuh\Downloadsyuh\FNIS PCEA2 1.3-71055-1-3.7z
[06:50:55.8441303] [DebugWrite] [INSTALL] Follower Potions 2.00.02
[06:50:55.8441303] [ExtractAll] Extracting: C:\Games\Steam\steamapps\common\Skyrim\USyuh\Downloadsyuh\Follower Potions-78982-2-00-02.7z
[06:50:56.0463093] [DebugWrite] [INSTALL] Follower Trap Safety
[06:50:56.0463093] [ExtractAll] Extracting: C:\Games\Steam\steamapps\common\Skyrim\USyuh\Downloadsyuh\Follower Trap Safety v1_3-11609-1-3.zip
[06:50:56.0753362] [DebugWrite] [INSTALL] Footprints
[06:50:56.0753362] [ExtractAll] Extracting: C:\Games\Steam\steamapps\common\Skyrim\USyuh\Downloadsyuh\Footprints v1_00 - Legendary-22745-1-00.7z
[06:50:56.7494145] [DebugWrite] [INSTALL] Fores New Idles in Skyrim 7.4.5
[06:50:56.7494145] [ExtractAll] Extracting: C:\Games\Steam\steamapps\common\Skyrim\USyuh\Downloadsyuh\FNIS Behavior 7_4_5-11811-7-4-5.7z
[06:50:58.2598581] [DebugWrite] [INSTALL] Frostfall 3.4 Release
[06:50:58.2598581] [ExtractAll] Extracting: C:\Games\Steam\steamapps\common\Skyrim\USyuh\Downloadsyuh\Frostfall 3.4.1 Release-11163-3-4-1.zip
[06:50:58.5881484] [DebugWrite] [INSTALL] Fuz Ro Doh 6.1
[06:50:58.5881484] [ExtractAll] Extracting: C:\Games\Steam\steamapps\common\Skyrim\USyuh\Downloadsyuh\Fuz Ro Doh 61-14884-6-1.7z
[06:50:58.7107310] [DebugWrite] [INSTALL] Gemling Queen Jewelry
[06:50:58.7107310] [ExtractAll] Extracting: C:\Games\Steam\steamapps\common\Skyrim\USyuh\Downloadsyuh\Gemling Queen Jewelry - All In One Installer v4-1c-52266-4-1c.7z
[06:51:00.6320561] [DebugWrite] [INSTALL] GIST - Genuinely Intelligent Soul Trap
[06:51:00.6320561] [ExtractAll] Extracting: C:\Games\Steam\steamapps\common\Skyrim\USyuh\Downloadsyuh\GIST Soul Trap-89971-1-2.zip
[06:51:00.6821007] [DebugWrite] [INSTALL] Google's Locked City Gates
[06:51:00.6821007] [ExtractAll] Extracting: C:\Games\Steam\steamapps\common\Skyrim\USyuh\Downloadsyuh\Google's Locked City Gates-86539-1-0-1.7z
[06:51:00.7091249] [DebugWrite] [INSTALL] Grass on Steroids Regular - Vanilla
[06:51:00.7091249] [ExtractAll] Extracting: C:\Games\Steam\steamapps\common\Skyrim\USyuh\Downloadsyuh\GrassOnSteroids Regular Vanilla-33582-1-3a.zip
[06:51:00.7251384] [DebugWrite] [INSTALL] Grimy Plugin
[06:51:00.7251384] [ExtractAll] Extracting: C:\Games\Steam\steamapps\common\Skyrim\USyuh\Downloadsyuh\Grimy Plugin-69341-1-14.rar
[06:51:00.8002061] [DebugWrite] [INSTALL] Guard Dialogue Overhaul
[06:51:00.8002061] [ExtractAll] Extracting: C:\Games\Steam\steamapps\common\Skyrim\USyuh\Downloadsyuh\Guard Dialogue Overhaul-23390-1-4.7z
[06:51:00.9103026] [DebugWrite] [INSTALL] Guess the Distance - Perceptive Scouting
[06:51:00.9103026] [ExtractAll] Extracting: C:\Games\Steam\steamapps\common\Skyrim\USyuh\Downloadsyuh\Guess the Distance v1_1_3b-30816-1-1-3b.rar
[06:51:01.0324101] [DebugWrite] [INSTALL] HD Enhanced Terrain
[06:51:01.0324101] [ExtractAll] Extracting: C:\Games\Steam\steamapps\common\Skyrim\USyuh\Downloadsyuh\HD Enhanced Terrain PRO - Blended Version-29782-PRO.rar
[06:51:01.1134822] [DebugWrite] [INSTALL] HD Stone Quarry and Clay Deposit for Hearthfire
[06:51:01.1134822] [ExtractAll] Extracting: C:\Games\Steam\steamapps\common\Skyrim\USyuh\Downloadsyuh\HD Stone Quarry and Clay Deposit 2K-38479-1-0.7z
[06:51:02.1463962] [DebugWrite] [INSTALL] Heart of the Beast - Werewolf Sound and Texture Overhaul
[06:51:02.1463962] [ExtractAll] Extracting: C:\Games\Steam\steamapps\common\Skyrim\USyuh\Downloadsyuh\Alpha werewolf sounds - Lower volume-13779-1-8.rar
[06:51:02.5607625] [DebugWrite] [INSTALL] Hearthfire Extended (Legendary)
[06:51:02.5607625] [ExtractAll] Extracting: C:\Games\Steam\steamapps\common\Skyrim\USyuh\Downloadsyuh\Hearthfire Extended - All DLCs (Legendary Edition)-66783-1-0-3.7z
[06:51:03.5015949] [DebugWrite] [INSTALL] Heavy Armory - aMidianBorn Skyforge Patch
[06:51:03.5015949] [ExtractAll] Extracting: C:\Games\Steam\steamapps\common\Skyrim\USyuh\Downloadsyuh\Heavy Armory - aMidianBorn Skyforge Patch-21120-3-3.7z
[06:51:03.5746594] [DebugWrite] [INSTALL] Heavy Armory
[06:51:03.5746594] [ExtractAll] Extracting: C:\Games\Steam\steamapps\common\Skyrim\USyuh\Downloadsyuh\Heavy Armory V3.3-21120-3-3.7z
[06:51:04.2182285] [DebugWrite] [INSTALL] Heljarchen Farm
[06:51:04.2182285] [ExtractAll] Extracting: C:\Games\Steam\steamapps\common\Skyrim\USyuh\Downloadsyuh\Heljarchen Farm - BSA-50992-1-47.zip
[06:51:04.7664008] [DebugWrite] [INSTALL] Hidden Hideouts of Skyrim - DLC
[06:51:04.7664008] [ExtractAll] Extracting: C:\Games\Steam\steamapps\common\Skyrim\USyuh\Downloadsyuh\Hidden Hideouts of Skyrim - DLC-49723-3-1a.7z
[06:51:04.7984291] [DebugWrite] [INSTALL] Hidden Hideouts of Skyrim
[06:51:04.7984291] [ExtractAll] Extracting: C:\Games\Steam\steamapps\common\Skyrim\USyuh\Downloadsyuh\Hidden Hideouts of Skyrim - Merged-49723-3-1.7z
[06:51:04.8965160] [DebugWrite] [INSTALL] High Quality LODs Hi-Res
[06:51:04.8965160] [ExtractAll] Extracting: C:\Games\Steam\steamapps\common\Skyrim\USyuh\Downloadsyuh\HQLODs - Meshes Hi-Res-4834.7z
[06:51:12.7124688] [DebugWrite] [INSTALL] Hjerim TNF - Hearthfire
[06:51:12.7124688] [ExtractAll] Extracting: C:\Games\Steam\steamapps\common\Skyrim\USyuh\Downloadsyuh\HjerimTNF 0-3-44807-0-3.rar
[06:51:12.7995459] [DebugWrite] [INSTALL] Hold Border Banners
[06:51:12.7995459] [ExtractAll] Extracting: C:\Games\Steam\steamapps\common\Skyrim\USyuh\Downloadsyuh\Hold Border Banners-43493-1-0.rar
[06:51:12.8335760] [DebugWrite] [INSTALL] Holidays
[06:51:12.8335760] [ExtractAll] Extracting: C:\Games\Steam\steamapps\common\Skyrim\USyuh\Downloadsyuh\Holidays v2_0-64820-2-0.7z
[06:51:14.2680664] [DebugWrite] [INSTALL] Honed Metal 1.091
[06:51:14.2680664] [ExtractAll] Extracting: C:\Games\Steam\steamapps\common\Skyrim\USyuh\Downloadsyuh\Honed Metal-51024-1-091.7z
[06:51:14.6120730] [DebugWrite] [INSTALL] Honeyside TNF - Hearthfire
[06:51:14.6120730] [ExtractAll] Extracting: C:\Games\Steam\steamapps\common\Skyrim\USyuh\Downloadsyuh\HSTNF 1-6-33888-1-6.rar
[06:51:14.6310899] [DebugWrite] [INSTALL] Horses Revamped - Animations
[06:51:14.6310899] [ExtractAll] Extracting: C:\Games\Steam\steamapps\common\Skyrim\USyuh\Downloadsyuh\Horses Revamped - Animations-70640-1-0.7z
[06:51:14.7161651] [DebugWrite] [INSTALL] House of Horrors Alternate Ending
[06:51:14.7161651] [ExtractAll] Extracting: C:\Games\Steam\steamapps\common\Skyrim\USyuh\Downloadsyuh\HouseOfHorrorsAlternateEnding-21700-1-00.zip
[06:51:14.7371837] [DebugWrite] [INSTALL] Hunterborn 1.6
[06:51:14.7371837] [ExtractAll] Extracting: C:\Games\Steam\steamapps\common\Skyrim\USyuh\Downloadsyuh\Hunterborn-33201-1-6-1540444495.7z
[06:51:19.3642769] [DebugWrite] [INSTALL] Hunterborn SkyTEST Patch
[06:51:19.3642769] [ExtractAll] Extracting: C:\Games\Steam\steamapps\common\Skyrim\USyuh\Downloadsyuh\Hunterborn SkyTEST Patch v1.5-68822-1-5.7z
[06:51:19.4533572] [DebugWrite] [INSTALL] Hunters Not Bandits 3.1
[06:51:19.4533572] [ExtractAll] Extracting: C:\Games\Steam\steamapps\common\Skyrim\USyuh\Downloadsyuh\Hunters Not Bandits for RDO-79258-3-1.7z
[06:51:19.4753755] [DebugWrite] [INSTALL] iEquip 1.1
[06:51:19.4753755] [ExtractAll] Extracting: C:\Games\Steam\steamapps\common\Skyrim\USyuh\Downloadsyuh\iEquip_LE-97177-1-1-1564120712.7z
[06:51:20.4987526] [DebugWrite] [INSTALL] Immersive Armors
[06:51:20.4987526] [ExtractAll] Extracting: C:\Games\Steam\steamapps\common\Skyrim\USyuh\Downloadsyuh\Immersive Armors v8-19733-8.7z
[06:52:13.3542206] [DebugWrite] [INSTALL] Immersive Children 5.0
[06:52:13.3542206] [ExtractAll] Extracting: C:\Games\Steam\steamapps\common\Skyrim\USyuh\Downloadsyuh\Immersive Children 5.0 FOMOD Installer (4th Revision)-83554-5-0.7z
[06:52:13.4983484] [DebugWrite] [INSTALL] Immersive College of Winterhold 5.3
[06:52:13.4983484] [ExtractAll] Extracting: C:\Games\Steam\steamapps\common\Skyrim\USyuh\Downloadsyuh\Immersive College of Winterhold-36849-V5-3-1547415537.7z
[06:52:23.2923500] [DebugWrite] [INSTALL] Immersive Compass - iCompass
[06:52:23.2923500] [ExtractAll] Extracting: C:\Games\Steam\steamapps\common\Skyrim\USyuh\Downloadsyuh\iCompass - Immersive Compass-56992-1-0.rar
[06:52:23.3083640] [DebugWrite] [INSTALL] Immersive Horses 2K Horse Textures
[06:52:23.3083640] [ExtractAll] Extracting: C:\Games\Steam\steamapps\common\Skyrim\USyuh\Downloadsyuh\Immersive Horses 2K Horse Textures-64067-1-0.7z
[06:52:26.2397085] [DebugWrite] [INSTALL] Immersive Horses
[06:52:26.2397085] [ExtractAll] Extracting: C:\Games\Steam\steamapps\common\Skyrim\USyuh\Downloadsyuh\Immersive Horses-64067-2-5.7z
[06:52:27.5318517] [DebugWrite] [INSTALL] Immersive HUD - iHUD
[06:52:27.5318517] [ExtractAll] Extracting: C:\Games\Steam\steamapps\common\Skyrim\USyuh\Downloadsyuh\Immersive HUD - iHUD-3222-3-0-03.rar
[06:52:27.5548718] [DebugWrite] [INSTALL] Immersive Patrols 2.2.2
[06:52:27.5548718] [ExtractAll] Extracting: C:\Games\Steam\steamapps\common\Skyrim\USyuh\Downloadsyuh\Immersive Patrols-12977-2-2-2-1556497169.7z
[06:52:28.4746852] [DebugWrite] [INSTALL] Immersive Sounds - Compendium
[06:52:28.4756865] [ExtractAll] Extracting: C:\Games\Steam\steamapps\common\Skyrim\USyuh\Downloadsyuh\Immersive Sounds Compendium 2.0.2-54387-2-0-2.zip
[06:52:43.2928753] [DebugWrite] [INSTALL] Imperial Mail - Post and Banking Service
[06:52:43.2928753] [ExtractAll] Extracting: C:\Games\Steam\steamapps\common\Skyrim\USyuh\Downloadsyuh\Imperial Mail-63247-2-1-1.7z
[06:52:44.0055057] [DebugWrite] [INSTALL] Improved Arjestin Font Replacement
[06:52:44.0055057] [ExtractAll] Extracting: C:\Games\Steam\steamapps\common\Skyrim\USyuh\Downloadsyuh\Improved Arjestin Font Replacement-72179-1-00.rar
[06:52:44.0985882] [DebugWrite] [INSTALL] Improved closefaced helmets
[06:52:44.0985882] [ExtractAll] Extracting: C:\Games\Steam\steamapps\common\Skyrim\USyuh\Downloadsyuh\Improved Closefaced Helmets (Legendary Edition)-15927-1-57.zip
[06:52:45.2850997] [DebugWrite] [INSTALL] Inconsequential NPCs
[06:52:45.2850997] [ExtractAll] Extracting: C:\Games\Steam\steamapps\common\Skyrim\USyuh\Downloadsyuh\Inconsequential NPCs 1 dot 9e-36334-1-9e.rar
[06:52:46.6373877] [DebugWrite] [INSTALL] Indistinguishable Vanilla Tree Billboards High Res
[06:52:46.6373877] [ExtractAll] Extracting: C:\Games\Steam\steamapps\common\Skyrim\USyuh\Downloadsyuh\Vanilla Skyrim and Dragonborn billboards High Res 1024-75269-1-4.7z
[06:52:47.4219216] [DebugWrite] [INSTALL] iNeed - Food, Water and Sleep
[06:52:47.4219216] [ExtractAll] Extracting: C:\Games\Steam\steamapps\common\Skyrim\USyuh\Downloadsyuh\iNeed v1_602-51473-1-602.7z
[06:52:47.6220982] [DebugWrite] [INSTALL] Interior and Dungeon Fog Remover
[06:52:47.6230993] [ExtractAll] Extracting: C:\Games\Steam\steamapps\common\Skyrim\USyuh\Downloadsyuh\Fog Mesh Remover-736.zip
[06:52:47.8492991] [DebugWrite] [INSTALL] iWASM - Immersive Wait And Sleep Menu
[06:52:47.8492991] [ExtractAll] Extracting: C:\Games\Steam\steamapps\common\Skyrim\USyuh\Downloadsyuh\iWASM V 1-51087-1-0.rar
[06:52:47.8703186] [DebugWrite] [INSTALL] JaySuS Swords V13C to V13D Update
[06:52:47.8703186] [ExtractAll] Extracting: C:\Games\Steam\steamapps\common\Skyrim\USyuh\Downloadsyuh\JaySuS Swords V13C to V13D Update-1002-13D.rar
[06:52:48.2656678] [DebugWrite] [INSTALL] JaySuS Swords
[06:52:48.2656678] [ExtractAll] Extracting: C:\Games\Steam\steamapps\common\Skyrim\USyuh\Downloadsyuh\JaySuS Swords V13C-1002-13C.rar
[06:52:51.6506617] [DebugWrite] [INSTALL] JContainers
[06:52:51.6506617] [ExtractAll] Extracting: C:\Games\Steam\steamapps\common\Skyrim\USyuh\Downloadsyuh\JContainers-49743-3-3-0-RC-3.zip
[06:52:52.2231688] [DebugWrite] [INSTALL] JS Dragon Claws
[06:52:52.2231688] [ExtractAll] Extracting: C:\Games\Steam\steamapps\common\Skyrim\USyuh\Downloadsyuh\2k Textures-75377-1-1.rar
[06:52:56.1266209] [DebugWrite] [INSTALL] Kryptopyr's Fixes Reqtified 2.1b5
[06:52:56.1266209] [ExtractAll] Extracting: C:\Games\Steam\steamapps\common\Skyrim\USyuh\Downloadsyuh\KFR - Kryptopyr's Fixes Reqtified-61520-2-1b5.7z
[06:52:56.5906591] [DebugWrite] [INSTALL] LeanWolf's Better-Shaped Weapons - All in One Installer
[06:52:56.5906591] [ExtractAll] Extracting: C:\Games\Steam\steamapps\common\Skyrim\USyuh\Downloadsyuh\LeanWolfs Better-Shaped Weapons v2.0.09-39870-2-0-09.7z
[06:52:58.5115134] [DebugWrite] [INSTALL] Less Annoying Merchants
[06:52:58.5115134] [ExtractAll] Extracting: C:\Games\Steam\steamapps\common\Skyrim\USyuh\Downloadsyuh\Less Annoying Merchants v1-58487-1-0.7z
[06:52:59.0219687] [DebugWrite] [INSTALL] Less Intrusive HUD II - FISS Patch
[06:52:59.0219687] [ExtractAll] Extracting: C:\Games\Steam\steamapps\common\Skyrim\USyuh\Downloadsyuh\Less Intrusive HUD II - FISS Patch -towatot-35154-1.rar
[06:52:59.0469906] [DebugWrite] [INSTALL] Less Intrusive HUD II
[06:52:59.0469906] [ExtractAll] Extracting: C:\Games\Steam\steamapps\common\Skyrim\USyuh\Downloadsyuh\Less Intrusive Hud - Main files-35154-1-1.rar
[06:52:59.0738252] [DebugWrite] [INSTALL] Loot and Degradation
[06:52:59.0738252] [ExtractAll] Extracting: C:\Games\Steam\steamapps\common\Skyrim\USyuh\Downloadsyuh\Loot and Degradation v1_31-55677-1-31.7z
[06:52:59.2256442] [DebugWrite] [INSTALL] Lore-Based Loading Screens
[06:52:59.2256442] [ExtractAll] Extracting: C:\Games\Steam\steamapps\common\Skyrim\USyuh\Downloadsyuh\Lore-Based Loading Screens 1.2-21265-1-2.zip
[06:52:59.2526681] [DebugWrite] [INSTALL] Memory Blocks Log
[06:52:59.2526681] [ExtractAll] Extracting: C:\Games\Steam\steamapps\common\Skyrim\USyuh\Downloadsyuh\MemoryBlockLog-50471-1-2.zip
[06:52:59.2987084] [DebugWrite] [INSTALL] Mfg Console
[06:52:59.2987084] [ExtractAll] Extracting: C:\Games\Steam\steamapps\common\Skyrim\USyuh\Downloadsyuh\MfgConsole-44596-1-1.zip
[06:52:59.3695936] [DebugWrite] [INSTALL] Mining Makes Noise - CCO Version
[06:52:59.3695936] [ExtractAll] Extracting: C:\Games\Steam\steamapps\common\Skyrim\USyuh\Downloadsyuh\Mining Makes Noise_CCO Version-31799-2-1.zip
[06:52:59.3926137] [DebugWrite] [INSTALL] Missives 2.03
[06:52:59.3926137] [ExtractAll] Extracting: C:\Games\Steam\steamapps\common\Skyrim\USyuh\Downloadsyuh\Missives 2.03-85815-2-03-1562184950.rar
[06:52:59.6206274] [DebugWrite] [INSTALL] Moonlight Tales - Werewolf and Werebear Essentials
[06:52:59.6206274] [ExtractAll] Extracting: C:\Games\Steam\steamapps\common\Skyrim\USyuh\Downloadsyuh\Moonlight Tales - Essentials - Version 2_51-59463-2-51.7z
[06:53:15.3436813] [DebugWrite] [INSTALL] moreHUD Inventory Edition
[06:53:15.3436813] [ExtractAll] Extracting: C:\Games\Steam\steamapps\common\Skyrim\USyuh\Downloadsyuh\moreHUD Inventory Edition-93378-1-0-5-1556056485.7z
[06:53:15.4197487] [DebugWrite] [INSTALL] moreHUD
[06:53:15.4197487] [ExtractAll] Extracting: C:\Games\Steam\steamapps\common\Skyrim\USyuh\Downloadsyuh\AHZmoreHUD_v2_1_3-51956-2-1-3.7z
[06:53:15.4767993] [DebugWrite] [INSTALL] Mortal Enemies (Requiem - No Movement)
[06:53:15.4767993] [ExtractAll] Extracting: C:\Games\Steam\steamapps\common\Skyrim\USyuh\Downloadsyuh\Mortal Enemies v1.4 - Requiem - No Movement Tweaks Version-73921-1-4.rar
[06:53:15.4948156] [DebugWrite] [INSTALL] Nether's Follower Framework 2.4.1
[06:53:15.4948156] [ExtractAll] Extracting: C:\Games\Steam\steamapps\common\Skyrim\USyuh\Downloadsyuh\Nether's Follower Framework LE (FOMOD Installer)-92194-2-4-1-1569058356.zip
[06:53:18.9368313] [DebugWrite] [INSTALL] Nightingale Hall Restored - Karliah as a Follower
[06:53:18.9368313] [ExtractAll] Extracting: C:\Games\Steam\steamapps\common\Skyrim\USyuh\Downloadsyuh\Nightingale Hall-13632-3-0.zip
[06:53:19.6260770] [DebugWrite] [INSTALL] No Combat Music
[06:53:19.6260770] [ExtractAll] Extracting: C:\Games\Steam\steamapps\common\Skyrim\USyuh\Downloadsyuh\No Combat Music V1_2-4548-1-2.7z
[06:53:19.6450937] [DebugWrite] [INSTALL] No Snow Under The Roof
[06:53:19.6450937] [ExtractAll] Extracting: C:\Games\Steam\steamapps\common\Skyrim\USyuh\Downloadsyuh\No Snow Under the Roof and 3D snow 2_3-51188-2-3.7z
[06:53:20.9992917] [DebugWrite] [INSTALL] NVAC - New Vegas Anti Crash
[06:53:20.9992917] [ExtractAll] Extracting: C:\Games\Steam\steamapps\common\Skyrim\USyuh\Downloadsyuh\NVAC - New Vegas Anti Crash-53635-7-5-1-0.zip
[06:53:21.0293182] [DebugWrite] [INSTALL] OneTweak
[06:53:21.0293182] [ExtractAll] Extracting: C:\Games\Steam\steamapps\common\Skyrim\USyuh\Downloadsyuh\OneTweak-40706-2-1-0-2.7z
[06:53:21.0903720] [DebugWrite] [INSTALL] Osmodius Solitude Texture Pack (Med)
[06:53:21.0903720] [ExtractAll] Extracting: C:\Games\Steam\steamapps\common\Skyrim\USyuh\Downloadsyuh\OSTP Medium-53879-1-0.rar
[06:53:22.1423028] [DebugWrite] [INSTALL] Osmodius Solitude Texture Pack - Alternate Wall
[06:53:22.1423028] [ExtractAll] Extracting: C:\Games\Steam\steamapps\common\Skyrim\USyuh\Downloadsyuh\Alternate Wall-53879-1-0.rar
[06:53:22.5416566] [DebugWrite] [INSTALL] Osmodius Windhelm Texture Pack - Alternate Ground
[06:53:22.5416566] [ExtractAll] Extracting: C:\Games\Steam\steamapps\common\Skyrim\USyuh\Downloadsyuh\Alternate Ground Texture-54322-1-0.rar
[06:53:22.7858716] [DebugWrite] [INSTALL] Osmodius Windhelm Texture Pack
[06:53:22.7858716] [ExtractAll] Extracting: C:\Games\Steam\steamapps\common\Skyrim\USyuh\Downloadsyuh\OWTP Regular-54322-1-0.rar
[06:53:25.6704655] [DebugWrite] [INSTALL] Paper World Map (Texture 2)
[06:53:25.6704655] [ExtractAll] Extracting: C:\Games\Steam\steamapps\common\Skyrim\USyuh\Downloadsyuh\Texture 2-25501-.7z
[06:53:26.9024332] [DebugWrite] [INSTALL] Paper World Map - Dawnguard
[06:53:26.9024332] [ExtractAll] Extracting: C:\Games\Steam\steamapps\common\Skyrim\USyuh\Downloadsyuh\Dawnguard Addon-25501-.7z
[06:53:26.9184511] [DebugWrite] [INSTALL] Paper World Map Addons 1.2.2
[06:53:26.9184511] [ExtractAll] Extracting: C:\Games\Steam\steamapps\common\Skyrim\USyuh\Downloadsyuh\Paper World Map Addons-84734-1-2-2.rar
[06:53:27.6661792] [DebugWrite] [INSTALL] PapyrusUtil - Modders Scripting Utility Functions
[06:53:27.6661792] [ExtractAll] Extracting: C:\Games\Steam\steamapps\common\Skyrim\USyuh\Downloadsyuh\PapyrusUtil - Scripting Utility Functions-58705-3-3.zip
[06:53:27.8043011] [DebugWrite] [INSTALL] People are Strangers
[06:53:27.8043011] [ExtractAll] Extracting: C:\Games\Steam\steamapps\common\Skyrim\USyuh\Downloadsyuh\People are Strangers-56744-1-0.7z
[06:53:27.8253199] [DebugWrite] [INSTALL] Perseid's Inns and Taverns - Enhanced
[06:53:27.8253199] [ExtractAll] Extracting: C:\Games\Steam\steamapps\common\Skyrim\USyuh\Downloadsyuh\RealisticRoomRental-Enhanced-25029-1-8-3.7z
[06:53:28.1646201] [DebugWrite] [INSTALL] Point The Way 1.0.9
[06:53:28.1646201] [ExtractAll] Extracting: C:\Games\Steam\steamapps\common\Skyrim\USyuh\Downloadsyuh\Point The Way-33393-1-0-9-1557702217.7z
[06:53:28.3207580] [DebugWrite] [INSTALL] Pumping Iron - Dynamic Muscle Growth
[06:53:28.3207580] [ExtractAll] Extracting: C:\Games\Steam\steamapps\common\Skyrim\USyuh\Downloadsyuh\Pumping Iron - Dynamic Muscle Growth v1_0_1-29476-1-0-1.rar
[06:53:28.3447793] [DebugWrite] [INSTALL] RaceCompatibility with fixes 1.107
[06:53:28.3447793] [ExtractAll] Extracting: C:\Games\Steam\steamapps\common\Skyrim\USyuh\Downloadsyuh\RaceCompatibility All-in-One NMM installer-24168-1-107.7z
[06:53:28.6530517] [DebugWrite] [INSTALL] RaceMenu
[06:53:28.6530517] [ExtractAll] Extracting: C:\Games\Steam\steamapps\common\Skyrim\USyuh\Downloadsyuh\RaceMenu v3-4-5-29624-3-4-5.7z
[06:53:29.2295620] [DebugWrite] [INSTALL] Real Bows
[06:53:29.2295620] [ExtractAll] Extracting: C:\Games\Steam\steamapps\common\Skyrim\USyuh\Downloadsyuh\Real Bows 1.05-64440-1-05.7z
[06:53:32.4098849] [DebugWrite] [INSTALL] Real Roads for Skyrim (Dawnguard and Dragonborn)
[06:53:32.4098849] [ExtractAll] Extracting: C:\Games\Steam\steamapps\common\Skyrim\USyuh\Downloadsyuh\Real Roads for Skyrim (Dawnguard and Dragonborn)-55518-1-01.zip
[06:53:32.4260960] [DebugWrite] [INSTALL] Real Roads for Skyrim
[06:53:32.4260960] [ExtractAll] Extracting: C:\Games\Steam\steamapps\common\Skyrim\USyuh\Downloadsyuh\Real Roads for Skyrim (BSA)-55518-1-01.zip
[06:53:32.7701675] [DebugWrite] [INSTALL] Realistic Conversations
[06:53:32.7701675] [ExtractAll] Extracting: C:\Games\Steam\steamapps\common\Skyrim\USyuh\Downloadsyuh\Realistic Conversations - longer pause between sentences-80355-2-1.7z
[06:53:32.7851801] [DebugWrite] [INSTALL] Realistic Humanoid Movement Speed
[06:53:32.7851801] [ExtractAll] Extracting: C:\Games\Steam\steamapps\common\Skyrim\USyuh\Downloadsyuh\Realistic Humanoid Movement Speed 1_03-32229-1-03.rar
[06:53:32.8011946] [DebugWrite] [INSTALL] Realistic Lighting Overhaul (Interiors Only) 5.0.3
[06:53:32.8011946] [ExtractAll] Extracting: C:\Games\Steam\steamapps\common\Skyrim\USyuh\Downloadsyuh\Realistic Lighting Overhaul v5.0.3 - All-In-One Installer-30450-5-0-3.zip
[06:53:32.8562436] [DebugWrite] [INSTALL] Realistic Ragdolls and Force
[06:53:32.8562436] [ExtractAll] Extracting: C:\Games\Steam\steamapps\common\Skyrim\USyuh\Downloadsyuh\Realistic Force-601-1-9.rar
[06:53:33.0004100] [DebugWrite] [INSTALL] Realistic Torches
[06:53:33.0004100] [ExtractAll] Extracting: C:\Games\Steam\steamapps\common\Skyrim\USyuh\Downloadsyuh\Realistic Torches-77924-1-0.zip
[06:53:33.0735175] [DebugWrite] [INSTALL] Realistic Trading Stocks of Skyrim (with DnD Spellcasting Service)
[06:53:33.0735175] [ExtractAll] Extracting: C:\Games\Steam\steamapps\common\Skyrim\USyuh\Downloadsyuh\Realistic Trading Stocks of Skyrim (with DnD Spellcasting Service)-77680-1-0-1545584906.7z
[06:53:34.2438555] [DebugWrite] [INSTALL] Realistic Water Two - ENB Textures
[06:53:34.2438555] [ExtractAll] Extracting: C:\Games\Steam\steamapps\common\Skyrim\USyuh\Downloadsyuh\Realistic Water Two - ENB Textures-41076-1-11.7z
[06:53:37.9281903] [DebugWrite] [INSTALL] Realistic Water Two
[06:53:37.9281903] [ExtractAll] Extracting: C:\Games\Steam\steamapps\common\Skyrim\USyuh\Downloadsyuh\Realistic Water Two v1_11-41076-1-11.7z
[06:53:41.0072853] [DebugWrite] [INSTALL] Realistic wolf howls
[06:53:41.0072853] [ExtractAll] Extracting: C:\Games\Steam\steamapps\common\Skyrim\USyuh\Downloadsyuh\Realistic Wolf Howls Less barks-30636-1-4.rar
[06:53:41.2184724] [DebugWrite] [INSTALL] Reflection - Level Up Messages
[06:53:41.2184724] [ExtractAll] Extracting: C:\Games\Steam\steamapps\common\Skyrim\USyuh\Downloadsyuh\Reflection 1_1-25469-1-1.zip
[06:53:41.2444953] [DebugWrite] [INSTALL] Relationship Dialogue Overhaul 2.0
[06:53:41.2444953] [ExtractAll] Extracting: C:\Games\Steam\steamapps\common\Skyrim\USyuh\Downloadsyuh\Relationship Dialogue Overhaul - RDO v2.0i-74568-2-0.7z
[06:53:41.9579430] [DebugWrite] [INSTALL] Rent My House - A Landlord Mod
[06:53:41.9579430] [ExtractAll] Extracting: C:\Games\Steam\steamapps\common\Skyrim\USyuh\Downloadsyuh\Rent My House-75073-1-0-1.7z
[06:53:42.0064399] [DebugWrite] [INSTALL] Requiem - Dragonborn Patch 2.0.x
[06:53:42.0064399] [ExtractAll] Extracting: C:\Games\Steam\steamapps\common\Skyrim\USyuh\Downloadsyuh\Requiem - Dragonborn Patch-78139-2-2-1-1548429055.7z
[06:53:42.2206300] [DebugWrite] [INSTALL] Requiem - Minor Arcana Reborn
[06:53:42.2206300] [ExtractAll] Extracting: C:\Games\Steam\steamapps\common\Skyrim\USyuh\Downloadsyuh\Requiem - Minor Arcana Reborn 2.68-90983-2-68.7z
[06:53:44.6818071] [DebugWrite] [INSTALL] Requiem - Undeath Patch
[06:53:44.6818071] [ExtractAll] Extracting: C:\Games\Steam\steamapps\common\Skyrim\USyuh\Downloadsyuh\NRM Undeath - Requiem Patch-60508-1-0.zip
[06:53:44.7588755] [DebugWrite] [INSTALL] Requiem - Wyrmstooth Patch
[06:53:44.7588755] [ExtractAll] Extracting: C:\Games\Steam\steamapps\common\Skyrim\USyuh\Downloadsyuh\NRM Wyrmstooth - Requiem Patch-60508-1-0-3.zip
[06:53:44.7768912] [DebugWrite] [INSTALL] Requiem 3.0.2
[06:53:44.7778923] [ExtractAll] Extracting: C:\Games\Steam\steamapps\common\Skyrim\USyuh\Downloadsyuh\Requiem 3.0.2 - Consign To Oblivion Bugfix Pack 2-19281-3-0-2-1555097677.7z
[06:54:24.9451556] [DebugWrite] [INSTALL] Roadsigns Redone
[06:54:24.9451556] [ExtractAll] Extracting: C:\Games\Steam\steamapps\common\Skyrim\USyuh\Downloadsyuh\Roadsigns Redone-33603-1-1.7z
[06:54:25.4155716] [DebugWrite] [INSTALL] Ruins Clutter Improved 3.1
[06:54:25.4155716] [ExtractAll] Extracting: C:\Games\Steam\steamapps\common\Skyrim\USyuh\Downloadsyuh\Ruins_Clutter_Improved_NMM_v3-1-14227-3-1.rar
[06:54:32.0268492] [DebugWrite] [INSTALL] Rustic Clothing 3.0
[06:54:32.0268492] [ExtractAll] Extracting: C:\Games\Steam\steamapps\common\Skyrim\USyuh\Downloadsyuh\RUSTIC CLOTHING - COMPLETE - 2K-69784-3-0.7z
[06:55:07.5693727] [DebugWrite] [INSTALL] Safety Load
[06:55:07.5693727] [ExtractAll] Extracting: C:\Games\Steam\steamapps\common\Skyrim\USyuh\Downloadsyuh\SafetyLoad 1_2-46465-1-2.zip
[06:55:07.6154138] [DebugWrite] [INSTALL] Severin Manor Improvements
[06:55:07.6154138] [ExtractAll] Extracting: C:\Games\Steam\steamapps\common\Skyrim\USyuh\Downloadsyuh\Severin Manor improvements with New Items 1_7_7-31167-1-7-7.7z
[06:55:08.0937394] [DebugWrite] [INSTALL] SFO Billboards for v2.5b
[06:55:08.0937394] [ExtractAll] Extracting: C:\Games\Steam\steamapps\common\Skyrim\USyuh\Downloadsyuh\SFO Billboards for v2.5C-141-.7z
[06:55:08.9575442] [DebugWrite] [INSTALL] Simple Bedrolls and Supplies - for Campfire
[06:55:08.9575442] [ExtractAll] Extracting: C:\Games\Steam\steamapps\common\Skyrim\USyuh\Downloadsyuh\Simple Bedrolls and Supplies-74027-1-0.7z
[06:55:08.9895726] [DebugWrite] [INSTALL] Simple Taxes
[06:55:08.9895726] [ExtractAll] Extracting: C:\Games\Steam\steamapps\common\Skyrim\USyuh\Downloadsyuh\Simple Taxes 3.5-57239-3-5.7z
[06:55:09.0596346] [DebugWrite] [INSTALL] Simply Knock
[06:55:09.0596346] [ExtractAll] Extracting: C:\Games\Steam\steamapps\common\Skyrim\USyuh\Downloadsyuh\Simply Knock 1.0.8 Release-73236-1-0-8.zip
[06:55:09.1905095] [DebugWrite] [INSTALL] Skyrim Flora Overhaul
[06:55:09.1905095] [ExtractAll] Extracting: C:\Games\Steam\steamapps\common\Skyrim\USyuh\Downloadsyuh\Skyrim Flora Overhaul v2.5b-141-2-5b.7z
[06:55:22.3494865] [DebugWrite] [INSTALL] Skyrim Project Optimization
[06:55:22.3494865] [ExtractAll] Extracting: C:\Games\Steam\steamapps\common\Skyrim\USyuh\Downloadsyuh\Skyrim Project Optimization - No Homes - Full Version-32505-1-6.rar
[06:55:22.3795131] [DebugWrite] [INSTALL] Skyrim Sewers 4
[06:55:22.3795131] [ExtractAll] Extracting: C:\Games\Steam\steamapps\common\Skyrim\USyuh\Downloadsyuh\Skyrim Sewers 412 Main File-14351-4-12.rar
[06:55:22.9322044] [DebugWrite] [INSTALL] Skyrim Souls
[06:55:22.9322044] [ExtractAll] Extracting: C:\Games\Steam\steamapps\common\Skyrim\USyuh\Downloadsyuh\SkyrimSouls - Unpaused Game Menus-83379-V1-0-2-1.7z
[06:55:22.9992640] [DebugWrite] [INSTALL] SkyTEST - Realistic Animals and Predators 1.65
[06:55:22.9992640] [ExtractAll] Extracting: C:\Games\Steam\steamapps\common\Skyrim\USyuh\Downloadsyuh\SkyTEST - Realistic Animals and Predators v1_65-10175-1-65.7z
[06:55:24.5603372] [DebugWrite] [INSTALL] SkyUI
[06:55:24.5603372] [ExtractAll] Extracting: C:\Games\Steam\steamapps\common\Skyrim\USyuh\Downloadsyuh\SkyUI_5_1-3863-5-1.7z
[06:55:24.6223904] [DebugWrite] [INSTALL] Sleep Tight
[06:55:24.6233912] [ExtractAll] Extracting: C:\Games\Steam\steamapps\common\Skyrim\USyuh\Downloadsyuh\Sleep Tight v1_04-50954-1-04.7z
[06:55:24.6834445] [DebugWrite] [INSTALL] Sleep To Gain Experience
[06:55:24.6834445] [ExtractAll] Extracting: C:\Games\Steam\steamapps\common\Skyrim\USyuh\Downloadsyuh\Sleep To Gain Experience-73001-1-2.7z
[06:55:24.7485027] [DebugWrite] [INSTALL] Smart Cast
[06:55:24.7485027] [ExtractAll] Extracting: C:\Games\Steam\steamapps\common\Skyrim\USyuh\Downloadsyuh\Smart Cast-43123-1-0.7z
[06:55:24.8115583] [DebugWrite] [INSTALL] Smithing Perks Reqtified
[06:55:24.8115583] [ExtractAll] Extracting: C:\Games\Steam\steamapps\common\Skyrim\USyuh\Downloadsyuh\SPR - Smithing Perks Reqtified-69587-1-1-1.7z
[06:55:24.8275731] [DebugWrite] [INSTALL] SnowFall Weathers
[06:55:24.8275731] [ExtractAll] Extracting: C:\Games\Steam\steamapps\common\Skyrim\USyuh\Downloadsyuh\SnowFall Weathers 1.5-79335-1-5.7z
[06:55:29.1007727] [DebugWrite] [INSTALL] Sound Hammering Sounds
[06:55:29.1007727] [ExtractAll] Extracting: C:\Games\Steam\steamapps\common\Skyrim\USyuh\Downloadsyuh\Sound Hammering Sounds-80655-1-0.rar
[06:55:29.1187886] [DebugWrite] [INSTALL] Spell Research 2.1.2
[06:55:29.1187886] [ExtractAll] Extracting: C:\Games\Steam\steamapps\common\Skyrim\USyuh\Downloadsyuh\Spell Research 2.1.2-81214-2-1-2-1558666532.rar
[06:55:31.1022526] [DebugWrite] [INSTALL] Spellsword - Spell Casting with Weapons
[06:55:31.1022526] [ExtractAll] Extracting: C:\Games\Steam\steamapps\common\Skyrim\USyuh\Downloadsyuh\Spellsword V1.2.2-81600-1-2-2.7z
[06:55:31.3354357] [DebugWrite] [INSTALL] Static Mesh Improvement Mod 2.08
[06:55:31.3364529] [ExtractAll] Extracting: C:\Games\Steam\steamapps\common\Skyrim\USyuh\Downloadsyuh\SMIM 2-08-8655-2-08.7z
[06:56:35.1457908] [DebugWrite] [INSTALL] SV Mods Menu - Merged
[06:56:35.1457908] [ExtractAll] Extracting: C:\Games\Steam\steamapps\common\Skyrim\USyuh\Downloadsyuh\SV Mods Menu - Merged-86109-1-2-0.zip
[06:56:35.2418754] [DebugWrite] [INSTALL] Take Notes - Journal of the Dragonborn
[06:56:35.2418754] [ExtractAll] Extracting: C:\Games\Steam\steamapps\common\Skyrim\USyuh\Downloadsyuh\Take Notes - Journal of the Dragonborn-48375-1-52.7z
[06:56:35.4340457] [DebugWrite] [INSTALL] Tavern Games
[06:56:35.4340457] [ExtractAll] Extracting: C:\Games\Steam\steamapps\common\Skyrim\USyuh\Downloadsyuh\Tavern Games - Mini Games in Skyrim 1.4-68553-1-4.rar
[06:56:35.6482359] [DebugWrite] [INSTALL] TavernAIFix 1.1c
[06:56:35.6482359] [ExtractAll] Extracting: C:\Games\Steam\steamapps\common\Skyrim\USyuh\Downloadsyuh\TavernAIFix-76623-1-1c-1576937020.7z
[06:56:35.6692539] [DebugWrite] [INSTALL] The Choice is Yours
[06:56:35.6692539] [ExtractAll] Extracting: C:\Games\Steam\steamapps\common\Skyrim\USyuh\Downloadsyuh\The Choice is Yours-26359-2-0.zip
[06:56:36.8890413] [DebugWrite] [INSTALL] The Paarthurnax Dilemma 1.2.9
[06:56:36.8890413] [ExtractAll] Extracting: C:\Games\Steam\steamapps\common\Skyrim\USyuh\Downloadsyuh\The Paarthurnax Dilemma-18465-1-2-9-1557702554.7z
[06:56:36.9461095] [DebugWrite] [INSTALL] Thieves Guild Requirements
[06:56:36.9461095] [ExtractAll] Extracting: C:\Games\Steam\steamapps\common\Skyrim\USyuh\Downloadsyuh\Thieves Guild Requirements-14157-3-0.7z
[06:56:37.6441640] [DebugWrite] [INSTALL] Trade and Barter (Hearthfire)
[06:56:37.6441640] [ExtractAll] Extracting: C:\Games\Steam\steamapps\common\Skyrim\USyuh\Downloadsyuh\Trade And Barter - Hearthfire-34612-1-2.zip
[06:56:37.7022154] [DebugWrite] [INSTALL] Trade Routes
[06:56:37.7022154] [ExtractAll] Extracting: C:\Games\Steam\steamapps\common\Skyrim\USyuh\Downloadsyuh\Trade Routes v2-0-49369-2-0.7z
[06:56:38.1865066] [DebugWrite] [INSTALL] Train and Study
[06:56:38.1865066] [ExtractAll] Extracting: C:\Games\Steam\steamapps\common\Skyrim\USyuh\Downloadsyuh\Train and Study 1.0 - Legendary Version-83432-1-0.rar
[06:56:38.2345483] [DebugWrite] [INSTALL] Traps Make Noise 2.3
[06:56:38.2345483] [ExtractAll] Extracting: C:\Games\Steam\steamapps\common\Skyrim\USyuh\Downloadsyuh\Traps Make Noise (and are Dangerous)-31799-2-3.zip
[06:56:38.4497391] [DebugWrite] [INSTALL] True Storms - Thunder and Rain Redone v1.5
[06:56:38.4497391] [ExtractAll] Extracting: C:\Games\Steam\steamapps\common\Skyrim\USyuh\Downloadsyuh\True Storms - Thunder and Rain Redone-63478-1-5.rar
[06:56:40.5385868] [DebugWrite] [INSTALL] UIExtensions
[06:56:40.5385868] [ExtractAll] Extracting: C:\Games\Steam\steamapps\common\Skyrim\USyuh\Downloadsyuh\UIExtensions v1-2-0-57046-1-2-0.7z
[06:56:40.5706158] [DebugWrite] [INSTALL] Ultimate Skyrim 4.0.6 hf 2 (Keyboard)
[06:56:40.5706158] [ExtractAll] Extracting: C:\Games\Steam\steamapps\common\Skyrim\USyuh\Downloadsyuh\Ultimate Skyrim 4.0.6 hf 2 (Keyboard).rar
[06:56:45.6622529] [DebugWrite] [INSTALL] Undeath Immersive Lichdom V3.5
[06:56:45.6622529] [ExtractAll] Extracting: C:\Games\Steam\steamapps\common\Skyrim\USyuh\Downloadsyuh\Undeath Immersive Lichdom V3.5-60783-V3-5.7z
[06:56:46.3258400] [DebugWrite] [INSTALL] Undeath
[06:56:46.3258400] [ExtractAll] Extracting: C:\Games\Steam\steamapps\common\Skyrim\USyuh\Downloadsyuh\Skyrim - Undeath 1-3-40607-1-3.rar
[06:56:48.1304370] [DebugWrite] [INSTALL] Underwater Treasure
[06:56:48.1304370] [ExtractAll] Extracting: C:\Games\Steam\steamapps\common\Skyrim\USyuh\Downloadsyuh\Underwater Treasure v4-33994-4.rar
[06:56:48.1494538] [DebugWrite] [INSTALL] Unlimited Bookshelves
[06:56:48.1494538] [ExtractAll] Extracting: C:\Games\Steam\steamapps\common\Skyrim\USyuh\Downloadsyuh\Unlimited Bookshelves 2.2-10891-2-2.rar
[06:56:48.1894894] [DebugWrite] [INSTALL] Unmasked Faces - no green detailmaps for complexion and necks -
[06:56:48.1894894] [ExtractAll] Extracting: C:\Games\Steam\steamapps\common\Skyrim\USyuh\Downloadsyuh\Unmasked Faces-76607-1-1.7z
[06:56:48.3135989] [DebugWrite] [INSTALL] Unofficial Skyrim Legendary Edition Patch 3.0.15
[06:56:48.3135989] [ExtractAll] Extracting: C:\Games\Steam\steamapps\common\Skyrim\USyuh\Downloadsyuh\Unofficial Skyrim Legendary Edition Patch-71214-3-0-15-1569437811.7z
[06:56:58.7527904] [DebugWrite] [INSTALL] US 4.0.6hf2 DynDOLOD
[06:56:58.7537911] [ExtractAll] Extracting: C:\Games\Steam\steamapps\common\Skyrim\USyuh\Downloadsyuh\US 4.0.6hf2 DynDOLOD.rar
[06:57:50.7170654] [DebugWrite] [INSTALL] US 4.0.6hf2 Post-Install
[06:57:50.7170654] [ExtractAll] Extracting: C:\Games\Steam\steamapps\common\Skyrim\USyuh\Downloadsyuh\US 4.0.6hf2 Post-Install.rar
[06:57:54.2148267] [DebugWrite] [INSTALL] Vivid Landscapes - Dungeons and Ruins - SMIM Patch
[06:57:54.2148267] [ExtractAll] Extracting: C:\Games\Steam\steamapps\common\Skyrim\USyuh\Downloadsyuh\SMIM Compatibility patch-39874-2-0.7z
[06:57:55.2767661] [DebugWrite] [INSTALL] Vivid Landscapes - Dungeons and Ruins
[06:57:55.2777669] [ExtractAll] Extracting: C:\Games\Steam\steamapps\common\Skyrim\USyuh\Downloadsyuh\Vivid Landscapes - Dungeons and Ruins - for ENB - 2048-39874-2-6.7z
[06:58:09.8166540] [DebugWrite] [INSTALL] Vivid Landscapes - Rocking Stones and Mountains Parallax (brown)
[06:58:09.8176553] [ExtractAll] Extracting: C:\Games\Steam\steamapps\common\Skyrim\USyuh\Downloadsyuh\Rocking Stones Parallax for ENB - 2k BROWNISH-38004-5-2.7z
[06:58:11.3521054] [DebugWrite] [INSTALL] Vivid Landscapes - Rocking Stones and Mountains Parallax Update
[06:58:11.3521054] [ExtractAll] Extracting: C:\Games\Steam\steamapps\common\Skyrim\USyuh\Downloadsyuh\Rocking Stones Parallax for ENB - Update for all types-38004-5-3.7z
[06:58:11.6783940] [DebugWrite] [INSTALL] Vivid Weathers
[06:58:11.6783940] [ExtractAll] Extracting: C:\Games\Steam\steamapps\common\Skyrim\USyuh\Downloadsyuh\Vivid Weathers-73937-1-56.zip
[06:58:15.9161432] [DebugWrite] [INSTALL] Vlindrel Hall TNF - Hearthfire
[06:58:15.9161432] [ExtractAll] Extracting: C:\Games\Steam\steamapps\common\Skyrim\USyuh\Downloadsyuh\VHTNF1-5-35278-1-5.rar
[06:58:15.9361610] [DebugWrite] [INSTALL] Weapons and Armor Fixes Remade 5.3
[06:58:15.9361610] [ExtractAll] Extracting: C:\Games\Steam\steamapps\common\Skyrim\USyuh\Downloadsyuh\Weapons and Armor Fixes Remade-34093-5-3.zip
[06:58:16.3525295] [DebugWrite] [INSTALL] Wearable Lanterns
[06:58:16.3525295] [ExtractAll] Extracting: C:\Games\Steam\steamapps\common\Skyrim\USyuh\Downloadsyuh\Wearable Lanterns 4.0.2 Release-17416-4-0-2.zip
[06:58:16.4646289] [DebugWrite] [INSTALL] Werewolf Nighteye Toggle
[06:58:16.4646289] [ExtractAll] Extracting: C:\Games\Steam\steamapps\common\Skyrim\USyuh\Downloadsyuh\Werewolf Nighteye Toggle-37824-1-0.zip
[06:58:16.4866481] [DebugWrite] [INSTALL] Wet and Cold
[06:58:16.4866481] [ExtractAll] Extracting: C:\Games\Steam\steamapps\common\Skyrim\USyuh\Downloadsyuh\Wet and Cold v2_02-27563-.7z
[06:58:19.1014400] [DebugWrite] [INSTALL] Windhelm - Legendary Kings
[06:58:19.1014400] [ExtractAll] Extracting: C:\Games\Steam\steamapps\common\Skyrim\USyuh\Downloadsyuh\WindhelmLegendaryKings-54314-1-0.7z
[06:58:19.2735921] [DebugWrite] [INSTALL] Windhelm Bridge Overhaul - Minus Guard Area WITH Tents
[06:58:19.2735921] [ExtractAll] Extracting: C:\Games\Steam\steamapps\common\Skyrim\USyuh\Downloadsyuh\Windhelm Bridge Overhaul v2 - Minus Guard Area WITH Tent Roof-50243-2-0.rar
[06:58:19.5067985] [DebugWrite] [INSTALL] Windhelm Exterior Altered
[06:58:19.5067985] [ExtractAll] Extracting: C:\Games\Steam\steamapps\common\Skyrim\USyuh\Downloadsyuh\Windhelm Exterior Altered 2.0-50977-2-0.rar
[06:58:19.9732119] [DebugWrite] [INSTALL] Winter Is Coming - Cloaks
[06:58:19.9732119] [ExtractAll] Extracting: C:\Games\Steam\steamapps\common\Skyrim\USyuh\Downloadsyuh\WIC Cloaks NMM 2_4-13486-2-4.7z
[06:58:24.9809362] [DebugWrite] [INSTALL] Wiseman303's Critter Fixes
[06:58:24.9809362] [ExtractAll] Extracting: C:\Games\Steam\steamapps\common\Skyrim\USyuh\Downloadsyuh\WM Critter Fixes v1_06-54485-1-06.7z
[06:58:25.1477172] [DebugWrite] [INSTALL] Wiseman303's Flora Fixes SMIM Patch
[06:58:25.1477172] [ExtractAll] Extracting: C:\Games\Steam\steamapps\common\Skyrim\USyuh\Downloadsyuh\WM Flora Fixes SMIM Patch-70656-2-0.7z
[06:58:25.1927568] [DebugWrite] [INSTALL] Wiseman303's Flora Fixes
[06:58:25.1927568] [ExtractAll] Extracting: C:\Games\Steam\steamapps\common\Skyrim\USyuh\Downloadsyuh\WM Flora Fixes-70656-2-01.7z
[06:58:25.3949356] [DebugWrite] [INSTALL] Wonders of Weather
[06:58:25.3949356] [ExtractAll] Extracting: C:\Games\Steam\steamapps\common\Skyrim\USyuh\Downloadsyuh\Wonders of Weather v1_01-64941-1-01.7z
[06:58:25.7442449] [DebugWrite] [INSTALL] Wyrmstooth - Tweaks and Enhancements
[06:58:25.7442449] [ExtractAll] Extracting: C:\Games\Steam\steamapps\common\Skyrim\USyuh\Downloadsyuh\Wyrmstooth - Tweaks and Enhancements-69501-1-6.7z
[06:58:29.0138657] [DebugWrite] [INSTALL] Wyrmstooth 1.17B
[06:58:29.0138657] [ExtractAll] Extracting: C:\Games\Steam\steamapps\common\Skyrim\USyuh\Downloadsyuh\Wyrmstooth 1.17B.zip
[06:58:31.2908806] [DebugWrite] [INSTALL] XP32 Maximum Skeleton Extended 4.51
[06:58:31.2908806] [ExtractAll] Extracting: C:\Games\Steam\steamapps\common\Skyrim\USyuh\Downloadsyuh\XP32 Maximum Skeleton Extended-68000-4-51.7z
[06:58:32.6374973] [DebugWrite] _END
