[23:06:58.8287552] [DownloadFile] Download complete
[23:06:58.8726378] [QueueController] Detected new item to add to queue modname aMidianBorn Caves and Mines MD5 of 380f578b8c66f3192fa64b5c055af239
[23:06:58.8726378] [DownloadFile] Downloading file: aMidianBorn Caves and Mines 2k-39190-3.7z
[23:06:58.8726378] [GenerateModDownloadLinkAsync] GenerateModDownloadLink()
[23:07:24.0988505] [DownloadFile] Download complete
[23:07:24.3990586] [QueueController] Detected new item to add to queue modname aMidianBorn Landscape MD5 of ccbb166403d8b6009262c37cc1f79fdd
[23:07:24.3990586] [DownloadFile] Downloading file: amb landscape with terrain parallax 2k-37865-5.7z
[23:07:24.3990586] [GenerateModDownloadLinkAsync] GenerateModDownloadLink()
[23:08:27.2195087] [DownloadFile] Download complete
[23:08:27.4598662] [QueueController] Detected new item to add to queue modname aMidianBorn Solstheim Landscape MD5 of 1270ceac324f57ccde1deb39e8640432
[23:08:27.4598662] [DownloadFile] Downloading file: aMidianBorn Solstheim Land-50013-1.7z
[23:08:27.4598662] [GenerateModDownloadLinkAsync] GenerateModDownloadLink()
[23:08:41.7557486] [DownloadFile] Download complete
[23:08:41.8744314] [QueueController] Detected new item to add to queue modname ApachiiSkyHair MD5 of 8b50734884ed3caf914b3a9052feaa35
[23:08:41.8744314] [DownloadFile] Downloading file: ApachiiSkyHair_v_1_6_Full-10168-1-6-Full.7z
[23:08:41.8744314] [GenerateModDownloadLinkAsync] GenerateModDownloadLink()
[23:09:17.4382608] [DownloadFile] Download complete
[23:09:17.6058125] [QueueController] Detected new item to add to queue modname Art of the Catch MD5 of a38a43b159525d17affa9d0fc997c872
[23:09:17.6058125] [DownloadFile] Downloading file: Art of the Catch 1.0.1 Release-65613-1-0-1.zip
[23:09:17.6058125] [GenerateModDownloadLinkAsync] GenerateModDownloadLink()
[23:09:17.7953060] [DownloadFile] Download complete
[23:09:17.9060098] [QueueController] Detected new item to add to queue modname Ashes 0.02 MD5 of f711fb1d00fab23b4542224271e4a01a
[23:09:17.9060098] [DownloadFile] Downloading file: Ashes - A Simple and Configurable Death Mod-92743-0-02.7z
[23:09:17.9060098] [GenerateModDownloadLinkAsync] GenerateModDownloadLink()
[23:09:18.0147191] [DownloadFile] Download complete
[23:09:18.2062071] [QueueController] Detected new item to add to queue modname Atronach Crossing - Build Your Own Home DLC content pack MD5 of c986af01cca25ab40ad960b01a335c90
[23:09:18.2062071] [DownloadFile] Downloading file: Atronach Crossing Content Pack - Bethesda DLC-78990-Pk1v1-0-0.rar
[23:09:18.2062071] [GenerateModDownloadLinkAsync] GenerateModDownloadLink()
[23:09:19.4115004] [DownloadFile] Download complete
[23:09:19.7077084] [QueueController] Detected new item to add to queue modname Atronach Crossing 2.3.0 MD5 of 12d58daa19b47d94dc60037d8c13bac0
[23:09:19.7077084] [DownloadFile] Downloading file: Atronach Crossing-78990-2-3-0-1548899133.rar
[23:09:19.7077084] [GenerateModDownloadLinkAsync] GenerateModDownloadLink()
[23:09:24.4864760] [DownloadFile] Download complete
[23:09:24.5124068] [QueueController] Detected new item to add to queue modname Audio Overhaul for Skyrim 2 MD5 of 9347a10a698689a28c8700ede15a3430
[23:09:24.5124068] [DownloadFile] Downloading file: AOS 2.5.1 Full Install-43773-2-5-1.rar
[23:09:24.5124068] [GenerateModDownloadLinkAsync] GenerateModDownloadLink()
[23:10:04.3334145] [DownloadFile] Download complete
[23:10:04.4466168] [QueueController] Detected new item to add to queue modname AV Atronachs MD5 of 25f4e4bf03e1694f300f5b4f20d4ff4f
[23:10:04.4466168] [DownloadFile] Downloading file: Aeternus Atronachs-22420-2-0.zip
[23:10:04.4466168] [GenerateModDownloadLinkAsync] GenerateModDownloadLink()
[23:10:10.0536635] [DownloadFile] Download complete
[23:10:10.1514021] [QueueController] Detected new item to add to queue modname AV Bellyache MD5 of cba5880295031377588dece694c84c51
[23:10:10.1514021] [DownloadFile] Downloading file: Bellyaches Animals AV Package-21377-1-0.zip
[23:10:10.1514021] [GenerateModDownloadLinkAsync] GenerateModDownloadLink()
[23:10:56.8794295] [DownloadFile] Download complete
[23:10:56.9951202] [QueueController] Detected new item to add to queue modname AV Dog n Fox MD5 of 62dcfce65b6c03f13771f1f20bee3648
[23:10:56.9951202] [DownloadFile] Downloading file: Automatic Variants - GD Dogs and Foxes and Read Me-22727-1-1.zip
[23:10:56.9951202] [GenerateModDownloadLinkAsync] GenerateModDownloadLink()
[23:11:14.4995010] [DownloadFile] Download complete
[23:11:14.7124361] [QueueController] Detected new item to add to queue modname AV Draugr MD5 of 63a6e62cbbf5e6661dfcc8ee2e304a35
[23:11:14.7124361] [DownloadFile] Downloading file: StarX AV Package Draugr SDM-21542-1-02.7z
[23:11:14.7124361] [GenerateModDownloadLinkAsync] GenerateModDownloadLink()
[23:11:29.7877951] [DownloadFile] Download complete
[23:11:30.0251691] [QueueController] Detected new item to add to queue modname AV Dwemers MD5 of 6d82d4be1b148cc1c046cf1f0a0e9c23
[23:11:30.0251691] [DownloadFile] Downloading file: dwemer automatic variants-46207-1-1.7z
[23:11:30.0251691] [GenerateModDownloadLinkAsync] GenerateModDownloadLink()
[23:11:40.2798292] [DownloadFile] Download complete
[23:11:40.5351471] [QueueController] Detected new item to add to queue modname AV Falmer MD5 of 6a25de40b9a6e278f5ad8aec72e29424
[23:11:40.5351471] [DownloadFile] Downloading file: StarX AV Package Falmer SDM-21542-1-02.7z
[23:11:40.5351471] [GenerateModDownloadLinkAsync] GenerateModDownloadLink()
[23:11:43.2977688] [DownloadFile] Download complete
[23:11:43.5371287] [QueueController] Detected new item to add to queue modname AV Giant MD5 of a624c9e0515bd27c8dfb8b589aeceba2
[23:11:43.5371287] [DownloadFile] Downloading file: StarX AV Package Giant SDM-21542-1-02.7z
[23:11:43.5371287] [GenerateModDownloadLinkAsync] GenerateModDownloadLink()
[23:11:45.1857313] [DownloadFile] Download complete
[23:11:45.3383234] [QueueController] Detected new item to add to queue modname AV Hagraven MD5 of 8c54ddb293812913da693e08333a9b7a
[23:11:45.3383234] [DownloadFile] Downloading file: StarX AV Package Hagraven SDM-21542-1-02.7z
[23:11:45.3383234] [GenerateModDownloadLinkAsync] GenerateModDownloadLink()
[23:11:46.8418083] [DownloadFile] Download complete
[23:11:47.1400109] [QueueController] Detected new item to add to queue modname AV Huskies MD5 of db894a740cd55cd3475bc629983e6940
[23:11:47.1400109] [DownloadFile] Downloading file: Husky 2k Variants-63598-v1-0.7z
[23:11:47.1400109] [GenerateModDownloadLinkAsync] GenerateModDownloadLink()
[23:11:49.0718555] [DownloadFile] Download complete
[23:11:49.2423993] [QueueController] Detected new item to add to queue modname AV Insanity MD5 of 1ec7373157a9bc5ad79877e96de8ed04
[23:11:49.2423993] [DownloadFile] Downloading file: InsanitySorrow AV Package-21377-1-1.zip
[23:11:49.2423993] [GenerateModDownloadLinkAsync] GenerateModDownloadLink()
[23:12:03.5676891] [DownloadFile] Download complete
[23:12:03.6544570] [QueueController] Detected new item to add to queue modname AV Sounaipr MD5 of 541475c9ee5e12bbc93188ddb99ef434
[23:12:03.6544570] [DownloadFile] Downloading file: Sounaipr AV Package-21377-1-2.zip
[23:12:03.6544570] [GenerateModDownloadLinkAsync] GenerateModDownloadLink()
[23:12:23.5260003] [DownloadFile] Download complete
[23:12:23.7723504] [QueueController] Detected new item to add to queue modname AV Storm Atro MD5 of 57a0dcced5ba740c4374929b919cc5c3
[23:12:23.7723504] [DownloadFile] Downloading file: Storms - Hotfixed-53715-1-12.rar
[23:12:23.7723504] [GenerateModDownloadLinkAsync] GenerateModDownloadLink()
[23:12:24.6150970] [DownloadFile] Download complete
[23:12:24.6729428] [QueueController] Detected new item to add to queue modname AV Trolls MD5 of a02eb0dd32dd032215d593c607cea378
[23:12:24.6729428] [DownloadFile] Downloading file: StarX AV Package Trolls SDM-21542-1-0.7z
[23:12:24.6729428] [GenerateModDownloadLinkAsync] GenerateModDownloadLink()
[23:12:28.3765547] [DownloadFile] Download complete
[23:12:28.5760299] [QueueController] Detected new item to add to queue modname AV MD5 of ce605141a10e138468f9e72dc4c2ff0c
[23:12:28.5760299] [DownloadFile] Downloading file: Automatic Variants 2.0.1.3H-21377-2-0-1-3H.7z
[23:12:28.5760299] [GenerateModDownloadLinkAsync] GenerateModDownloadLink()
[23:12:30.8813703] [DownloadFile] Download complete
[23:12:30.9781205] [QueueController] Detected new item to add to queue modname Bandolier - Bags and Pouches MD5 of 5486403f7e38b65d115094348e989f8a
[23:12:30.9781205] [DownloadFile] Downloading file: Bandolier - Bags and Pouches v1dot2-16438-1-2.7z
[23:12:30.9781205] [GenerateModDownloadLinkAsync] GenerateModDownloadLink()
[23:12:32.6601393] [DownloadFile] Download complete
[23:12:32.7798192] [QueueController] Detected new item to add to queue modname Bandolier - Dawnguard MD5 of e2e3ee813cf4da8e4e64668699439477
[23:12:32.7798192] [DownloadFile] Downloading file: Bandolier - Dawnguard v1-22119-1-0.zip
[23:12:32.7798192] [GenerateModDownloadLinkAsync] GenerateModDownloadLink()
[23:12:33.1219153] [DownloadFile] Download complete
[23:12:33.3807285] [QueueController] Detected new item to add to queue modname Bard Instrumentals Only - Sing Upon Request MD5 of 38b4476c5e6bfd4e164173622d8d8cb1
[23:12:33.3807285] [DownloadFile] Downloading file: Bard Instrumentals Only - Sing Upon Request USKP-58555-1-0.rar
[23:12:33.3807285] [GenerateModDownloadLinkAsync] GenerateModDownloadLink()
[23:12:33.5911659] [DownloadFile] Download complete
[23:12:33.6809258] [QueueController] Detected new item to add to queue modname Bathing in Skyrim MD5 of 76bd040ffb6728798683e4df9b141673
[23:12:33.6809258] [DownloadFile] Downloading file: Bathing in Skyrim 1.11-60421-1-11.zip
[23:12:33.6809258] [GenerateModDownloadLinkAsync] GenerateModDownloadLink()
[23:12:37.9026868] [DownloadFile] Download complete
[23:12:38.1854352] [QueueController] Detected new item to add to queue modname Beards MD5 of 36eaa73a1074548d2bf5c7b3067c872e
[23:12:38.1854352] [DownloadFile] Downloading file: Beards - 1K Resolution-28363-v4-1.rar
[23:12:38.1854352] [GenerateModDownloadLinkAsync] GenerateModDownloadLink()
[23:12:39.3647873] [DownloadFile] Download complete
[23:12:39.3867285] [QueueController] Detected new item to add to queue modname Better Animal Footsteps MD5 of a34d4608f1a505a4653c40b30cc09acc
[23:12:39.3867285] [DownloadFile] Downloading file: Better Animal Footsteps 1.5-24805-1-5.7z
[23:12:39.3867285] [GenerateModDownloadLinkAsync] GenerateModDownloadLink()
[23:12:39.9457395] [DownloadFile] Download complete
[23:12:39.9876278] [QueueController] Detected new item to add to queue modname Better College Application MD5 of f71e06d23da77d3a536c112da721aa81
[23:12:39.9876278] [DownloadFile] Downloading file: College Application - Plugin Version-60061-2.7z
[23:12:39.9876278] [GenerateModDownloadLinkAsync] GenerateModDownloadLink()
[23:12:40.1182779] [DownloadFile] Download complete
[23:12:40.2878244] [QueueController] Detected new item to add to queue modname Better Dialogue Controls MD5 of 129f4128d42746317d5f8978e9d062b6
[23:12:40.2878244] [DownloadFile] Downloading file: Better Dialogue Controls v1_2-27371-1-2.zip
[23:12:40.2878244] [GenerateModDownloadLinkAsync] GenerateModDownloadLink()
[23:12:40.3945394] [DownloadFile] Download complete
[23:12:40.5880222] [QueueController] Detected new item to add to queue modname Better Docks MD5 of 734d7e6c2ab8619993c11c8825ab8a71
[23:12:40.5880222] [DownloadFile] Downloading file: Better Docks FOMOD Installer-14087-1-7.rar
[23:12:40.5880222] [GenerateModDownloadLinkAsync] GenerateModDownloadLink()
[23:12:42.8804175] [DownloadFile] Download complete
[23:12:42.9901241] [QueueController] Detected new item to add to queue modname Better Horse Pain Sounds MD5 of 79f86ece55402db8e33e08140dfabec8
[23:12:42.9901241] [DownloadFile] Downloading file: Better Horse Pain Sounds-12608-1.zip
[23:12:42.9901241] [GenerateModDownloadLinkAsync] GenerateModDownloadLink()
[23:12:43.1626629] [DownloadFile] Download complete
[23:12:43.2903213] [QueueController] Detected new item to add to queue modname Better MessageBox Controls MD5 of 5115644839800edd51228e658ed50394
[23:12:43.2903213] [DownloadFile] Downloading file: Better MessageBox Controls v1_2-28170-1-2.zip
[23:12:43.2903213] [GenerateModDownloadLinkAsync] GenerateModDownloadLink()
[23:12:43.4075128] [DownloadFile] Download complete
[23:12:43.5910220] [QueueController] Detected new item to add to queue modname Better Stealing MD5 of 2bcee3923e70bb78bc36fca5de98b620
[23:12:43.5910220] [DownloadFile] Downloading file: Better Stealing 1_0-75296-1-0.zip
[23:12:43.5910220] [GenerateModDownloadLinkAsync] GenerateModDownloadLink()
[23:12:43.7007289] [DownloadFile] Download complete
[23:12:43.8912193] [QueueController] Detected new item to add to queue modname Better Vampire Fangs and Eyes MD5 of 07d5c4efc2cf4c42203a110b239c8a40
[23:12:43.8912193] [DownloadFile] Downloading file: Better Vampire Fangs and Eyes-38829-1-0.zip
[23:12:43.8912193] [GenerateModDownloadLinkAsync] GenerateModDownloadLink()
[23:12:46.9635400] [DownloadFile] Download complete
[23:12:47.1954250] [QueueController] Detected new item to add to queue modname Book Covers Skyrim - Lost Library MD5 of 67b341b5b1b5344f6f2be782351a776a
[23:12:47.1954250] [DownloadFile] Downloading file: Book Covers Skyrim - Lost Library - DESATURATED-57120-1-7.7z
[23:12:47.1954250] [GenerateModDownloadLinkAsync] GenerateModDownloadLink()
[23:13:27.7190680] [DownloadFile] Download complete
[23:13:27.7380173] [QueueController] Detected new item to add to queue modname Book Covers Skyrim MD5 of 94a5a8a94ba85c446f9fb7719291394e
[23:13:27.7380173] [DownloadFile] Downloading file: Book Covers Skyrim 3_6 LEGENDARY - Desaturated-35399-3-6.7z
[23:13:27.7380173] [GenerateModDownloadLinkAsync] GenerateModDownloadLink()
[23:15:10.0835905] [DownloadFile] Download complete
[23:15:10.1499196] [QueueController] Detected new item to add to queue modname BreezehomeTNF - Hearthfire MD5 of 6048ad6d0af1a76bb9d16b3b2604d476
[23:15:10.1499196] [DownloadFile] Downloading file: BHTNFver2-8-31222-2-8.rar
[23:15:10.1499196] [GenerateModDownloadLinkAsync] GenerateModDownloadLink()
[23:15:10.3693327] [DownloadFile] Download complete
[23:15:10.4501165] [QueueController] Detected new item to add to queue modname Brigandage MD5 of 48649908e55e4fc3a82b29b8c9d228c7
[23:15:10.4501165] [DownloadFile] Downloading file: Brigandage v.4-32706-4.7z
[23:15:10.4501165] [GenerateModDownloadLinkAsync] GenerateModDownloadLink()
[23:15:30.2931715] [DownloadFile] Download complete
[23:15:30.5664405] [QueueController] Detected new item to add to queue modname Brows MD5 of a480e7e712e7f299d964e874b8b55871
[23:15:30.5664405] [DownloadFile] Downloading file: Standard Resolution-30411-v3-1.rar
[23:15:30.5664405] [GenerateModDownloadLinkAsync] GenerateModDownloadLink()
[23:15:31.6789702] [DownloadFile] Download complete
[23:15:31.7682362] [QueueController] Detected new item to add to queue modname Bug fixes MD5 of 87e29d0aab2692aafec1b4cc95f175b7
[23:15:31.7682362] [DownloadFile] Downloading file: Bug Fixes v1-76747-1.zip
[23:15:31.7682362] [GenerateModDownloadLinkAsync] GenerateModDownloadLink()
[23:15:31.9168391] [DownloadFile] Download complete
[23:15:32.0684335] [QueueController] Detected new item to add to queue modname Campfire MD5 of c383875198ef73200b55800d65d15f83
[23:15:32.0684335] [DownloadFile] Downloading file: Campfire 1.11-64798-1-11.zip
[23:15:32.0684335] [GenerateModDownloadLinkAsync] GenerateModDownloadLink()
[23:15:36.8926061] [DownloadFile] Download complete
[23:15:37.1728566] [QueueController] Detected new item to add to queue modname Carriage and Ferry Travel Overhaul - Covered Carriages Addon MD5 of c97f0e2b1774dbe047182b8944d0ffd2
[23:15:37.1728566] [DownloadFile] Downloading file: CFTO - Covered Carriages add-on-68221-.7z
[23:15:37.1728566] [GenerateModDownloadLinkAsync] GenerateModDownloadLink()
[23:15:37.2755820] [DownloadFile] Download complete
[23:15:37.4735574] [QueueController] Detected new item to add to queue modname Carriage and Ferry Travel Overhaul MD5 of 8ef19674642a2999fe74823ff4546c21
[23:15:37.4735574] [DownloadFile] Downloading file: Carriage and Ferry Travel Overhaul-68221-2-0.7z
[23:15:37.4735574] [GenerateModDownloadLinkAsync] GenerateModDownloadLink()
[23:15:38.3202933] [DownloadFile] Download complete
[23:15:38.3741494] [QueueController] Detected new item to add to queue modname Cidhna Mine Expanded (Deluxe) MD5 of 4a405e65d89a51380590dc8c3fc38c44
[23:15:38.3741494] [DownloadFile] Downloading file: Cidhna Mine Expanded - Deluxe Version-59277-1-2.7z
[23:15:38.3741494] [GenerateModDownloadLinkAsync] GenerateModDownloadLink()
[23:15:39.3864525] [DownloadFile] Download complete
[23:15:39.5749485] [QueueController] Detected new item to add to queue modname Cloaks of Skyrim MD5 of 79a918ee4cdd7a97b640c4f4dd9400ca
[23:15:39.5749485] [DownloadFile] Downloading file: Cloaks of Skyrim 1-2 -12092-1-2.rar
[23:15:39.5749485] [GenerateModDownloadLinkAsync] GenerateModDownloadLink()
[23:15:57.9989291] [DownloadFile] Download complete
[23:15:58.1934088] [QueueController] Detected new item to add to queue modname Clothing and Clutter Fixes 2.0 MD5 of 2461780852a3dce83a53fa39b1995996
[23:15:58.1934088] [DownloadFile] Downloading file: Clothing and Clutter Fixes-43053-2-0.zip
[23:15:58.1934088] [GenerateModDownloadLinkAsync] GenerateModDownloadLink()
[23:16:39.2136726] [DownloadFile] Download complete
[23:16:39.3323551] [QueueController] Detected new item to add to queue modname ClothingCraft - Darker Flax MD5 of 02ae198be5053394b46f476846167ff7
[23:16:39.3323551] [DownloadFile] Downloading file: ClothingCraft - Darker Flax-67176-1-0.7z
[23:16:39.3323551] [GenerateModDownloadLinkAsync] GenerateModDownloadLink()
[23:16:39.5068884] [DownloadFile] Download complete
[23:16:39.6325521] [QueueController] Detected new item to add to queue modname ClothingCraft MD5 of 3e9b03ec8c4d78da6518a78cc92c9b51
[23:16:39.6325521] [DownloadFile] Downloading file: ClothingCraft v1.11 for Immersive Armors-67176-1-11.7z
[23:16:39.6325521] [GenerateModDownloadLinkAsync] GenerateModDownloadLink()
[23:16:43.5261817] [DownloadFile] Download complete
[23:16:43.5371523] [QueueController] Detected new item to add to queue modname Cobb Positioner 2.3.2 MD5 of 8098f5f6992fcb5fc63fc18ab95c7580
[23:16:43.5371523] [DownloadFile] Downloading file: Cobb Positioner-74768-2-3-2-1548901538.rar
[23:16:43.5371523] [GenerateModDownloadLinkAsync] GenerateModDownloadLink()
[23:16:43.9794746] [DownloadFile] Download complete
[23:16:44.1380511] [QueueController] Detected new item to add to queue modname College of Winterhold Entry Requirements MD5 of ae7f08160f56f3e413bf00bb80eccfc5
[23:16:44.1380511] [DownloadFile] Downloading file: College of Winterhold Entry Requirements 2.4-38448-2-4.zip
[23:16:44.1380511] [GenerateModDownloadLinkAsync] GenerateModDownloadLink()
[23:16:44.2562429] [DownloadFile] Download complete
[23:16:44.4387558] [QueueController] Detected new item to add to queue modname Combat Evolved MD5 of 9139242548c44459484e6830cb64d7c0
[23:16:44.4387558] [DownloadFile] Downloading file: Combat Evolved - Modular-56147-2-4b.7z
[23:16:44.4387558] [GenerateModDownloadLinkAsync] GenerateModDownloadLink()
[23:16:44.5674076] [DownloadFile] Download complete
[23:16:44.7389489] [QueueController] Detected new item to add to queue modname Complete Crafting Overhaul Remade MD5 of 0fb2cc91d22fcf07fba70c385270793b
[23:16:44.7389489] [DownloadFile] Downloading file: Complete Crafting Overhaul Remade-49791-1-7.7z
[23:16:44.7389489] [GenerateModDownloadLinkAsync] GenerateModDownloadLink()
[23:16:45.3243834] [DownloadFile] Download complete
[23:16:45.3398474] [QueueController] Detected new item to add to queue modname ConsoleUtil MD5 of 1942acf7feda30bee2c5d3dcb399453c
[23:16:45.3398474] [DownloadFile] Downloading file: ConsoleUtil v3-66257-3.zip
[23:16:45.3398474] [GenerateModDownloadLinkAsync] GenerateModDownloadLink()
[23:16:45.4530506] [DownloadFile] Download complete
[23:16:45.6405491] [QueueController] Detected new item to add to queue modname Content Addon Reqtified - Complete MD5 of 06b20763d991f18e5e3ccce70a685d2f
[23:16:45.6405491] [DownloadFile] Downloading file: CAR - Content Addon Reqtified-72562-1-0b2.7z
[23:16:45.6405491] [GenerateModDownloadLinkAsync] GenerateModDownloadLink()
[23:16:45.7402830] [DownloadFile] Download complete
[23:16:45.9407464] [QueueController] Detected new item to add to queue modname Covered Carriages (SMIM Version) MD5 of c0f58b93a758e3d42e032cea05ba089c
[23:16:45.9407464] [DownloadFile] Downloading file: Covered Carriages - SMIM Version-37084-v2-5.7z
[23:16:45.9407464] [GenerateModDownloadLinkAsync] GenerateModDownloadLink()
[23:16:46.1442024] [DownloadFile] Download complete
[23:16:46.2409435] [QueueController] Detected new item to add to queue modname Craft-able Bottled Water for Requiem MD5 of e62c2c4e6466da7134f67b3675519034
[23:16:46.2409435] [DownloadFile] Downloading file: Requiem - Craft-able Bottled Water-90452-1-0-0-0.rar
[23:16:46.2409435] [GenerateModDownloadLinkAsync] GenerateModDownloadLink()
[23:16:46.3396797] [DownloadFile] Download complete
[23:16:46.5411408] [QueueController] Detected new item to add to queue modname Craftable Hearthfire Planters MD5 of 9074a55ec37c7c5cbfd1e00e40210305
[23:16:46.5411408] [DownloadFile] Downloading file: Craftable planters 1.1-73449-1-1.7z
[23:16:46.5411408] [GenerateModDownloadLinkAsync] GenerateModDownloadLink()
[23:16:46.6857541] [DownloadFile] Download complete
[23:16:46.8413380] [QueueController] Detected new item to add to queue modname Craftable Horse Barding MD5 of c78dbf05545a3b7fdccf0136412ac464
[23:16:46.8413380] [DownloadFile] Downloading file: Craftable Horse Barding-64069-3-4.7z
[23:16:46.8413380] [GenerateModDownloadLinkAsync] GenerateModDownloadLink()
[23:17:00.9757074] [DownloadFile] Download complete
[23:17:01.2569645] [QueueController] Detected new item to add to queue modname Crafting Overhaul Reqtified 2.1b3 MD5 of af2bbbffb7d21b3a1de667f5520da231
[23:17:01.2569645] [DownloadFile] Downloading file: COR - Crafting Overhaul Reqtified-61569-2-1b3.7z
[23:17:01.2569645] [GenerateModDownloadLinkAsync] GenerateModDownloadLink()
[23:17:01.6898071] [DownloadFile] Download complete
[23:17:01.8573591] [QueueController] Detected new item to add to queue modname Crash Fixes v12 - Beta MD5 of 447db45b6baade0d94dbff208fea0a8c
[23:17:01.8573591] [DownloadFile] Downloading file: Crash Fixes v12 - Beta 4-72725-12.zip
[23:17:01.8573591] [GenerateModDownloadLinkAsync] GenerateModDownloadLink()
[23:17:02.0667990] [DownloadFile] Download complete
[23:17:02.1575563] [QueueController] Detected new item to add to queue modname Customizable Camera 2.11 MD5 of 18efd1983206fd3d13227269e20f3b0f
[23:17:02.1575563] [DownloadFile] Downloading file: Customizable Camera 2.11-37347-2-11.zip
[23:17:02.1575563] [GenerateModDownloadLinkAsync] GenerateModDownloadLink()
[23:17:02.2692578] [DownloadFile] Download complete
[23:17:02.4582659] [QueueController] Detected new item to add to queue modname Cutting Room Floor 2.0.9 MD5 of 214d1603668333e537b39af63eaea9c5
[23:17:02.4582659] [DownloadFile] Downloading file: Cutting Room Floor-47327-2-0-9-1557701310.7z
[23:17:02.4582659] [GenerateModDownloadLinkAsync] GenerateModDownloadLink()
[23:17:04.8887960] [DownloadFile] Download complete
[23:17:05.1605742] [QueueController] Detected new item to add to queue modname Dark Brotherhood Reborn - Dawnstar Sanctuary MD5 of 35bfb42174f8c01c5715ffd44e0827e1
[23:17:05.1605742] [DownloadFile] Downloading file: Dark Brotherhood Reborn - Dawnstar Sanctuary-20700-1-0-7.zip
[23:17:05.1605742] [GenerateModDownloadLinkAsync] GenerateModDownloadLink()
[23:17:18.6865126] [DownloadFile] Download complete
[23:17:18.9752456] [QueueController] Detected new item to add to queue modname Dawn of Skyrim (Original Collection) - 1.3 Update MD5 of 3ee170ebd667622737331b2ada8f8ba9
[23:17:18.9752456] [DownloadFile] Downloading file: Upgrade to 1.3-58275-1-3.zip
[23:17:18.9752456] [GenerateModDownloadLinkAsync] GenerateModDownloadLink()
[23:17:19.1906787] [DownloadFile] Download complete
[23:17:19.2754518] [QueueController] Detected new item to add to queue modname Dawn of Skyrim (Original Collection) MD5 of c37a09421d67b92991f85f835c9f4721
[23:17:19.2754518] [DownloadFile] Downloading file: Dawn of Skyrim Collection 1.2-58275-1-2.zip
[23:17:19.2754518] [GenerateModDownloadLinkAsync] GenerateModDownloadLink()
[23:17:31.7312513] [DownloadFile] Download complete
[23:17:31.8868351] [QueueController] Detected new item to add to queue modname Dawnguard Rewritten - Arvak MD5 of ecfa2da0e4e2fd268a0c3debe25d2ead
[23:17:31.8868351] [DownloadFile] Downloading file: Dawnguard Rewritten - Arvak-24019-1-1-1.7z
[23:17:31.8868351] [GenerateModDownloadLinkAsync] GenerateModDownloadLink()
[23:17:43.6480511] [DownloadFile] Download complete
[23:17:43.8983817] [QueueController] Detected new item to add to queue modname Dead Body Collision Fix MD5 of f52e39d754a9d0f85c3f143cde13ccfd
[23:17:43.8983817] [DownloadFile] Downloading file: With Improved Fireball Spell-30947-v2-4.rar
[23:17:43.8983817] [GenerateModDownloadLinkAsync] GenerateModDownloadLink()
[23:17:44.0345225] [DownloadFile] Download complete
[23:17:44.1990824] [QueueController] Detected new item to add to queue modname Detailed Rugs 1.5 MD5 of c1e3b24ca6d1eb27c25665406b3ba3ab
[23:17:44.1990824] [DownloadFile] Downloading file: Detailed Rugs v1-5-29608-1-5.rar
[23:17:44.1990824] [GenerateModDownloadLinkAsync] GenerateModDownloadLink()
[23:18:00.4308404] [DownloadFile] Download complete
[23:18:00.7170745] [QueueController] Detected new item to add to queue modname Disabled Ranged and Magic KillCams MD5 of fbc346a2971a3a6ce21c837f58665c12
[23:18:00.7170745] [DownloadFile] Downloading file: Disable Ranged KillCams-18938-1-1.7z
[23:18:00.7170745] [GenerateModDownloadLinkAsync] GenerateModDownloadLink()
[23:18:00.8417413] [DownloadFile] Download complete
[23:18:01.0172717] [QueueController] Detected new item to add to queue modname Display Enemy Level MD5 of 031be469f289334920e223786dda0758
[23:18:01.0172717] [DownloadFile] Downloading file: DisplayEnemyLevel 1.3.1-90041-1-3-1-1556604377.7z
[23:18:01.0172717] [GenerateModDownloadLinkAsync] GenerateModDownloadLink()
[23:18:01.1803405] [DownloadFile] Download complete
[23:18:01.3179722] [QueueController] Detected new item to add to queue modname Dragon Masks Retextured MD5 of 906a548b4d2a2ec24516cf5779307a9e
[23:18:01.3179722] [DownloadFile] Downloading file: Main File -54805-V2.7z
[23:18:01.3179722] [GenerateModDownloadLinkAsync] GenerateModDownloadLink()
[23:19:01.9635858] [DownloadFile] Download complete
[23:19:01.9765513] [QueueController] Detected new item to add to queue modname Dragon Priest Mask Journal MD5 of cc1b300f96c8a383d73d82f8bf1edf8e
[23:19:01.9765513] [DownloadFile] Downloading file: DragonPriestMaskJournal1-0-14042-1-0.zip
[23:19:01.9765513] [GenerateModDownloadLinkAsync] GenerateModDownloadLink()
[23:19:02.1391163] [DownloadFile] Download complete
[23:19:02.2767483] [QueueController] Detected new item to add to queue modname Dragon Stalking Fix MD5 of 9953a70ecd0b6c9d845a28e4dc260348
[23:19:02.2767483] [DownloadFile] Downloading file: Dragon Stalking Fix-54274-1-2.7z
[23:19:02.2767483] [GenerateModDownloadLinkAsync] GenerateModDownloadLink()
[23:19:03.0980692] [DownloadFile] Download complete
[23:19:03.1778557] [QueueController] Detected new item to add to queue modname Dual Wield Parrying Reimplementation MD5 of 63a356e4818f68043ad97e3c5b5de438
[23:19:03.1778557] [DownloadFile] Downloading file: Dual_wield_parrying_re_1.9-52979-1-9.zip
[23:19:03.1778557] [GenerateModDownloadLinkAsync] GenerateModDownloadLink()
[23:19:03.2745970] [DownloadFile] Download complete
[23:19:03.4780531] [QueueController] Detected new item to add to queue modname Dust Effects MD5 of 430c8c6b8b0bb862086723e991251c61
[23:19:03.4780531] [DownloadFile] Downloading file: Dust Effects v2.0-44201-2-0.7z
[23:19:03.4780531] [GenerateModDownloadLinkAsync] GenerateModDownloadLink()
[23:19:03.7996976] [DownloadFile] Download complete
[23:19:04.0789510] [QueueController] Detected new item to add to queue modname DVA Dynamic Vampire Appearance MD5 of 4e8161dbd923d3b82a581f9edbb59c94
[23:19:04.0789510] [DownloadFile] Downloading file: DVA Dynamic Vampire Appearance-41634-1-1.zip
[23:19:04.0789510] [GenerateModDownloadLinkAsync] GenerateModDownloadLink()
[23:19:26.8632203] [DownloadFile] Download complete
[23:19:26.9001215] [QueueController] Detected new item to add to queue modname Dynamic Immersive Seriously Dark Dungeons 2.91 MD5 of 97db8aa1883ea8e70432fd920c958ab9
[23:19:26.9001215] [DownloadFile] Downloading file: Dungeon Darkness v2.9.1-72594-2-9-1-1555210932.7z
[23:19:26.9001215] [GenerateModDownloadLinkAsync] GenerateModDownloadLink()
[23:19:30.0347746] [DownloadFile] Download complete
[23:19:30.2033234] [QueueController] Detected new item to add to queue modname Dynamic Things - Enhanced MD5 of f798abf5454ea5c8c5f20d86348ad6ae
[23:19:30.2033234] [DownloadFile] Downloading file: Dynamic Things - Enhanced v1.7-54116-1-7.7z
[23:19:30.2033234] [GenerateModDownloadLinkAsync] GenerateModDownloadLink()
[23:19:30.3549184] [DownloadFile] Download complete
[23:19:30.5035206] [QueueController] Detected new item to add to queue modname Dynamic Things MD5 of 44bc06638c09b1ef65c3d2129976deda
[23:19:30.5035206] [DownloadFile] Downloading file: Dynamic Things-32448-1-40.rar
[23:19:30.5035206] [GenerateModDownloadLinkAsync] GenerateModDownloadLink()
[23:19:31.0610393] [DownloadFile] Download complete
[23:19:31.1039248] [QueueController] Detected new item to add to queue modname Easy Wheelmenu MD5 of f6a65fdc0a7d624fa8d60aa19ce5f3c5
[23:19:31.1039248] [DownloadFile] Downloading file: Easy Wheel Menu-69878-4-2.7z
[23:19:31.1039248] [GenerateModDownloadLinkAsync] GenerateModDownloadLink()
[23:19:31.2116366] [DownloadFile] Download complete
[23:19:31.4041219] [QueueController] Detected new item to add to queue modname Enchantment Reload Fix MD5 of e01f33724f746b94893dfc207f89f9c4
[23:19:31.4041219] [DownloadFile] Downloading file: Enchantment Reload Fix-52717-1-2.7z
[23:19:31.4041219] [GenerateModDownloadLinkAsync] GenerateModDownloadLink()
[23:19:31.5278000] [DownloadFile] Download complete
[23:19:31.7043284] [QueueController] Detected new item to add to queue modname Enhanced Camera MD5 of 2c671a687087da71073c7b008d3ff2c3
[23:19:31.7043284] [DownloadFile] Downloading file: Enhanced Camera 1.4-57859-1-4.zip
[23:19:31.7043284] [GenerateModDownloadLinkAsync] GenerateModDownloadLink()
[23:19:31.8389684] [DownloadFile] Download complete
[23:19:32.0050290] [QueueController] Detected new item to add to queue modname Enhanced Skyrim Factions - The Companions Guild MD5 of 5f2b7d3bbf63a2a993f36eb8e2d0a406
[23:19:32.0050290] [DownloadFile] Downloading file: ESFCompanions FULL VERSION-22650-0-3-8.7z
[23:19:32.0050290] [GenerateModDownloadLinkAsync] GenerateModDownloadLink()
[23:19:33.4362121] [DownloadFile] Download complete
[23:19:33.5070227] [QueueController] Detected new item to add to queue modname Even Better Quest Objectives 1.7 MD5 of 26c8b360cf980513b50e09b68afda594
[23:19:33.5070227] [DownloadFile] Downloading file: Even Better Quest Objectives v1.7-32695-1-7-1544641942.7z
[23:19:33.5070227] [GenerateModDownloadLinkAsync] GenerateModDownloadLink()
[23:19:35.5825033] [DownloadFile] Download complete
[23:19:35.6084339] [QueueController] Detected new item to add to queue modname Exchange currency MD5 of 0beb10f2d6c5e9488ba29c6c45376ad8
[23:19:35.6084339] [DownloadFile] Downloading file: Exchange currency-67504-3-01.zip
[23:19:35.6084339] [GenerateModDownloadLinkAsync] GenerateModDownloadLink()
[23:19:40.5447870] [DownloadFile] Download complete
[23:19:40.7128426] [QueueController] Detected new item to add to queue modname Expanded Towns and Cities Complete 14.3.1 MD5 of 32707c63d71daf461770ca4dabf710a7
[23:19:40.7128426] [DownloadFile] Downloading file: 00. ETaC Old v14.3.1 Complete-13608-14-3-1.7z
[23:19:40.7128426] [GenerateModDownloadLinkAsync] GenerateModDownloadLink()
[23:20:50.5982118] [DownloadFile] Download complete
[23:20:50.6799929] [QueueController] Detected new item to add to queue modname Faction Crossbows MD5 of 6a009e773b6006c162faed2d5218b0c4
[23:20:50.6799929] [DownloadFile] Downloading file: A. Faction Crossbows 2K-58704-1-03.7z
[23:20:50.6799929] [GenerateModDownloadLinkAsync] GenerateModDownloadLink()
[23:21:16.7838995] [DownloadFile] Download complete
[23:21:16.8028488] [QueueController] Detected new item to add to queue modname Fences of Skyrim MD5 of 1b67ee4e4ea9b5b36a2b03bb08d9e530
[23:21:16.8028488] [DownloadFile] Downloading file: Fences of Skyrim-58980-2-0.zip
[23:21:16.8028488] [GenerateModDownloadLinkAsync] GenerateModDownloadLink()
[23:21:16.9414783] [DownloadFile] Download complete
[23:21:17.1030461] [QueueController] Detected new item to add to queue modname FileAccess Interface for Skyrim Script - FISS MD5 of c83d5b2dafbd1feaa5c0cfee3e897f60
[23:21:17.1030461] [DownloadFile] Downloading file: FileAccess Interface for Skyrim Scripts - FISS-48265-1-21.7z
[23:21:17.1030461] [GenerateModDownloadLinkAsync] GenerateModDownloadLink()
[23:21:17.2955315] [DownloadFile] Download complete
[23:21:17.4037475] [QueueController] Detected new item to add to queue modname Fishing In Skyrim MD5 of 49a11c776ea339ed522fb5f71f5f92a7
[23:21:17.4037475] [DownloadFile] Downloading file: Fishing In Skyrim-16139-1-00.7z
[23:21:17.4037475] [GenerateModDownloadLinkAsync] GenerateModDownloadLink()
[23:21:20.2496730] [DownloadFile] Download complete
[23:21:20.4072518] [QueueController] Detected new item to add to queue modname FNIS PCEA2 - Player Exclusive Animations (dynamic) MD5 of d5ca8b0f79ac72a4856c29a03b25870b
[23:21:20.4072518] [DownloadFile] Downloading file: FNIS PCEA2 1.3-71055-1-3.7z
[23:21:20.4072518] [GenerateModDownloadLinkAsync] GenerateModDownloadLink()
[23:21:22.6697280] [DownloadFile] Download complete
[23:21:22.8093549] [QueueController] Detected new item to add to queue modname Follower Potions 2.00.02 MD5 of d4a67e95dcd70345f5d935cf97d31c08
[23:21:22.8093549] [DownloadFile] Downloading file: Follower Potions-78982-2-00-02.7z
[23:21:22.8093549] [GenerateModDownloadLinkAsync] GenerateModDownloadLink()
[23:21:24.2235923] [DownloadFile] Download complete
[23:21:24.3103602] [QueueController] Detected new item to add to queue modname Follower Trap Safety MD5 of e5a38819388743432b8fd5e01692356f
[23:21:24.3103602] [DownloadFile] Downloading file: Follower Trap Safety v1_3-11609-1-3.zip
[23:21:24.3103602] [GenerateModDownloadLinkAsync] GenerateModDownloadLink()
[23:21:24.4200667] [DownloadFile] Download complete
[23:21:24.6105664] [QueueController] Detected new item to add to queue modname Footprints MD5 of c0134ae65636eb3cca1007b54aa7b17c
[23:21:24.6105664] [DownloadFile] Downloading file: Footprints v1_00 - Legendary-22745-1-00.7z
[23:21:24.6105664] [GenerateModDownloadLinkAsync] GenerateModDownloadLink()
[23:21:29.7319324] [DownloadFile] Download complete
[23:21:30.0161725] [QueueController] Detected new item to add to queue modname Fores New Idles in Skyrim 7.4.5 MD5 of 77cbf68d8512ca5b40dbc0a7efaf3eea
[23:21:30.0161725] [DownloadFile] Downloading file: FNIS Behavior 7_4_5-11811-7-4-5.7z
[23:21:30.0161725] [GenerateModDownloadLinkAsync] GenerateModDownloadLink()
[23:21:30.9686256] [DownloadFile] Download complete
[23:21:31.2169613] [QueueController] Detected new item to add to queue modname Frostfall 3.4 Release MD5 of ce479f8476d06d121ad96499d8378599
[23:21:31.2169613] [DownloadFile] Downloading file: Frostfall 3.4.1 Release-11163-3-4-1.zip
[23:21:31.2169613] [GenerateModDownloadLinkAsync] GenerateModDownloadLink()
[23:21:33.5796561] [DownloadFile] Download complete
[23:21:33.6195492] [QueueController] Detected new item to add to queue modname Fuz Ro Doh 6.1 MD5 of 41061154b79d43dada065d95189dc704
[23:21:33.6195492] [DownloadFile] Downloading file: Fuz Ro Doh 61-14884-6-1.7z
[23:21:33.6195492] [GenerateModDownloadLinkAsync] GenerateModDownloadLink()
[23:21:33.7930854] [DownloadFile] Download complete
[23:21:33.9202497] [QueueController] Detected new item to add to queue modname Gamepad Plus Plus MD5 of b9ef5bc1ae4236a1fd2bbc0c22e7875a
[23:21:33.9202497] [DownloadFile] Downloading file: GamepadPlusPlus_LE-98375-1-1-1564179703.7z
[23:21:33.9202497] [GenerateModDownloadLinkAsync] GenerateModDownloadLink()
[23:21:34.0628685] [DownloadFile] Download complete
[23:21:34.2204470] [QueueController] Detected new item to add to queue modname Gemling Queen Jewelry MD5 of 73f73489d72d4074d6a3de9c5a5a65e2
[23:21:34.2204470] [DownloadFile] Downloading file: Gemling Queen Jewelry - All In One Installer v4-1c-52266-4-1c.7z
[23:21:34.2204470] [GenerateModDownloadLinkAsync] GenerateModDownloadLink()
[23:21:39.1248860] [DownloadFile] Download complete
[23:21:39.3258537] [QueueController] Detected new item to add to queue modname GIST - Genuinely Intelligent Soul Trap MD5 of 8f70ae0236b9faf2978643d8b746fec3
[23:21:39.3258537] [DownloadFile] Downloading file: GIST Soul Trap-89971-1-2.zip
[23:21:39.3258537] [GenerateModDownloadLinkAsync] GenerateModDownloadLink()
[23:21:39.4425418] [DownloadFile] Download complete
[23:21:39.6260509] [QueueController] Detected new item to add to queue modname Google's Locked City Gates MD5 of c6228812b03959e3fadf584d33cb49e2
[23:21:39.6260509] [DownloadFile] Downloading file: Google's Locked City Gates-86539-1-0-1.7z
[23:21:39.6260509] [GenerateModDownloadLinkAsync] GenerateModDownloadLink()
[23:21:39.7207976] [DownloadFile] Download complete
[23:21:39.9262482] [QueueController] Detected new item to add to queue modname Grass on Steroids Regular - Vanilla MD5 of b74ba395966c649bcc7938ca6524c761
[23:21:39.9262482] [DownloadFile] Downloading file: GrassOnSteroids Regular Vanilla-33582-1-3a.zip
[23:21:39.9262482] [GenerateModDownloadLinkAsync] GenerateModDownloadLink()
[23:21:40.0209948] [DownloadFile] Download complete
[23:21:40.2264553] [QueueController] Detected new item to add to queue modname Grimy Plugin MD5 of 0d272e06afd19b0bfc53a54b3ba95730
[23:21:40.2264553] [DownloadFile] Downloading file: Grimy Plugin-69341-1-14.rar
[23:21:40.2264553] [GenerateModDownloadLinkAsync] GenerateModDownloadLink()
[23:21:40.3730634] [DownloadFile] Download complete
[23:21:40.5266526] [QueueController] Detected new item to add to queue modname Guard Dialogue Overhaul MD5 of 54c892bbf0505f095aedd6a73f69280f
[23:21:40.5266526] [DownloadFile] Downloading file: Guard Dialogue Overhaul-23390-1-4.7z
[23:21:40.5266526] [GenerateModDownloadLinkAsync] GenerateModDownloadLink()
[23:21:40.9270865] [DownloadFile] Download complete
[23:21:41.1275508] [QueueController] Detected new item to add to queue modname Guess the Distance - Perceptive Scouting MD5 of 1aaa79b73ceebde8498dbecd1aacc955
[23:21:41.1275508] [DownloadFile] Downloading file: Guess the Distance v1_1_3b-30816-1-1-3b.rar
[23:21:41.1275508] [GenerateModDownloadLinkAsync] GenerateModDownloadLink()
[23:21:41.5249939] [DownloadFile] Download complete
[23:21:41.7284489] [QueueController] Detected new item to add to queue modname HD Enhanced Terrain MD5 of 3120789261aee22617d060ad5863f028
[23:21:41.7284489] [DownloadFile] Downloading file: HD Enhanced Terrain PRO - Blended Version-29782-PRO.rar
[23:21:41.7284489] [GenerateModDownloadLinkAsync] GenerateModDownloadLink()
[23:21:42.3876961] [DownloadFile] Download complete
[23:21:42.6305516] [QueueController] Detected new item to add to queue modname HD Stone Quarry and Clay Deposit for Hearthfire MD5 of d35854fc0432a1387e02d33bc1b02b1f
[23:21:42.6305516] [DownloadFile] Downloading file:  HD Stone Quarry and Clay Deposit 2K-38479-1-0.7z
[23:21:42.6305516] [GenerateModDownloadLinkAsync] GenerateModDownloadLink()
[23:21:47.7444317] [DownloadFile] Download complete
[23:21:48.0371536] [QueueController] Detected new item to add to queue modname Heart of the Beast - Werewolf Sound and Texture Overhaul MD5 of 547c73c227695a40174b750f802d8c71
[23:21:48.0371536] [DownloadFile] Downloading file: Alpha werewolf sounds - Lower volume-13779-1-8.rar
[23:21:48.0371536] [GenerateModDownloadLinkAsync] GenerateModDownloadLink()
[23:21:51.8186086] [DownloadFile] Download complete
[23:21:51.9412807] [QueueController] Detected new item to add to queue modname Hearthfire Extended (Legendary) MD5 of b0acb9bb1890514d5f34f7daee6b92ba
[23:21:51.9412807] [DownloadFile] Downloading file: Hearthfire Extended - All DLCs (Legendary Edition)-66783-1-0-3.7z
[23:21:51.9412807] [GenerateModDownloadLinkAsync] GenerateModDownloadLink()
[23:21:52.6508877] [DownloadFile] Download complete
[23:21:52.8423757] [QueueController] Detected new item to add to queue modname Heavy Armory - aMidianBorn Skyforge Patch MD5 of b325561c1f24f9ce06ad2366b65727fe
[23:21:52.8423757] [DownloadFile] Downloading file: Heavy Armory - aMidianBorn Skyforge Patch-21120-3-3.7z
[23:21:52.8423757] [GenerateModDownloadLinkAsync] GenerateModDownloadLink()
[23:21:53.0727596] [DownloadFile] Download complete
[23:21:53.1425730] [QueueController] Detected new item to add to queue modname Heavy Armory MD5 of 961730b0d7d7bb9a17e42a05a22761f5
[23:21:53.1425730] [DownloadFile] Downloading file: Heavy Armory V3.3-21120-3-3.7z
[23:21:53.1425730] [GenerateModDownloadLinkAsync] GenerateModDownloadLink()
[23:21:55.6603679] [DownloadFile] Download complete
[23:21:55.8458719] [QueueController] Detected new item to add to queue modname Heljarchen Farm MD5 of 538c8da5462367c6eba42b37f647b60d
[23:21:55.8458719] [DownloadFile] Downloading file: Heljarchen Farm - BSA-50992-1-47.zip
[23:21:55.8458719] [GenerateModDownloadLinkAsync] GenerateModDownloadLink()
[23:22:07.4998527] [DownloadFile] Download complete
[23:22:07.5567006] [QueueController] Detected new item to add to queue modname Hidden Hideouts of Skyrim - DLC MD5 of 71553964b9f232baebe788f96616aadd
[23:22:07.5567006] [DownloadFile] Downloading file: Hidden Hideouts of Skyrim - DLC-49723-3-1a.7z
[23:22:07.5567006] [GenerateModDownloadLinkAsync] GenerateModDownloadLink()
[23:22:07.7312433] [DownloadFile] Download complete
[23:22:07.8569073] [QueueController] Detected new item to add to queue modname Hidden Hideouts of Skyrim MD5 of 2789d66acc190d0cf98c2053ba912d8f
[23:22:07.8569073] [DownloadFile] Downloading file: Hidden Hideouts of Skyrim - Merged-49723-3-1.7z
[23:22:07.8569073] [GenerateModDownloadLinkAsync] GenerateModDownloadLink()
[23:22:08.5341171] [DownloadFile] Download complete
[23:22:08.7575195] [QueueController] Detected new item to add to queue modname High Quality LODs Hi-Res MD5 of 252e1286fa170b79035e8e02ede896d6
[23:22:08.7575195] [DownloadFile] Downloading file: HQLODs - Meshes Hi-Res-4834.7z
[23:22:08.7575195] [GenerateModDownloadLinkAsync] GenerateModDownloadLink()
[23:22:19.6759586] [DownloadFile] Download complete
[23:22:19.8674556] [QueueController] Detected new item to add to queue modname Hjerim TNF - Hearthfire MD5 of f7710218f32fda1dced99c8629a47891
[23:22:19.8674556] [DownloadFile] Downloading file: HjerimTNF 0-3-44807-0-3.rar
[23:22:19.8674556] [GenerateModDownloadLinkAsync] GenerateModDownloadLink()
[23:22:20.6054915] [DownloadFile] Download complete
[23:22:20.7690633] [QueueController] Detected new item to add to queue modname Hold Border Banners MD5 of f0150faf6a50a0fa06acbb4c1b1e0030
[23:22:20.7690633] [DownloadFile] Downloading file: Hold Border Banners-43493-1-0.rar
[23:22:20.7690633] [GenerateModDownloadLinkAsync] GenerateModDownloadLink()
[23:22:21.0902143] [DownloadFile] Download complete
[23:22:21.3694674] [QueueController] Detected new item to add to queue modname Holidays MD5 of 2d596e808165911dab315c8f88e8ccf2
[23:22:21.3694674] [DownloadFile] Downloading file: Holidays v2_0-64820-2-0.7z
[23:22:21.3694674] [GenerateModDownloadLinkAsync] GenerateModDownloadLink()
[23:22:29.7137174] [DownloadFile] Download complete
[23:22:29.7775466] [QueueController] Detected new item to add to queue modname Honed Metal 1.091 MD5 of ad28aeed828cf87ef9e20a39873ae61e
[23:22:29.7775466] [DownloadFile] Downloading file: Honed Metal-51024-1-091.7z
[23:22:29.7775466] [GenerateModDownloadLinkAsync] GenerateModDownloadLink()
[23:22:30.5669514] [DownloadFile] Download complete
[23:22:30.6786528] [QueueController] Detected new item to add to queue modname Honeyside TNF - Hearthfire MD5 of 0ee37f5ba144c1166b599d5122695a2e
[23:22:30.6786528] [DownloadFile] Downloading file: HSTNF 1-6-33888-1-6.rar
[23:22:30.6786528] [GenerateModDownloadLinkAsync] GenerateModDownloadLink()
[23:22:30.8691432] [DownloadFile] Download complete
[23:22:30.9788589] [QueueController] Detected new item to add to queue modname Horses Revamped - Animations MD5 of d10f4da576ce75d164f521ea40a11cb5
[23:22:30.9788589] [DownloadFile] Downloading file: Horses Revamped - Animations-70640-1-0.7z
[23:22:30.9788589] [GenerateModDownloadLinkAsync] GenerateModDownloadLink()
[23:22:31.1344437] [DownloadFile] Download complete
[23:22:31.2790560] [QueueController] Detected new item to add to queue modname House of Horrors Alternate Ending MD5 of f56d39557e734e3edb1d11a9c3f6a78d
[23:22:31.2790560] [DownloadFile] Downloading file: HouseOfHorrorsAlternateEnding-21700-1-00.zip
[23:22:31.2790560] [GenerateModDownloadLinkAsync] GenerateModDownloadLink()
[23:22:31.4047202] [DownloadFile] Download complete
[23:22:31.5792530] [QueueController] Detected new item to add to queue modname Hunterborn 1.6 MD5 of d53924e2974924d74aa0716b0bc4c273
[23:22:31.5792530] [DownloadFile] Downloading file: Hunterborn-33201-1-6-1540444495.7z
[23:22:31.5792530] [GenerateModDownloadLinkAsync] GenerateModDownloadLink()
[23:22:47.6783612] [DownloadFile] Download complete
[23:22:47.7930540] [QueueController] Detected new item to add to queue modname Hunterborn SkyTEST Patch MD5 of 70c807a62317880f1233a09d68c77b41
[23:22:47.7930540] [DownloadFile] Downloading file: Hunterborn SkyTEST Patch v1.5-68822-1-5.7z
[23:22:47.7930540] [GenerateModDownloadLinkAsync] GenerateModDownloadLink()
[23:22:48.0902593] [DownloadFile] Download complete
[23:22:48.0932513] [QueueController] Detected new item to add to queue modname Hunters Not Bandits 3.1 MD5 of a3cc2f86e9b8b739e466752cd08cfed7
[23:22:48.0932513] [DownloadFile] Downloading file: Hunters Not Bandits for RDO-79258-3-1.7z
[23:22:48.0932513] [GenerateModDownloadLinkAsync] GenerateModDownloadLink()
[23:22:48.2059499] [DownloadFile] Download complete
[23:22:48.3939521] [QueueController] Detected new item to add to queue modname iEquip 1.1 MD5 of d896234f0044441b9458544c2f70dd22
[23:22:48.3939521] [DownloadFile] Downloading file: iEquip_LE-97177-1-1-1564120712.7z
[23:22:48.3939521] [GenerateModDownloadLinkAsync] GenerateModDownloadLink()
[23:22:49.2247518] [DownloadFile] Download complete
[23:22:49.2955622] [QueueController] Detected new item to add to queue modname Immersive Armors MD5 of 2552319b6a9feb6e1c048cd2264daed9
[23:22:49.2955622] [DownloadFile] Downloading file: Immersive Armors v8-19733-8.7z
[23:22:49.2955622] [GenerateModDownloadLinkAsync] GenerateModDownloadLink()
[23:26:21.0149638] [DownloadFile] Download complete
[23:26:21.2563184] [QueueController] Detected new item to add to queue modname Immersive Children 5.0 MD5 of 528cdc89a81d77fbfbacb95aa540f845
[23:26:21.2563184] [DownloadFile] Downloading file: Immersive Children 5.0 FOMOD Installer (4th Revision)-83554-5-0.7z
[23:26:21.2563184] [GenerateModDownloadLinkAsync] GenerateModDownloadLink()
[23:26:21.9280581] [DownloadFile] Download complete
[23:26:22.1579572] [QueueController] Detected new item to add to queue modname Immersive College of Winterhold 5.3 MD5 of 91150a2d12316080e2da57d478e5db0f
[23:26:22.1579572] [DownloadFile] Downloading file: Immersive College of Winterhold-36849-V5-3-1547415537.7z
[23:26:22.1579572] [GenerateModDownloadLinkAsync] GenerateModDownloadLink()
[23:28:05.0705559] [DownloadFile] Download complete
[23:28:05.1423639] [QueueController] Detected new item to add to queue modname Immersive Compass - iCompass MD5 of 445fb73df7d1cdf39e27a09f949efd6a
[23:28:05.1423639] [DownloadFile] Downloading file: iCompass - Immersive Compass-56992-1-0.rar
[23:28:05.1423639] [GenerateModDownloadLinkAsync] GenerateModDownloadLink()
[23:28:05.5063906] [DownloadFile] Download complete
[23:28:05.7427585] [QueueController] Detected new item to add to queue modname Immersive Horses 2K Horse Textures MD5 of fbeacd4e8c5cacff6ded06cc535684d5
[23:28:05.7427585] [DownloadFile] Downloading file: Immersive Horses 2K Horse Textures-64067-1-0.7z
[23:28:05.7427585] [GenerateModDownloadLinkAsync] GenerateModDownloadLink()
[23:28:23.9393410] [DownloadFile] Download complete
[23:28:24.0640075] [QueueController] Detected new item to add to queue modname Immersive Horses MD5 of eb950978e60e49e40c63ef433ae891f7
[23:28:24.0640075] [DownloadFile] Downloading file: Immersive Horses-64067-2-5.7z
[23:28:24.0640075] [GenerateModDownloadLinkAsync] GenerateModDownloadLink()
[23:28:31.3580359] [DownloadFile] Download complete
[23:28:31.5704678] [QueueController] Detected new item to add to queue modname Immersive HUD - iHUD MD5 of 474bc7d98f37b7b1d2325bfb99ea498d
[23:28:31.5704678] [DownloadFile] Downloading file: Immersive HUD - iHUD-3222-3-0-03.rar
[23:28:31.5704678] [GenerateModDownloadLinkAsync] GenerateModDownloadLink()
[23:28:31.7450011] [DownloadFile] Download complete
[23:28:31.8706651] [QueueController] Detected new item to add to queue modname Immersive Patrols 2.2.2 MD5 of 713084622889ac44fdef276dc7a27d45
[23:28:31.8706651] [DownloadFile] Downloading file: Immersive Patrols-12977-2-2-2-1556497169.7z
[23:28:31.8706651] [GenerateModDownloadLinkAsync] GenerateModDownloadLink()
[23:28:36.9840633] [DownloadFile] Download complete
[23:28:37.2782766] [QueueController] Detected new item to add to queue modname Immersive Sounds - Compendium MD5 of d68e90b7d2433a7d9edba5b6b2a8afc7
[23:28:37.2782766] [DownloadFile] Downloading file: Immersive Sounds Compendium 2.0.2-54387-2-0-2.zip
[23:28:37.2782766] [GenerateModDownloadLinkAsync] GenerateModDownloadLink()
[23:29:50.3691374] [DownloadFile] Download complete
[23:29:50.5506612] [QueueController] Detected new item to add to queue modname Imperial Mail - Post and Banking Service MD5 of 1073945e6a2240f89c45e8d51db6205e
[23:29:50.5506612] [DownloadFile] Downloading file: Imperial Mail-63247-2-1-1.7z
[23:29:50.5506612] [GenerateModDownloadLinkAsync] GenerateModDownloadLink()
[23:29:54.6308095] [DownloadFile] Download complete
[23:29:54.7554762] [QueueController] Detected new item to add to queue modname Improved Arjestin Font Replacement MD5 of 1d88fe25cad672868ab327fc33439576
[23:29:54.7554762] [DownloadFile] Downloading file: Improved Arjestin Font Replacement-72179-1-00.rar
[23:29:54.7554762] [GenerateModDownloadLinkAsync] GenerateModDownloadLink()
[23:29:54.9699027] [DownloadFile] Download complete
[23:29:55.0556733] [QueueController] Detected new item to add to queue modname Improved closefaced helmets MD5 of a4d7cd3c2bd8fbfe5d8fd94f3c1f2c3c
[23:29:55.0556733] [DownloadFile] Downloading file: Improved Closefaced Helmets (Legendary Edition)-15927-1-57.zip
[23:29:55.0556733] [GenerateModDownloadLinkAsync] GenerateModDownloadLink()
[23:29:58.5249320] [DownloadFile] Download complete
[23:29:58.6585747] [QueueController] Detected new item to add to queue modname Inconsequential NPCs MD5 of 1559bb09dde654e35cba31fefd60aa5b
[23:29:58.6585747] [DownloadFile] Downloading file: Inconsequential NPCs 1 dot 9e-36334-1-9e.rar
[23:29:58.6585747] [GenerateModDownloadLinkAsync] GenerateModDownloadLink()
[23:30:14.7423236] [DownloadFile] Download complete
[23:30:14.8779608] [QueueController] Detected new item to add to queue modname Indistinguishable Vanilla Tree Billboards High Res MD5 of cca46ecde2bc447569538e412cdecd65
[23:30:14.8779608] [DownloadFile] Downloading file: Vanilla Skyrim and Dragonborn billboards High Res 1024-75269-1-4.7z
[23:30:14.8779608] [GenerateModDownloadLinkAsync] GenerateModDownloadLink()
[23:30:16.2273742] [DownloadFile] Download complete
[23:30:16.3799744] [QueueController] Detected new item to add to queue modname iNeed - Food, Water and Sleep MD5 of 2ac9f101c83e5cc091a7fbeff168ef25
[23:30:16.3799744] [DownloadFile] Downloading file: iNeed v1_602-51473-1-602.7z
[23:30:16.3799744] [GenerateModDownloadLinkAsync] GenerateModDownloadLink()
[23:30:17.1529075] [DownloadFile] Download complete
[23:30:17.2805663] [QueueController] Detected new item to add to queue modname Interior and Dungeon Fog Remover MD5 of 7d03ec350b317596db37fbebb31d06f8
[23:30:17.2805663] [DownloadFile] Downloading file: Fog Mesh Remover-736.zip
[23:30:17.2805663] [GenerateModDownloadLinkAsync] GenerateModDownloadLink()
[23:30:17.7453241] [DownloadFile] Download complete
[23:30:17.8809606] [QueueController] Detected new item to add to queue modname iWASM - Immersive Wait And Sleep Menu MD5 of 19448f86667bc50885ba5e4010ed9afc
[23:30:17.8809606] [DownloadFile] Downloading file: iWASM V 1-51087-1-0.rar
[23:30:17.8809606] [GenerateModDownloadLinkAsync] GenerateModDownloadLink()
[23:30:18.0634732] [DownloadFile] Download complete
[23:30:18.1811580] [QueueController] Detected new item to add to queue modname JaySuS Swords V13C to V13D Update MD5 of 22efe9b5b4f796f249855710343b09b2
[23:30:18.1811580] [DownloadFile] Downloading file: JaySuS Swords V13C to V13D Update-1002-13D.rar
[23:30:18.1811580] [GenerateModDownloadLinkAsync] GenerateModDownloadLink()
[23:30:19.8247732] [DownloadFile] Download complete
[23:30:19.9828549] [QueueController] Detected new item to add to queue modname JaySuS Swords MD5 of bcff1906c1ffe20df806ab739b7eebd9
[23:30:19.9828549] [DownloadFile] Downloading file: JaySuS Swords V13C-1002-13C.rar
[23:30:19.9828549] [GenerateModDownloadLinkAsync] GenerateModDownloadLink()
[23:30:54.2480994] [DownloadFile] Download complete
[23:30:54.5168851] [QueueController] Detected new item to add to queue modname JContainers MD5 of bbba106f1829253cc435958d09f9dd3a
[23:30:54.5168851] [DownloadFile] Downloading file: JContainers-49743-3-3-0-RC-3.zip
[23:30:54.5168851] [GenerateModDownloadLinkAsync] GenerateModDownloadLink()
[23:30:56.5514645] [DownloadFile] Download complete
[23:30:56.6182854] [QueueController] Detected new item to add to queue modname JS Dragon Claws MD5 of 65c3caee4bcf8b1a881ae680728dfdef
[23:30:56.6182854] [DownloadFile] Downloading file: 2k Textures-75377-1-1.rar
[23:30:56.6182854] [GenerateModDownloadLinkAsync] GenerateModDownloadLink()
[23:31:23.4573594] [DownloadFile] Download complete
[23:31:23.6448578] [QueueController] Detected new item to add to queue modname Kryptopyr's Fixes Reqtified 2.1b5 MD5 of e84c0d4bc9cb4951a7f584dfdbf045ae
[23:31:23.6448578] [DownloadFile] Downloading file: KFR - Kryptopyr's Fixes Reqtified-61520-2-1b5.7z
[23:31:23.6448578] [GenerateModDownloadLinkAsync] GenerateModDownloadLink()
[23:31:25.6555225] [DownloadFile] Download complete
[23:31:25.7462796] [QueueController] Detected new item to add to queue modname LeanWolf's Better-Shaped Weapons - All in One Installer MD5 of 47e2ff25748856a53777d363065b9534
[23:31:25.7462796] [DownloadFile] Downloading file: LeanWolfs Better-Shaped Weapons v2.0.09-39870-2-0-09.7z
[23:31:25.7462796] [GenerateModDownloadLinkAsync] GenerateModDownloadLink()
[23:31:30.4791876] [DownloadFile] Download complete
[23:31:30.5509956] [QueueController] Detected new item to add to queue modname Less Annoying Merchants MD5 of 2e87f517427d4a5e3580b1c2edc8dbf2
[23:31:30.5509956] [DownloadFile] Downloading file: Less Annoying Merchants v1-58487-1-0.7z
[23:31:30.5509956] [GenerateModDownloadLinkAsync] GenerateModDownloadLink()
[23:31:30.8462062] [DownloadFile] Download complete
[23:31:30.8511929] [QueueController] Detected new item to add to queue modname Less Intrusive HUD II - FISS Patch MD5 of 5995b1bc50c4c0002882e2427d6a00b9
[23:31:30.8511929] [DownloadFile] Downloading file: Less Intrusive HUD II - FISS Patch -towatot-35154-1.rar
[23:31:30.8511929] [GenerateModDownloadLinkAsync] GenerateModDownloadLink()
[23:31:31.0027875] [DownloadFile] Download complete
[23:31:31.1513901] [QueueController] Detected new item to add to queue modname Less Intrusive HUD II MD5 of cb10aeea983aaaebe34da92e4ee6b244
[23:31:31.1513901] [DownloadFile] Downloading file: Less Intrusive Hud - Main files-35154-1-1.rar
[23:31:31.1513901] [GenerateModDownloadLinkAsync] GenerateModDownloadLink()
[23:31:31.4705371] [DownloadFile] Download complete
[23:31:31.7517846] [QueueController] Detected new item to add to queue modname Loot and Degradation MD5 of d2c4ad23848588d947de8373df741210
[23:31:31.7517846] [DownloadFile] Downloading file: Loot and Degradation v1_31-55677-1-31.7z
[23:31:31.7517846] [GenerateModDownloadLinkAsync] GenerateModDownloadLink()
[23:31:32.2494542] [DownloadFile] Download complete
[23:31:32.3521791] [QueueController] Detected new item to add to queue modname Lore-Based Loading Screens MD5 of cf5fd09d34f78ac88b127ed91ba3fb63
[23:31:32.3521791] [DownloadFile] Downloading file: Lore-Based Loading Screens 1.2-21265-1-2.zip
[23:31:32.3521791] [GenerateModDownloadLinkAsync] GenerateModDownloadLink()
[23:31:32.6992510] [DownloadFile] Download complete
[23:31:32.9525736] [QueueController] Detected new item to add to queue modname Memory Blocks Log MD5 of e92f1319510d3225e23aa874a104743f
[23:31:32.9525736] [DownloadFile] Downloading file: MemoryBlockLog-50471-1-2.zip
[23:31:32.9525736] [GenerateModDownloadLinkAsync] GenerateModDownloadLink()
[23:31:33.1420670] [DownloadFile] Download complete
[23:31:33.2527708] [QueueController] Detected new item to add to queue modname Mfg Console MD5 of 6df91abb8c226416091ec0e7b3737576
[23:31:33.2527708] [DownloadFile] Downloading file: MfgConsole-44596-1-1.zip
[23:31:33.2527708] [GenerateModDownloadLinkAsync] GenerateModDownloadLink()
[23:31:33.3684617] [DownloadFile] Download complete
[23:31:33.5529681] [QueueController] Detected new item to add to queue modname Mining Makes Noise - CCO Version MD5 of 503a356ee758ecfa09301c5f062436b4
[23:31:33.5529681] [DownloadFile] Downloading file: Mining Makes Noise_CCO Version-31799-2-1.zip
[23:31:33.5529681] [GenerateModDownloadLinkAsync] GenerateModDownloadLink()
[23:31:33.6886055] [DownloadFile] Download complete
[23:31:33.8531653] [QueueController] Detected new item to add to queue modname Missives 2.03 MD5 of d6e049a04e1bf6b504aa3b8c0e039739
[23:31:33.8531653] [DownloadFile] Downloading file: Missives 2.03-85815-2-03-1562184950.rar
[23:31:33.8531653] [GenerateModDownloadLinkAsync] GenerateModDownloadLink()
[23:31:33.9907975] [DownloadFile] Download complete
[23:31:34.1533626] [QueueController] Detected new item to add to queue modname Moonlight Tales - Werewolf and Werebear Essentials MD5 of b8ee99594ec625606875f711436bbd98
[23:31:34.1533626] [DownloadFile] Downloading file: Moonlight Tales - Essentials - Version 2_51-59463-2-51.7z
[23:31:34.1533626] [GenerateModDownloadLinkAsync] GenerateModDownloadLink()
[23:32:42.0515386] [DownloadFile] Download complete
[23:32:42.3208186] [QueueController] Detected new item to add to queue modname moreHUD Inventory Edition MD5 of f1627152c1bba28004bbeb647402e90f
[23:32:42.3208186] [DownloadFile] Downloading file: moreHUD Inventory Edition-93378-1-0-5-1556056485.7z
[23:32:42.3208186] [GenerateModDownloadLinkAsync] GenerateModDownloadLink()
[23:32:42.5232773] [DownloadFile] Download complete
[23:32:42.6210158] [QueueController] Detected new item to add to queue modname moreHUD MD5 of 6c9c1dc913519d9b11e06c269e5e3d3d
[23:32:42.6210158] [DownloadFile] Downloading file: AHZmoreHUD_v2_1_3-51956-2-1-3.7z
[23:32:42.6210158] [GenerateModDownloadLinkAsync] GenerateModDownloadLink()
[23:32:42.7387012] [DownloadFile] Download complete
[23:32:42.9212130] [QueueController] Detected new item to add to queue modname Mortal Enemies (Requiem - No Movement) MD5 of a6cd0d6417cfa3a085f2c551ce93720b
[23:32:42.9212130] [DownloadFile] Downloading file: Mortal Enemies v1.4 - Requiem - No Movement Tweaks Version-73921-1-4.rar
[23:32:42.9212130] [GenerateModDownloadLinkAsync] GenerateModDownloadLink()
[23:32:43.0339117] [DownloadFile] Download complete
[23:32:43.2214103] [QueueController] Detected new item to add to queue modname Nether's Follower Framework 2.4.1 MD5 of 906d7c4a845a3ef4ea01d0f61fe25bd0
[23:32:43.2214103] [DownloadFile] Downloading file: Nether's Follower Framework LE (FOMOD Installer)-92194-2-4-1-1569058356.zip
[23:32:43.2214103] [GenerateModDownloadLinkAsync] GenerateModDownloadLink()
[23:32:44.9916952] [DownloadFile] Download complete
[23:32:45.0236098] [QueueController] Detected new item to add to queue modname Nightingale Hall Restored - Karliah as a Follower MD5 of 8ce4422d4b759ed8e5dd77041786cfc2
[23:32:45.0236098] [DownloadFile] Downloading file: Nightingale Hall-13632-3-0.zip
[23:32:45.0236098] [GenerateModDownloadLinkAsync] GenerateModDownloadLink()
[23:32:45.6050643] [DownloadFile] Download complete
[23:32:45.6240137] [QueueController] Detected new item to add to queue modname No Combat Music MD5 of 6eb163f54421c62f89436363a654a6d3
[23:32:45.6240137] [DownloadFile] Downloading file: No Combat Music V1_2-4548-1-2.7z
[23:32:45.6240137] [GenerateModDownloadLinkAsync] GenerateModDownloadLink()
[23:32:45.9152349] [DownloadFile] Download complete
[23:32:45.9242108] [QueueController] Detected new item to add to queue modname No Snow Under The Roof MD5 of b8aad57884df33ec22ee4e358be478a4
[23:32:45.9242108] [DownloadFile] Downloading file: No Snow Under the Roof and 3D snow 2_3-51188-2-3.7z
[23:32:45.9242108] [GenerateModDownloadLinkAsync] GenerateModDownloadLink()
[23:32:55.9051065] [DownloadFile] Download complete
[23:32:56.1334957] [QueueController] Detected new item to add to queue modname OneTweak MD5 of 50a4f28e8565707d48caebf6b392586b
[23:32:56.1334957] [DownloadFile] Downloading file: OneTweak-40706-2-1-0-2.7z
[23:32:56.1334957] [GenerateModDownloadLinkAsync] GenerateModDownloadLink()
[23:32:56.2870851] [DownloadFile] Download complete
[23:32:56.4336930] [QueueController] Detected new item to add to queue modname Osmodius Solitude Texture Pack (Med) MD5 of 6bd27843d1672ec0459a841575ce2872
[23:32:56.4336930] [DownloadFile] Downloading file: OSTP Medium-53879-1-0.rar
[23:32:56.4336930] [GenerateModDownloadLinkAsync] GenerateModDownloadLink()
[23:33:08.6112589] [DownloadFile] Download complete
[23:33:08.7458989] [QueueController] Detected new item to add to queue modname Osmodius Solitude Texture Pack - Alternate Wall MD5 of 1e6f5db9d92bd8b9578fa81f7de3754c
[23:33:08.7458989] [DownloadFile] Downloading file: Alternate Wall-53879-1-0.rar
[23:33:08.7458989] [GenerateModDownloadLinkAsync] GenerateModDownloadLink()
[23:33:13.3471397] [DownloadFile] Download complete
[23:33:13.5505955] [QueueController] Detected new item to add to queue modname Osmodius Windhelm Texture Pack - Alternate Ground MD5 of a86d346197c24c9866fa5c92bc2f706d
[23:33:13.5505955] [DownloadFile] Downloading file: Alternate Ground Texture-54322-1-0.rar
[23:33:13.5505955] [GenerateModDownloadLinkAsync] GenerateModDownloadLink()
[23:33:15.2236479] [DownloadFile] Download complete
[23:33:15.3533009] [QueueController] Detected new item to add to queue modname Osmodius Windhelm Texture Pack MD5 of 6ed79f56eec67a65d81194e66a7d1412
[23:33:15.3533009] [DownloadFile] Downloading file: OWTP Regular-54322-1-0.rar
[23:33:15.3533009] [GenerateModDownloadLinkAsync] GenerateModDownloadLink()
[23:33:47.9330305] [DownloadFile] Download complete
[23:33:48.0846251] [QueueController] Detected new item to add to queue modname Paper World Map (Texture 2) MD5 of b48d71c1ba31969b8882fc97740d661a
[23:33:48.0846251] [DownloadFile] Downloading file: Texture 2-25501-.7z
[23:33:48.0846251] [GenerateModDownloadLinkAsync] GenerateModDownloadLink()
[23:33:55.8035859] [DownloadFile] Download complete
[23:33:55.8923486] [QueueController] Detected new item to add to queue modname Paper World Map - Dawnguard MD5 of bb1f84023d705e3ff27dc7ac77ce238a
[23:33:55.8923486] [DownloadFile] Downloading file: Dawnguard Addon-25501-.7z
[23:33:55.8923486] [GenerateModDownloadLinkAsync] GenerateModDownloadLink()
[23:33:56.0195137] [DownloadFile] Download complete
[23:33:56.1930588] [QueueController] Detected new item to add to queue modname Paper World Map Addons 1.2.2 MD5 of e5d2c893bf2cb47a6b55ddb34958f9ec
[23:33:56.1930588] [DownloadFile] Downloading file: Paper World Map Addons-84734-1-2-2.rar
[23:33:56.1930588] [GenerateModDownloadLinkAsync] GenerateModDownloadLink()
[23:34:16.8181416] [DownloadFile] Download complete
[23:34:16.9138855] [QueueController] Detected new item to add to queue modname PapyrusUtil - Modders Scripting Utility Functions MD5 of dd0384d097d97e306098d3e850c8b6b8
[23:34:16.9138855] [DownloadFile] Downloading file: PapyrusUtil - Scripting Utility Functions-58705-3-3.zip
[23:34:16.9138855] [GenerateModDownloadLinkAsync] GenerateModDownloadLink()
[23:34:17.1682054] [DownloadFile] Download complete
[23:34:17.2140829] [QueueController] Detected new item to add to queue modname People are Strangers MD5 of dc5e2fa121c9c2c2336f09ffa1320dd5
[23:34:17.2140829] [DownloadFile] Downloading file: People are Strangers-56744-1-0.7z
[23:34:17.2140829] [GenerateModDownloadLinkAsync] GenerateModDownloadLink()
[23:34:17.4813781] [DownloadFile] Download complete
[23:34:17.5142901] [QueueController] Detected new item to add to queue modname Perseid's Inns and Taverns - Enhanced MD5 of 77f4fa9607f2bd8b001dc0ebbebd8959
[23:34:17.5142901] [DownloadFile] Downloading file: RealisticRoomRental-Enhanced-25029-1-8-3.7z
[23:34:17.5142901] [GenerateModDownloadLinkAsync] GenerateModDownloadLink()
[23:34:18.9240257] [DownloadFile] Download complete
[23:34:19.0162836] [QueueController] Detected new item to add to queue modname Point The Way 1.0.9 MD5 of dcb5f266f813d28c52db292fd14d6d7e
[23:34:19.0162836] [DownloadFile] Downloading file: Point The Way-33393-1-0-9-1557702217.7z
[23:34:19.0162836] [GenerateModDownloadLinkAsync] GenerateModDownloadLink()
[23:34:19.3404171] [DownloadFile] Download complete
[23:34:19.6166782] [QueueController] Detected new item to add to queue modname Pumping Iron - Dynamic Muscle Growth MD5 of 369b13fa112c631f319a5b698d0a3154
[23:34:19.6166782] [DownloadFile] Downloading file: Pumping Iron - Dynamic Muscle Growth v1_0_1-29476-1-0-1.rar
[23:34:19.6166782] [GenerateModDownloadLinkAsync] GenerateModDownloadLink()
[23:34:19.7523154] [DownloadFile] Download complete
[23:34:19.9168753] [QueueController] Detected new item to add to queue modname RaceCompatibility with fixes 1.107 MD5 of bb0733f6fd8ed82126e9a438d08f08dd
[23:34:19.9168753] [DownloadFile] Downloading file: RaceCompatibility All-in-One NMM installer-24168-1-107.7z
[23:34:19.9168753] [GenerateModDownloadLinkAsync] GenerateModDownloadLink()
[23:34:20.0734568] [DownloadFile] Download complete
[23:34:20.2170727] [QueueController] Detected new item to add to queue modname RaceMenu MD5 of 9030a42e841b3ba23037945154fc39db
[23:34:20.2170727] [DownloadFile] Downloading file: RaceMenu v3-4-5-29624-3-4-5.7z
[23:34:20.2170727] [GenerateModDownloadLinkAsync] GenerateModDownloadLink()
[23:34:23.8324663] [DownloadFile] Download complete
[23:34:24.1211991] [QueueController] Detected new item to add to queue modname Real Bows MD5 of 4d09b906f7313ab5eab7b1aace21a584
[23:34:24.1211991] [DownloadFile] Downloading file: Real Bows 1.05-64440-1-05.7z
[23:34:24.1211991] [GenerateModDownloadLinkAsync] GenerateModDownloadLink()
[23:34:40.5191098] [DownloadFile] Download complete
[23:34:40.6387897] [QueueController] Detected new item to add to queue modname Real Roads for Skyrim (Dawnguard and Dragonborn) MD5 of 6e1223213996ec328fb979648b53c145
[23:34:40.6387897] [DownloadFile] Downloading file: Real Roads for Skyrim (Dawnguard and Dragonborn)-55518-1-01.zip
[23:34:40.6387897] [GenerateModDownloadLinkAsync] GenerateModDownloadLink()
[23:34:40.9374956] [DownloadFile] Download complete
[23:34:40.9394904] [QueueController] Detected new item to add to queue modname Real Roads for Skyrim MD5 of 5de245f0a5205c7e71b7a17add3ee9f9
[23:34:40.9394904] [DownloadFile] Downloading file: Real Roads for Skyrim (BSA)-55518-1-01.zip
[23:34:40.9394904] [GenerateModDownloadLinkAsync] GenerateModDownloadLink()
[23:34:59.8306898] [DownloadFile] Download complete
[23:34:59.8586161] [QueueController] Detected new item to add to queue modname Realistic Conversations MD5 of 1bd9c8341f9e73ecce9039169fb8e64d
[23:34:59.8586161] [DownloadFile] Downloading file: Realistic Conversations - longer pause between sentences-80355-2-1.7z
[23:34:59.8586161] [GenerateModDownloadLinkAsync] GenerateModDownloadLink()
[23:35:00.0715506] [DownloadFile] Download complete
[23:35:00.1593159] [QueueController] Detected new item to add to queue modname Realistic Humanoid Movement Speed MD5 of 1304a99db3a138bc84cb221f24785c87
[23:35:00.1593159] [DownloadFile] Downloading file: Realistic Humanoid Movement Speed 1_03-32229-1-03.rar
[23:35:00.1593159] [GenerateModDownloadLinkAsync] GenerateModDownloadLink()
[23:35:00.4226121] [DownloadFile] Download complete
[23:35:00.4595132] [QueueController] Detected new item to add to queue modname Realistic Lighting Overhaul (Interiors Only) 5.0.3 MD5 of 50e4b9810ebda6392c1d16cd6f07223c
[23:35:00.4595132] [DownloadFile] Downloading file: Realistic Lighting Overhaul v5.0.3 - All-In-One Installer-30450-5-0-3.zip
[23:35:00.4595132] [GenerateModDownloadLinkAsync] GenerateModDownloadLink()
[23:35:02.0268273] [DownloadFile] Download complete
[23:35:02.2612004] [QueueController] Detected new item to add to queue modname Realistic Ragdolls and Force MD5 of ac15e993f29759455e42f67813eed19a
[23:35:02.2612004] [DownloadFile] Downloading file: Realistic Force-601-1-9.rar
[23:35:02.2612004] [GenerateModDownloadLinkAsync] GenerateModDownloadLink()
[23:35:02.4237660] [DownloadFile] Download complete
[23:35:02.5614069] [QueueController] Detected new item to add to queue modname Realistic Torches MD5 of 55b86a79406c1f6ab3d24232fe3fb67a
[23:35:02.5614069] [DownloadFile] Downloading file: Realistic Torches-77924-1-0.zip
[23:35:02.5614069] [GenerateModDownloadLinkAsync] GenerateModDownloadLink()
[23:35:02.8217108] [DownloadFile] Download complete
[23:35:02.8616041] [QueueController] Detected new item to add to queue modname Realistic Trading Stocks of Skyrim (with DnD Spellcasting Service) MD5 of a5db5131644c0aa96981b59d29a4ae7e
[23:35:02.8616041] [DownloadFile] Downloading file: Realistic Trading Stocks of Skyrim (with DnD Spellcasting Service)-77680-1-0-1545584906.7z
[23:35:02.8616041] [GenerateModDownloadLinkAsync] GenerateModDownloadLink()
[23:35:03.8419828] [DownloadFile] Download complete
[23:35:04.0624022] [QueueController] Detected new item to add to queue modname Realistic Water Two - ENB Textures MD5 of 919107cfffcdaf4fa6448dddb6290c44
[23:35:04.0624022] [DownloadFile] Downloading file: Realistic Water Two - ENB Textures-41076-1-11.7z
[23:35:04.0624022] [GenerateModDownloadLinkAsync] GenerateModDownloadLink()
[23:35:18.5911946] [DownloadFile] Download complete
[23:35:18.7776958] [QueueController] Detected new item to add to queue modname Realistic Water Two MD5 of e03fbe240f2daf61faec323066cf7bd2
[23:35:18.7776958] [DownloadFile] Downloading file: Realistic Water Two v1_11-41076-1-11.7z
[23:35:18.7776958] [GenerateModDownloadLinkAsync] GenerateModDownloadLink()
[23:35:31.6888478] [DownloadFile] Download complete
[23:35:31.6908419] [QueueController] Detected new item to add to queue modname Realistic wolf howls MD5 of 771cf6870a4b1e1dce43b9de8be1ddad
[23:35:31.6908419] [DownloadFile] Downloading file: Realistic Wolf Howls Less barks-30636-1-4.rar
[23:35:31.6908419] [GenerateModDownloadLinkAsync] GenerateModDownloadLink()
[23:35:32.2543351] [DownloadFile] Download complete
[23:35:32.2912364] [QueueController] Detected new item to add to queue modname Reflection - Level Up Messages MD5 of a3ff08ae7cfe32641b8ffc74f219926d
[23:35:32.2912364] [DownloadFile] Downloading file: Reflection 1_1-25469-1-1.zip
[23:35:32.2912364] [GenerateModDownloadLinkAsync] GenerateModDownloadLink()
[23:35:32.5500492] [DownloadFile] Download complete
[23:35:32.5918650] [QueueController] Detected new item to add to queue modname Relationship Dialogue Overhaul 2.0 MD5 of 1417b90345ef86a173f833ff836822cd
[23:35:32.5918650] [DownloadFile] Downloading file: Relationship Dialogue Overhaul - RDO v2.0i-74568-2-0.7z
[23:35:32.5919372] [GenerateModDownloadLinkAsync] GenerateModDownloadLink()
[23:35:53.5595351] [DownloadFile] Download complete
[23:35:53.6094018] [QueueController] Detected new item to add to queue modname Rent My House - A Landlord Mod MD5 of 7155cde809c8fbdeabd2efa077d8ae7c
[23:35:53.6094018] [DownloadFile] Downloading file: Rent My House-75073-1-0-1.7z
[23:35:53.6094018] [GenerateModDownloadLinkAsync] GenerateModDownloadLink()
[23:35:53.7779511] [DownloadFile] Download complete
[23:35:53.9095990] [QueueController] Detected new item to add to queue modname Requiem - Dragonborn Patch 2.0.x MD5 of 7d010cb079bb87b802ffb94c8a2270e6
[23:35:53.9095990] [DownloadFile] Downloading file: Requiem - Dragonborn Patch-78139-2-2-1-1548429055.7z
[23:35:53.9095990] [GenerateModDownloadLinkAsync] GenerateModDownloadLink()
[23:35:56.2852657] [DownloadFile] Download complete
[23:35:56.3121930] [QueueController] Detected new item to add to queue modname Requiem - Minor Arcana Reborn MD5 of e855c6a5f5025d59d101c9c83965a3e2
[23:35:56.3121930] [DownloadFile] Downloading file: Requiem - Minor Arcana Reborn 2.68-90983-2-68.7z
[23:35:56.3121930] [GenerateModDownloadLinkAsync] GenerateModDownloadLink()
[23:36:09.2232813] [DownloadFile] Download complete
[23:36:09.2282678] [QueueController] Detected new item to add to queue modname Requiem - Undeath Patch MD5 of f0daa8e832d3c0dac573650ca23ff07d
[23:36:09.2282678] [DownloadFile] Downloading file: NRM Undeath - Requiem Patch-60508-1-0.zip
[23:36:09.2282678] [GenerateModDownloadLinkAsync] GenerateModDownloadLink()
[23:36:10.5442630] [DownloadFile] Download complete
[23:36:10.7307646] [QueueController] Detected new item to add to queue modname Requiem - Wyrmstooth Patch MD5 of e1c490986125f2ba27b6f8546743e9cb
[23:36:10.7307646] [DownloadFile] Downloading file: NRM Wyrmstooth - Requiem Patch-60508-1-0-3.zip
[23:36:10.7307646] [GenerateModDownloadLinkAsync] GenerateModDownloadLink()
[23:36:11.6193972] [DownloadFile] Download complete
[23:36:11.6313650] [QueueController] Detected new item to add to queue modname Requiem 3.0.2 MD5 of 92dc619a2f7adc4008811912c7033c1b
[23:36:11.6313650] [DownloadFile] Downloading file: Requiem 3.0.2 - Consign To Oblivion Bugfix Pack 2-19281-3-0-2-1555097677.7z
[23:36:11.6313650] [GenerateModDownloadLinkAsync] GenerateModDownloadLink()
[23:38:02.7793802] [DownloadFile] Download complete
[23:38:03.0356947] [QueueController] Detected new item to add to queue modname Roadsigns Redone MD5 of 90e07c30a387a1d4cd3ce9c1f925fb32
[23:38:03.0356947] [DownloadFile] Downloading file: Roadsigns Redone-33603-1-1.7z
[23:38:03.0356947] [GenerateModDownloadLinkAsync] GenerateModDownloadLink()
[23:38:04.1931133] [DownloadFile] Download complete
[23:38:04.2369959] [QueueController] Detected new item to add to queue modname Ruins Clutter Improved 3.1 MD5 of a5ea59da121f4190c7759a0f750677a5
[23:38:04.2369959] [DownloadFile] Downloading file: Ruins_Clutter_Improved_NMM_v3-1-14227-3-1.rar
[23:38:04.2369959] [GenerateModDownloadLinkAsync] GenerateModDownloadLink()
[23:39:13.1836269] [DownloadFile] Download complete
[23:39:13.2983201] [QueueController] Detected new item to add to queue modname Rustic Clothing 3.0 MD5 of eb5a5233409235ce180668f6759b4f63
[23:39:13.2983201] [DownloadFile] Downloading file: RUSTIC CLOTHING - COMPLETE - 2K-69784-3-0.7z
[23:39:13.2983201] [GenerateModDownloadLinkAsync] GenerateModDownloadLink()
[23:40:40.1354867] [DownloadFile] Download complete
[23:40:40.3768411] [QueueController] Detected new item to add to queue modname Safety Load MD5 of 7ce3482b36bc1c0e5a91c13de848f653
[23:40:40.3768411] [DownloadFile] Downloading file: SafetyLoad 1_2-46465-1-2.zip
[23:40:40.3768411] [GenerateModDownloadLinkAsync] GenerateModDownloadLink()
[23:40:40.5822917] [DownloadFile] Download complete
[23:40:40.6770384] [QueueController] Detected new item to add to queue modname Severin Manor Improvements MD5 of c951bb299051ee0a97eb453d11eb8b81
[23:40:40.6770384] [DownloadFile] Downloading file: Severin Manor improvements with New Items 1_7_7-31167-1-7-7.7z
[23:40:40.6770384] [GenerateModDownloadLinkAsync] GenerateModDownloadLink()
[23:40:41.0091506] [DownloadFile] Download complete
[23:40:41.2774328] [QueueController] Detected new item to add to queue modname SFO Billboards for v2.5b MD5 of befbf60bfbaa6dbb499b2514e38d7715
[23:40:41.2774328] [DownloadFile] Downloading file: SFO Billboards for v2.5C-141-.7z
[23:40:41.2774328] [GenerateModDownloadLinkAsync] GenerateModDownloadLink()
[23:40:42.0967586] [DownloadFile] Download complete
[23:40:42.1785495] [QueueController] Detected new item to add to queue modname Simple Bedrolls and Supplies - for Campfire MD5 of 610d757fc2b69766adba66b34c5cbbba
[23:40:42.1785495] [DownloadFile] Downloading file: Simple Bedrolls and Supplies-74027-1-0.7z
[23:40:42.1785495] [GenerateModDownloadLinkAsync] GenerateModDownloadLink()
[23:40:42.2862616] [DownloadFile] Download complete
[23:40:42.4787468] [QueueController] Detected new item to add to queue modname Simple Taxes MD5 of 34eea5f5a8db1600aa0eb29c32efcdf9
[23:40:42.4787468] [DownloadFile] Downloading file: Simple Taxes 3.5-57239-3-5.7z
[23:40:42.4787468] [GenerateModDownloadLinkAsync] GenerateModDownloadLink()
[23:40:42.5934401] [DownloadFile] Download complete
[23:40:42.7789441] [QueueController] Detected new item to add to queue modname Simply Knock MD5 of 45a1d3105a31417393052895a85a893c
[23:40:42.7789441] [DownloadFile] Downloading file: Simply Knock 1.0.8 Release-73236-1-0-8.zip
[23:40:42.7789441] [GenerateModDownloadLinkAsync] GenerateModDownloadLink()
[23:40:42.9474936] [DownloadFile] Download complete
[23:40:43.0791412] [QueueController] Detected new item to add to queue modname Skyrim Flora Overhaul MD5 of a6e3cb032de3a1c74fdc1624b2c5449c
[23:40:43.0791412] [DownloadFile] Downloading file: Skyrim Flora Overhaul v2.5b-141-2-5b.7z
[23:40:43.0791412] [GenerateModDownloadLinkAsync] GenerateModDownloadLink()
[23:41:13.6478679] [DownloadFile] Download complete
[23:41:13.7077079] [QueueController] Detected new item to add to queue modname Skyrim Project Optimization MD5 of 25f6986fcb548990c60ea8289b5dba29
[23:41:13.7077079] [DownloadFile] Downloading file: Skyrim Project Optimization - No Homes - Full Version-32505-1-6.rar
[23:41:13.7077079] [GenerateModDownloadLinkAsync] GenerateModDownloadLink()
[23:41:13.8413505] [DownloadFile] Download complete
[23:41:14.0079052] [QueueController] Detected new item to add to queue modname Skyrim Sewers 4 MD5 of 21b19093560f2f77e496df15bce42cf9
[23:41:14.0079052] [DownloadFile] Downloading file: Skyrim Sewers 412 Main File-14351-4-12.rar
[23:41:14.0079052] [GenerateModDownloadLinkAsync] GenerateModDownloadLink()
[23:41:23.3400007] [DownloadFile] Download complete
[23:41:23.6152645] [QueueController] Detected new item to add to queue modname Skyrim Souls MD5 of 3f7121a7720658e7a91ddb87c0ea4513
[23:41:23.6152645] [DownloadFile] Downloading file: SkyrimSouls - Unpaused Game Menus-83379-V1-0-2-1.7z
[23:41:23.6152645] [GenerateModDownloadLinkAsync] GenerateModDownloadLink()
[23:41:23.9802881] [DownloadFile] Download complete
[23:41:24.2156588] [QueueController] Detected new item to add to queue modname SkyTEST - Realistic Animals and Predators 1.65 MD5 of c547dc89e097ad762f3a736755b95bed
[23:41:24.2156588] [DownloadFile] Downloading file: SkyTEST - Realistic Animals and Predators v1_65-10175-1-65.7z
[23:41:24.2156588] [GenerateModDownloadLinkAsync] GenerateModDownloadLink()
[23:41:51.5104505] [DownloadFile] Download complete
[23:41:51.5443591] [QueueController] Detected new item to add to queue modname SkyUI MD5 of 6eb992c7509b2a53c429b23a34766c7c
[23:41:51.5443591] [DownloadFile] Downloading file: SkyUI_5_1-3863-5-1.7z
[23:41:51.5443591] [GenerateModDownloadLinkAsync] GenerateModDownloadLink()
[23:41:51.9682366] [DownloadFile] Download complete
[23:41:52.1447645] [QueueController] Detected new item to add to queue modname Sleep Tight MD5 of 232835342a54f881c797ced86a2dc86f
[23:41:52.1447645] [DownloadFile] Downloading file: Sleep Tight v1_04-50954-1-04.7z
[23:41:52.1447645] [GenerateModDownloadLinkAsync] GenerateModDownloadLink()
[23:41:52.5307421] [DownloadFile] Download complete
[23:41:52.7451684] [QueueController] Detected new item to add to queue modname Sleep To Gain Experience MD5 of 2e29cec70d88a104886c22c1566ef22a
[23:41:52.7451684] [DownloadFile] Downloading file: Sleep To Gain Experience-73001-1-2.7z
[23:41:52.7451684] [GenerateModDownloadLinkAsync] GenerateModDownloadLink()
[23:41:52.8588646] [DownloadFile] Download complete
[23:41:53.0453657] [QueueController] Detected new item to add to queue modname Smart Cast MD5 of b8e005f08f38e53091b903b721928789
[23:41:53.0453657] [DownloadFile] Downloading file: Smart Cast-43123-1-0.7z
[23:41:53.0453657] [GenerateModDownloadLinkAsync] GenerateModDownloadLink()
[23:41:53.2353626] [DownloadFile] Download complete
[23:41:53.3455728] [QueueController] Detected new item to add to queue modname Smithing Perks Reqtified MD5 of 1c63c8c446b108b497d5881fb5892828
[23:41:53.3455728] [DownloadFile] Downloading file: SPR - Smithing Perks Reqtified-69587-1-1-1.7z
[23:41:53.3455728] [GenerateModDownloadLinkAsync] GenerateModDownloadLink()
[23:41:53.4762235] [DownloadFile] Download complete
[23:41:53.6457704] [QueueController] Detected new item to add to queue modname SnowFall Weathers MD5 of c1cb942688f680aca5bec044896cbd8c
[23:41:53.6457704] [DownloadFile] Downloading file: SnowFall Weathers 1.5-79335-1-5.7z
[23:41:53.6457704] [GenerateModDownloadLinkAsync] GenerateModDownloadLink()
[23:41:59.1500910] [DownloadFile] Download complete
[23:41:59.3525495] [QueueController] Detected new item to add to queue modname Sound Hammering Sounds MD5 of 70261bb022a0cb6de2998837e800880e
[23:41:59.3525495] [DownloadFile] Downloading file: Sound Hammering Sounds-80655-1-0.rar
[23:41:59.3525495] [GenerateModDownloadLinkAsync] GenerateModDownloadLink()
[23:41:59.8322758] [DownloadFile] Download complete
[23:41:59.9529620] [QueueController] Detected new item to add to queue modname Spell Research 2.1.2 MD5 of f2b7960ab2cbc177cc2a73babd0ae68a
[23:41:59.9529620] [DownloadFile] Downloading file: Spell Research 2.1.2-81214-2-1-2-1558666532.rar
[23:41:59.9529620] [GenerateModDownloadLinkAsync] GenerateModDownloadLink()
[23:42:08.2947747] [DownloadFile] Download complete
[23:42:08.3625921] [QueueController] Detected new item to add to queue modname Spellsword - Spell Casting with Weapons MD5 of 96dc9f86a2f86a0e88e8efe26a074528
[23:42:08.3625921] [DownloadFile] Downloading file: Spellsword V1.2.2-81600-1-2-2.7z
[23:42:08.3625921] [GenerateModDownloadLinkAsync] GenerateModDownloadLink()
[23:42:08.6757550] [DownloadFile] Download complete
[23:42:08.9629866] [QueueController] Detected new item to add to queue modname Static Mesh Improvement Mod 2.08 MD5 of 9fce6648ec9e305c773779a4aa9176ef
[23:42:08.9629866] [DownloadFile] Downloading file: SMIM 2-08-8655-2-08.7z
[23:42:08.9629866] [GenerateModDownloadLinkAsync] GenerateModDownloadLink()
[23:42:22.0072061] [PurgeQueue] The entire downloadQueue has been purged
[23:45:13.5743890] [DownloadFile] Download complete
