[12:55:27.0795860] [.ctor] 1/7/2020 12:55:27 Automaton/1.3.5.0 (Microsoft Windows NT 10.0.18362.0; x64) .NET Framework 4.8.4075.0
[12:55:27.0795860] [.ctor] 1/7/2020 12:55:27 Is admin: True
[12:55:27.0795860] [.ctor] 1/7/2020 12:55:27 Automaton Start
[12:55:27.2277179] [.ctor] Long path enabled. Continuing.
[12:55:27.2357257] [.ctor] LineNumber: 0, FilenName: , MethodName: Callout_FoundName
   at MS.Internal.Xaml.Parser.GenericTypeNameParser.Callout_FoundName(String prefix, String name) Prefix 'materialDesign' does not map to a namespace.
[12:55:43.7257748] [ChooseModpack] Opening modpack filesystemBrowser
[12:55:52.0411567] [LoadModpack] Modpack loaded
[12:56:03.0639350] [.ctor] LineNumber: 0, FilenName: , MethodName: DragMove
   at System.Windows.Window.DragMove() Can only call DragMove when primary mouse button is down.
[12:56:16.3867573] [Initialize] Initializing API base
[12:56:16.3867573] [Initialize] Apikey empty
[12:56:37.7437036] [Initialize] Key captured
[12:56:38.1380530] [Initialize] User premium status: True
[12:56:38.1380530] [Initialize] User is logged in
[12:56:45.0361727] [GetMissingMods] Missing mod count: 0
[12:56:53.3175205] [DebugWrite] [INSTALL] Installing Mod Organizer...
[12:56:53.3475462] [ExtractToDirectory] Extracting: C:\Games\Steam\steamapps\common\Skyrim\US\Downloads\Mod Organizer 2 (Archive)-6194-2-2-1-1564685345.7z to C:\Games\Steam\steamapps\common\Skyrim\US\US 406hf2 Keyboard
[12:57:15.4101180] [DebugWrite] [INSTALL] A Closer Look - Simple Smooth Hotkey Zoom
[12:57:15.4121197] [ExtractAll] Extracting: C:\Games\Steam\steamapps\common\Skyrim\US\Downloads\A Closer Look - Simple Smooth Hotkey Zoom-64981-1-1.rar
[12:57:15.5062030] [DebugWrite] [INSTALL] A Matter of Time 2.0.10
[12:57:15.5062030] [ExtractAll] Extracting: C:\Games\Steam\steamapps\common\Skyrim\US\Downloads\AMatterOfTime_v2_0_10-44091-v2-0-10.7z
[12:57:15.5572486] [DebugWrite] [INSTALL] All Thieves Guild Jobs Concurrently
[12:57:15.5572486] [ExtractAll] Extracting: C:\Games\Steam\steamapps\common\Skyrim\US\Downloads\All Thieves Guild Jobs Concurrently-52721-1.zip
[12:57:15.5752649] [DebugWrite] [INSTALL] aMidianBorn Book of Silence - Armors
[12:57:15.5762656] [ExtractAll] Extracting: C:\Games\Steam\steamapps\common\Skyrim\US\Downloads\aMidianBorn book of silence_ARMORS-24909-1-9.7z
[12:57:38.0341880] [DebugWrite] [INSTALL] aMidianBorn Book of Silence - Content Addon
[12:57:38.0341880] [ExtractAll] Extracting: C:\Games\Steam\steamapps\common\Skyrim\US\Downloads\aMidianBorn - Content Addon-24909-1-9.7z
[12:57:56.8318640] [DebugWrite] [INSTALL] aMidianBorn Book of Silence - Creatures
[12:57:56.8318640] [ExtractAll] Extracting: C:\Games\Steam\steamapps\common\Skyrim\US\Downloads\aMidianBorn book of silence_Creatures-24909-1-9.7z
[12:58:00.8774556] [DebugWrite] [INSTALL] aMidianBorn Book of Silence - Dragonborn DLC
[12:58:00.8774556] [ExtractAll] Extracting: C:\Games\Steam\steamapps\common\Skyrim\US\Downloads\aMidianBorn book of silence_DRAGONBORN DLC-24909-1-9.7z
[12:58:07.3031532] [DebugWrite] [INSTALL] aMidianBorn Book of Silence - Unique Items
[12:58:07.3031532] [ExtractAll] Extracting: C:\Games\Steam\steamapps\common\Skyrim\US\Downloads\aMidianBorn book of silence_UNIQUE ITEMS-24909-1-9.7z
[12:58:13.1803667] [DebugWrite] [INSTALL] aMidianBorn Book of Silence - Weapons
[12:58:13.1803667] [ExtractAll] Extracting: C:\Games\Steam\steamapps\common\Skyrim\US\Downloads\aMidianBorn book of silence_WEAPONS-24909-1-9.7z
[12:58:30.9130972] [DebugWrite] [INSTALL] aMidianBorn Caves and Mines
[12:58:30.9130972] [ExtractAll] Extracting: C:\Games\Steam\steamapps\common\Skyrim\US\Downloads\aMidianBorn Caves and Mines 2k-39190-3.7z
[12:58:39.2224691] [DebugWrite] [INSTALL] aMidianBorn Landscape
[12:58:39.2224691] [ExtractAll] Extracting: C:\Games\Steam\steamapps\common\Skyrim\US\Downloads\amb landscape with terrain parallax 2k-37865-5.7z
[12:58:59.3673398] [DebugWrite] [INSTALL] aMidianBorn Solstheim Landscape
[12:58:59.3673398] [ExtractAll] Extracting: C:\Games\Steam\steamapps\common\Skyrim\US\Downloads\aMidianBorn Solstheim Land-50013-1.7z
[12:59:03.6571452] [DebugWrite] [INSTALL] ApachiiSkyHair
[12:59:03.6581461] [ExtractAll] Extracting: C:\Games\Steam\steamapps\common\Skyrim\US\Downloads\ApachiiSkyHair_v_1_6_Full-10168-1-6-Full.7z
[12:59:16.9259192] [DebugWrite] [INSTALL] Art of the Catch
[12:59:16.9259192] [ExtractAll] Extracting: C:\Games\Steam\steamapps\common\Skyrim\US\Downloads\Art of the Catch 1.0.1 Release-65613-1-0-1.zip
[12:59:17.0179975] [DebugWrite] [INSTALL] Ashes 0.02
[12:59:17.0179975] [ExtractAll] Extracting: C:\Games\Steam\steamapps\common\Skyrim\US\Downloads\Ashes - A Simple and Configurable Death Mod-92743-0-02.7z
[12:59:17.1671316] [DebugWrite] [INSTALL] Atronach Crossing - Build Your Own Home DLC content pack
[12:59:17.1671316] [ExtractAll] Extracting: C:\Games\Steam\steamapps\common\Skyrim\US\Downloads\Atronach Crossing Content Pack - Bethesda DLC-78990-Pk1v1-0-0.rar
[12:59:17.2251813] [DebugWrite] [INSTALL] Atronach Crossing 2.3.0
[12:59:17.2251813] [ExtractAll] Extracting: C:\Games\Steam\steamapps\common\Skyrim\US\Downloads\Atronach Crossing-78990-2-3-0-1548899133.rar
[12:59:17.7656606] [DebugWrite] [INSTALL] Audio Overhaul for Skyrim 2
[12:59:17.7666618] [ExtractAll] Extracting: C:\Games\Steam\steamapps\common\Skyrim\US\Downloads\AOS 2.5.1 Full Install-43773-2-5-1.rar
[12:59:34.4444573] [DebugWrite] [INSTALL] AV Atronachs
[12:59:34.4444573] [ExtractAll] Extracting: C:\Games\Steam\steamapps\common\Skyrim\US\Downloads\Aeternus Atronachs-22420-2-0.zip
[12:59:35.5414302] [DebugWrite] [INSTALL] AV Bellyache
[12:59:35.5414302] [ExtractAll] Extracting: C:\Games\Steam\steamapps\common\Skyrim\US\Downloads\Bellyaches Animals AV Package-21377-1-0.zip
[12:59:42.6907727] [DebugWrite] [INSTALL] AV Dog n Fox
[12:59:42.6907727] [ExtractAll] Extracting: C:\Games\Steam\steamapps\common\Skyrim\US\Downloads\Automatic Variants - GD Dogs and Foxes and Read Me-22727-1-1.zip
[12:59:44.5814504] [DebugWrite] [INSTALL] AV Draugr
[12:59:44.5814504] [ExtractAll] Extracting: C:\Games\Steam\steamapps\common\Skyrim\US\Downloads\StarX AV Package Draugr SDM-21542-1-02.7z
[12:59:49.2225687] [DebugWrite] [INSTALL] AV Dwemers
[12:59:49.2225687] [ExtractAll] Extracting: C:\Games\Steam\steamapps\common\Skyrim\US\Downloads\dwemer automatic variants-46207-1-1.7z
[12:59:52.5274993] [DebugWrite] [INSTALL] AV Falmer
[12:59:52.5274993] [ExtractAll] Extracting: C:\Games\Steam\steamapps\common\Skyrim\US\Downloads\StarX AV Package Falmer SDM-21542-1-02.7z
[12:59:53.4763410] [DebugWrite] [INSTALL] AV Giant
[12:59:53.4763410] [ExtractAll] Extracting: C:\Games\Steam\steamapps\common\Skyrim\US\Downloads\StarX AV Package Giant SDM-21542-1-02.7z
[12:59:54.3030762] [DebugWrite] [INSTALL] AV Hagraven
[12:59:54.3030762] [ExtractAll] Extracting: C:\Games\Steam\steamapps\common\Skyrim\US\Downloads\StarX AV Package Hagraven SDM-21542-1-02.7z
[12:59:55.0016955] [DebugWrite] [INSTALL] AV Huskies
[12:59:55.0016955] [ExtractAll] Extracting: C:\Games\Steam\steamapps\common\Skyrim\US\Downloads\Husky 2k Variants-63598-v1-0.7z
[12:59:56.1797470] [DebugWrite] [INSTALL] AV Insanity
[12:59:56.1797470] [ExtractAll] Extracting: C:\Games\Steam\steamapps\common\Skyrim\US\Downloads\InsanitySorrow AV Package-21377-1-1.zip
[12:59:58.0454024] [DebugWrite] [INSTALL] AV Sounaipr
[12:59:58.0454024] [ExtractAll] Extracting: C:\Games\Steam\steamapps\common\Skyrim\US\Downloads\Sounaipr AV Package-21377-1-2.zip
[12:59:59.9210661] [DebugWrite] [INSTALL] AV Storm Atro
[12:59:59.9210661] [ExtractAll] Extracting: C:\Games\Steam\steamapps\common\Skyrim\US\Downloads\Storms - Hotfixed-53715-1-12.rar
[13:00:00.1392598] [DebugWrite] [INSTALL] AV Trolls
[13:00:00.1392598] [ExtractAll] Extracting: C:\Games\Steam\steamapps\common\Skyrim\US\Downloads\StarX AV Package Trolls SDM-21542-1-0.7z
[13:00:01.3883676] [DebugWrite] [INSTALL] AV
[13:00:01.3883676] [ExtractAll] Extracting: C:\Games\Steam\steamapps\common\Skyrim\US\Downloads\Automatic Variants 2.0.1.3H-21377-2-0-1-3H.7z
[13:00:01.9178374] [DebugWrite] [INSTALL] Bandolier - Bags and Pouches
[13:00:01.9178374] [ExtractAll] Extracting: C:\Games\Steam\steamapps\common\Skyrim\US\Downloads\Bandolier - Bags and Pouches v1dot2-16438-1-2.7z
[13:00:03.0258205] [DebugWrite] [INSTALL] Bandolier - Dawnguard
[13:00:03.0268209] [ExtractAll] Extracting: C:\Games\Steam\steamapps\common\Skyrim\US\Downloads\Bandolier - Dawnguard v1-22119-1-0.zip
[13:00:03.1729510] [DebugWrite] [INSTALL] Bard Instrumentals Only - Sing Upon Request
[13:00:03.1729510] [ExtractAll] Extracting: C:\Games\Steam\steamapps\common\Skyrim\US\Downloads\Bard Instrumentals Only - Sing Upon Request USKP-58555-1-0.rar
[13:00:03.2029777] [DebugWrite] [INSTALL] Bathing in Skyrim
[13:00:03.2029777] [ExtractAll] Extracting: C:\Games\Steam\steamapps\common\Skyrim\US\Downloads\Bathing in Skyrim 1.11-60421-1-11.zip
[13:00:03.8685679] [DebugWrite] [INSTALL] Beards
[13:00:03.8685679] [ExtractAll] Extracting: C:\Games\Steam\steamapps\common\Skyrim\US\Downloads\Beards - 1K Resolution-28363-v4-1.rar
[13:00:04.0727494] [DebugWrite] [INSTALL] Better Animal Footsteps
[13:00:04.0727494] [ExtractAll] Extracting: C:\Games\Steam\steamapps\common\Skyrim\US\Downloads\Better Animal Footsteps 1.5-24805-1-5.7z
[13:00:04.6532637] [DebugWrite] [INSTALL] Better College Application
[13:00:04.6532637] [ExtractAll] Extracting: C:\Games\Steam\steamapps\common\Skyrim\US\Downloads\College Application - Plugin Version-60061-2.7z
[13:00:04.8033973] [DebugWrite] [INSTALL] Better Dialogue Controls
[13:00:04.8033973] [ExtractAll] Extracting: C:\Games\Steam\steamapps\common\Skyrim\US\Downloads\Better Dialogue Controls v1_2-27371-1-2.zip
[13:00:04.8354258] [DebugWrite] [INSTALL] Better Docks
[13:00:04.8354258] [ExtractAll] Extracting: C:\Games\Steam\steamapps\common\Skyrim\US\Downloads\Better Docks FOMOD Installer-14087-1-7.rar
[13:00:05.1707233] [DebugWrite] [INSTALL] Better Horse Pain Sounds
[13:00:05.1707233] [ExtractAll] Extracting: C:\Games\Steam\steamapps\common\Skyrim\US\Downloads\Better Horse Pain Sounds-12608-1.zip
[13:00:05.2087573] [DebugWrite] [INSTALL] Better MessageBox Controls
[13:00:05.2087573] [ExtractAll] Extracting: C:\Games\Steam\steamapps\common\Skyrim\US\Downloads\Better MessageBox Controls v1_2-28170-1-2.zip
[13:00:05.2287746] [DebugWrite] [INSTALL] Better Stealing
[13:00:05.2287746] [ExtractAll] Extracting: C:\Games\Steam\steamapps\common\Skyrim\US\Downloads\Better Stealing 1_0-75296-1-0.zip
[13:00:05.2638062] [DebugWrite] [INSTALL] Better Vampire Fangs and Eyes
[13:00:05.2638062] [ExtractAll] Extracting: C:\Games\Steam\steamapps\common\Skyrim\US\Downloads\Better Vampire Fangs and Eyes-38829-1-0.zip
[13:00:06.2536838] [DebugWrite] [INSTALL] Book Covers Skyrim - Lost Library
[13:00:06.2536838] [ExtractAll] Extracting: C:\Games\Steam\steamapps\common\Skyrim\US\Downloads\Book Covers Skyrim - Lost Library - DESATURATED-57120-1-7.7z
[13:00:17.2554433] [DebugWrite] [INSTALL] Book Covers Skyrim
[13:00:17.2554433] [ExtractAll] Extracting: C:\Games\Steam\steamapps\common\Skyrim\US\Downloads\Book Covers Skyrim 3_6 LEGENDARY - Desaturated-35399-3-6.7z
[13:00:43.4346672] [DebugWrite] [INSTALL] BreezehomeTNF - Hearthfire
[13:00:43.4346672] [ExtractAll] Extracting: C:\Games\Steam\steamapps\common\Skyrim\US\Downloads\BHTNFver2-8-31222-2-8.rar
[13:00:43.4526836] [DebugWrite] [INSTALL] Brigandage
[13:00:43.4526836] [ExtractAll] Extracting: C:\Games\Steam\steamapps\common\Skyrim\US\Downloads\Brigandage v.4-32706-4.7z
[13:00:50.3998460] [DebugWrite] [INSTALL] Brows
[13:00:50.3998460] [ExtractAll] Extracting: C:\Games\Steam\steamapps\common\Skyrim\US\Downloads\Standard Resolution-30411-v3-1.rar
[13:00:51.2526029] [DebugWrite] [INSTALL] Bug fixes
[13:00:51.2526029] [ExtractAll] Extracting: C:\Games\Steam\steamapps\common\Skyrim\US\Downloads\Bug Fixes v1-76747-1.zip
[13:00:51.2926382] [DebugWrite] [INSTALL] Campfire
[13:00:51.2926382] [ExtractAll] Extracting: C:\Games\Steam\steamapps\common\Skyrim\US\Downloads\Campfire 1.11-64798-1-11.zip
[13:00:51.6579629] [DebugWrite] [INSTALL] Carriage and Ferry Travel Overhaul - Covered Carriages Addon
[13:00:51.6579629] [ExtractAll] Extracting: C:\Games\Steam\steamapps\common\Skyrim\US\Downloads\CFTO - Covered Carriages add-on-68221-.7z
[13:00:51.6759785] [DebugWrite] [INSTALL] Carriage and Ferry Travel Overhaul
[13:00:51.6759785] [ExtractAll] Extracting: C:\Games\Steam\steamapps\common\Skyrim\US\Downloads\Carriage and Ferry Travel Overhaul-68221-2-0.7z
[13:00:53.5926789] [DebugWrite] [INSTALL] Cidhna Mine Expanded (Deluxe)
[13:00:53.5926789] [ExtractAll] Extracting: C:\Games\Steam\steamapps\common\Skyrim\US\Downloads\Cidhna Mine Expanded - Deluxe Version-59277-1-2.7z
[13:00:54.3243285] [DebugWrite] [INSTALL] Cloaks of Skyrim
[13:00:54.3253289] [ExtractAll] Extracting: C:\Games\Steam\steamapps\common\Skyrim\US\Downloads\Cloaks of Skyrim 1-2 -12092-1-2.rar
[13:00:59.7081050] [DebugWrite] [INSTALL] Clothing and Clutter Fixes 2.0
[13:00:59.7081050] [ExtractAll] Extracting: C:\Games\Steam\steamapps\common\Skyrim\US\Downloads\Clothing and Clutter Fixes-43053-2-0.zip
[13:01:05.5232622] [DebugWrite] [INSTALL] ClothingCraft - Darker Flax
[13:01:05.5232622] [ExtractAll] Extracting: C:\Games\Steam\steamapps\common\Skyrim\US\Downloads\ClothingCraft - Darker Flax-67176-1-0.7z
[13:01:05.5642991] [DebugWrite] [INSTALL] ClothingCraft
[13:01:05.5642991] [ExtractAll] Extracting: C:\Games\Steam\steamapps\common\Skyrim\US\Downloads\ClothingCraft v1.11 for Immersive Armors-67176-1-11.7z
[13:01:07.4419657] [DebugWrite] [INSTALL] Cobb Positioner 2.3.2
[13:01:07.4419657] [ExtractAll] Extracting: C:\Games\Steam\steamapps\common\Skyrim\US\Downloads\Cobb Positioner-74768-2-3-2-1548901538.rar
[13:01:07.5370484] [DebugWrite] [INSTALL] College of Winterhold Entry Requirements
[13:01:07.5370484] [ExtractAll] Extracting: C:\Games\Steam\steamapps\common\Skyrim\US\Downloads\College of Winterhold Entry Requirements 2.4-38448-2-4.zip
[13:01:07.6291309] [DebugWrite] [INSTALL] Combat Evolved
[13:01:07.6291309] [ExtractAll] Extracting: C:\Games\Steam\steamapps\common\Skyrim\US\Downloads\Combat Evolved - Modular-56147-2-4b.7z
[13:01:07.6441441] [DebugWrite] [INSTALL] Complete Crafting Overhaul Remade
[13:01:07.6451452] [ExtractAll] Extracting: C:\Games\Steam\steamapps\common\Skyrim\US\Downloads\Complete Crafting Overhaul Remade-49791-1-7.7z
[13:01:09.7119784] [DebugWrite] [INSTALL] ConsoleUtil
[13:01:09.7119784] [ExtractAll] Extracting: C:\Games\Steam\steamapps\common\Skyrim\US\Downloads\ConsoleUtil v3-66257-3.zip
[13:01:09.7610219] [DebugWrite] [INSTALL] Content Addon Reqtified - Complete
[13:01:09.7610219] [ExtractAll] Extracting: C:\Games\Steam\steamapps\common\Skyrim\US\Downloads\CAR - Content Addon Reqtified-72562-1-0b2.7z
[13:01:09.7830417] [DebugWrite] [INSTALL] Covered Carriages (SMIM Version)
[13:01:09.7830417] [ExtractAll] Extracting: C:\Games\Steam\steamapps\common\Skyrim\US\Downloads\Covered Carriages - SMIM Version-37084-v2-5.7z
[13:01:09.8641136] [DebugWrite] [INSTALL] Craft-able Bottled Water for Requiem
[13:01:09.8641136] [ExtractAll] Extracting: C:\Games\Steam\steamapps\common\Skyrim\US\Downloads\Requiem - Craft-able Bottled Water-90452-1-0-0-0.rar
[13:01:09.9011459] [DebugWrite] [INSTALL] Craftable Hearthfire Planters
[13:01:09.9011459] [ExtractAll] Extracting: C:\Games\Steam\steamapps\common\Skyrim\US\Downloads\Craftable planters 1.1-73449-1-1.7z
[13:01:10.0232548] [DebugWrite] [INSTALL] Craftable Horse Barding
[13:01:10.0232548] [ExtractAll] Extracting: C:\Games\Steam\steamapps\common\Skyrim\US\Downloads\Craftable Horse Barding-64069-3-4.7z
[13:01:13.2711359] [DebugWrite] [INSTALL] Crafting Overhaul Reqtified 2.1b3
[13:01:13.2711359] [ExtractAll] Extracting: C:\Games\Steam\steamapps\common\Skyrim\US\Downloads\COR - Crafting Overhaul Reqtified-61569-2-1b3.7z
[13:01:13.3442006] [DebugWrite] [INSTALL] Crash Fixes v12 - Beta
[13:01:13.3442006] [ExtractAll] Extracting: C:\Games\Steam\steamapps\common\Skyrim\US\Downloads\Crash Fixes v12 - Beta 4-72725-12.zip
[13:01:13.4012512] [DebugWrite] [INSTALL] Customizable Camera 2.11
[13:01:13.4012512] [ExtractAll] Extracting: C:\Games\Steam\steamapps\common\Skyrim\US\Downloads\Customizable Camera 2.11-37347-2-11.zip
[13:01:13.4913312] [DebugWrite] [INSTALL] Cutting Room Floor 2.0.9
[13:01:13.4913312] [ExtractAll] Extracting: C:\Games\Steam\steamapps\common\Skyrim\US\Downloads\Cutting Room Floor-47327-2-0-9-1557701310.7z
[13:01:13.8866819] [DebugWrite] [INSTALL] Dark Brotherhood Reborn - Dawnstar Sanctuary
[13:01:13.8866819] [ExtractAll] Extracting: C:\Games\Steam\steamapps\common\Skyrim\US\Downloads\Dark Brotherhood Reborn - Dawnstar Sanctuary-20700-1-0-7.zip
[13:01:15.7513365] [DebugWrite] [INSTALL] Dawn of Skyrim (Original Collection) - 1.3 Update
[13:01:15.7513365] [ExtractAll] Extracting: C:\Games\Steam\steamapps\common\Skyrim\US\Downloads\Upgrade to 1.3-58275-1-3.zip
[13:01:15.7813633] [DebugWrite] [INSTALL] Dawn of Skyrim (Original Collection)
[13:01:15.7813633] [ExtractAll] Extracting: C:\Games\Steam\steamapps\common\Skyrim\US\Downloads\Dawn of Skyrim Collection 1.2-58275-1-2.zip
[13:01:17.1355643] [DebugWrite] [INSTALL] Dawnguard Rewritten - Arvak
[13:01:17.1355643] [ExtractAll] Extracting: C:\Games\Steam\steamapps\common\Skyrim\US\Downloads\Dawnguard Rewritten - Arvak-24019-1-1-1.7z
[13:01:18.9391641] [DebugWrite] [INSTALL] Dead Body Collision Fix
[13:01:18.9391641] [ExtractAll] Extracting: C:\Games\Steam\steamapps\common\Skyrim\US\Downloads\With Improved Fireball Spell-30947-v2-4.rar
[13:01:18.9651877] [DebugWrite] [INSTALL] Detailed Rugs 1.5
[13:01:18.9651877] [ExtractAll] Extracting: C:\Games\Steam\steamapps\common\Skyrim\US\Downloads\Detailed Rugs v1-5-29608-1-5.rar
[13:01:20.4242254] [DebugWrite] [INSTALL] Disabled Ranged and Magic KillCams
[13:01:20.4242254] [ExtractAll] Extracting: C:\Games\Steam\steamapps\common\Skyrim\US\Downloads\Disable Ranged KillCams-18938-1-1.7z
[13:01:20.4432411] [DebugWrite] [INSTALL] Display Enemy Level
[13:01:20.4432411] [ExtractAll] Extracting: C:\Games\Steam\steamapps\common\Skyrim\US\Downloads\DisplayEnemyLevel 1.3.1-90041-1-3-1-1556604377.7z
[13:01:20.5293174] [DebugWrite] [INSTALL] Dragon Masks Retextured
[13:01:20.5293174] [ExtractAll] Extracting: C:\Games\Steam\steamapps\common\Skyrim\US\Downloads\Main File -54805-V2.7z
[13:01:28.0409813] [DebugWrite] [INSTALL] Dragon Priest Mask Journal
[13:01:28.0409813] [ExtractAll] Extracting: C:\Games\Steam\steamapps\common\Skyrim\US\Downloads\DragonPriestMaskJournal1-0-14042-1-0.zip
[13:01:28.0660036] [DebugWrite] [INSTALL] Dragon Stalking Fix
[13:01:28.0660036] [ExtractAll] Extracting: C:\Games\Steam\steamapps\common\Skyrim\US\Downloads\Dragon Stalking Fix-54274-1-2.7z
[13:01:28.1831089] [DebugWrite] [INSTALL] Dual Wield Parrying Reimplementation
[13:01:28.1831089] [ExtractAll] Extracting: C:\Games\Steam\steamapps\common\Skyrim\US\Downloads\Dual_wield_parrying_re_1.9-52979-1-9.zip
[13:01:28.2301494] [DebugWrite] [INSTALL] Dust Effects
[13:01:28.2301494] [ExtractAll] Extracting: C:\Games\Steam\steamapps\common\Skyrim\US\Downloads\Dust Effects v2.0-44201-2-0.7z
[13:01:28.2661835] [DebugWrite] [INSTALL] DVA Dynamic Vampire Appearance
[13:01:28.2661835] [ExtractAll] Extracting: C:\Games\Steam\steamapps\common\Skyrim\US\Downloads\DVA Dynamic Vampire Appearance-41634-1-1.zip
[13:01:29.8465834] [DebugWrite] [INSTALL] Dynamic Immersive Seriously Dark Dungeons 2.91
[13:01:29.8465834] [ExtractAll] Extracting: C:\Games\Steam\steamapps\common\Skyrim\US\Downloads\Dungeon Darkness v2.9.1-72594-2-9-1-1555210932.7z
[13:01:31.1627508] [DebugWrite] [INSTALL] Dynamic Things - Enhanced
[13:01:31.1627508] [ExtractAll] Extracting: C:\Games\Steam\steamapps\common\Skyrim\US\Downloads\Dynamic Things - Enhanced v1.7-54116-1-7.7z
[13:01:31.4309893] [DebugWrite] [INSTALL] Dynamic Things
[13:01:31.4309893] [ExtractAll] Extracting: C:\Games\Steam\steamapps\common\Skyrim\US\Downloads\Dynamic Things-32448-1-40.rar
[13:01:31.5180657] [DebugWrite] [INSTALL] Easy Wheelmenu
[13:01:31.5180657] [ExtractAll] Extracting: C:\Games\Steam\steamapps\common\Skyrim\US\Downloads\Easy Wheel Menu-69878-4-2.7z
[13:01:31.5410864] [DebugWrite] [INSTALL] Enchantment Reload Fix
[13:01:31.5410864] [ExtractAll] Extracting: C:\Games\Steam\steamapps\common\Skyrim\US\Downloads\Enchantment Reload Fix-52717-1-2.7z
[13:01:31.5821225] [DebugWrite] [INSTALL] Enhanced Camera
[13:01:31.5821225] [ExtractAll] Extracting: C:\Games\Steam\steamapps\common\Skyrim\US\Downloads\Enhanced Camera 1.4-57859-1-4.zip
[13:01:31.6291646] [DebugWrite] [INSTALL] Enhanced Skyrim Factions - The Companions Guild
[13:01:31.6301655] [ExtractAll] Extracting: C:\Games\Steam\steamapps\common\Skyrim\US\Downloads\ESFCompanions FULL VERSION-22650-0-3-8.7z
[13:01:32.2136830] [DebugWrite] [INSTALL] Even Better Quest Objectives 1.7
[13:01:32.2136830] [ExtractAll] Extracting: C:\Games\Steam\steamapps\common\Skyrim\US\Downloads\Even Better Quest Objectives v1.7-32695-1-7-1544641942.7z
[13:01:32.4739135] [DebugWrite] [INSTALL] Exchange currency
[13:01:32.4739135] [ExtractAll] Extracting: C:\Games\Steam\steamapps\common\Skyrim\US\Downloads\Exchange currency-67504-3-01.zip
[13:01:32.7551633] [DebugWrite] [INSTALL] Expanded Towns and Cities Complete 14.3.1
[13:01:32.7551633] [ExtractAll] Extracting: C:\Games\Steam\steamapps\common\Skyrim\US\Downloads\00. ETaC Old v14.3.1 Complete-13608-14-3-1.7z
[13:01:46.1630574] [DebugWrite] [INSTALL] Faction Crossbows
[13:01:46.1630574] [ExtractAll] Extracting: C:\Games\Steam\steamapps\common\Skyrim\US\Downloads\A. Faction Crossbows 2K-58704-1-03.7z
[13:01:50.2717027] [DebugWrite] [INSTALL] Fences of Skyrim
[13:01:50.2717027] [ExtractAll] Extracting: C:\Games\Steam\steamapps\common\Skyrim\US\Downloads\Fences of Skyrim-58980-2-0.zip
[13:01:50.2967256] [DebugWrite] [INSTALL] FileAccess Interface for Skyrim Script - FISS
[13:01:50.2967256] [ExtractAll] Extracting: C:\Games\Steam\steamapps\common\Skyrim\US\Downloads\FileAccess Interface for Skyrim Scripts - FISS-48265-1-21.7z
[13:01:50.3928113] [DebugWrite] [INSTALL] Fishing In Skyrim
[13:01:50.3928113] [ExtractAll] Extracting: C:\Games\Steam\steamapps\common\Skyrim\US\Downloads\Fishing In Skyrim-16139-1-00.7z
[13:01:50.9012609] [DebugWrite] [INSTALL] FNIS PCEA2 - Player Exclusive Animations (dynamic)
[13:01:50.9022619] [ExtractAll] Extracting: C:\Games\Steam\steamapps\common\Skyrim\US\Downloads\FNIS PCEA2 1.3-71055-1-3.7z
[13:01:53.7347765] [DebugWrite] [INSTALL] Follower Potions 2.00.02
[13:01:53.7347765] [ExtractAll] Extracting: C:\Games\Steam\steamapps\common\Skyrim\US\Downloads\Follower Potions-78982-2-00-02.7z
[13:01:53.9379550] [DebugWrite] [INSTALL] Follower Trap Safety
[13:01:53.9379550] [ExtractAll] Extracting: C:\Games\Steam\steamapps\common\Skyrim\US\Downloads\Follower Trap Safety v1_3-11609-1-3.zip
[13:01:53.9629782] [DebugWrite] [INSTALL] Footprints
[13:01:53.9629782] [ExtractAll] Extracting: C:\Games\Steam\steamapps\common\Skyrim\US\Downloads\Footprints v1_00 - Legendary-22745-1-00.7z
[13:01:54.6345731] [DebugWrite] [INSTALL] Fores New Idles in Skyrim 7.4.5
[13:01:54.6345731] [ExtractAll] Extracting: C:\Games\Steam\steamapps\common\Skyrim\US\Downloads\FNIS Behavior 7_4_5-11811-7-4-5.7z
[13:01:56.0398197] [DebugWrite] [INSTALL] Frostfall 3.4 Release
[13:01:56.0398197] [ExtractAll] Extracting: C:\Games\Steam\steamapps\common\Skyrim\US\Downloads\Frostfall 3.4.1 Release-11163-3-4-1.zip
[13:01:56.3370834] [DebugWrite] [INSTALL] Fuz Ro Doh 6.1
[13:01:56.3370834] [ExtractAll] Extracting: C:\Games\Steam\steamapps\common\Skyrim\US\Downloads\Fuz Ro Doh 61-14884-6-1.7z
[13:01:56.4561893] [DebugWrite] [INSTALL] Gemling Queen Jewelry
[13:01:56.4561893] [ExtractAll] Extracting: C:\Games\Steam\steamapps\common\Skyrim\US\Downloads\Gemling Queen Jewelry - All In One Installer v4-1c-52266-4-1c.7z
[13:01:58.3158390] [DebugWrite] [INSTALL] GIST - Genuinely Intelligent Soul Trap
[13:01:58.3158390] [ExtractAll] Extracting: C:\Games\Steam\steamapps\common\Skyrim\US\Downloads\GIST Soul Trap-89971-1-2.zip
[13:01:58.3638812] [DebugWrite] [INSTALL] Google's Locked City Gates
[13:01:58.3638812] [ExtractAll] Extracting: C:\Games\Steam\steamapps\common\Skyrim\US\Downloads\Google's Locked City Gates-86539-1-0-1.7z
[13:01:58.3889040] [DebugWrite] [INSTALL] Grass on Steroids Regular - Vanilla
[13:01:58.3889040] [ExtractAll] Extracting: C:\Games\Steam\steamapps\common\Skyrim\US\Downloads\GrassOnSteroids Regular Vanilla-33582-1-3a.zip
[13:01:58.4049181] [DebugWrite] [INSTALL] Grimy Plugin
[13:01:58.4049181] [ExtractAll] Extracting: C:\Games\Steam\steamapps\common\Skyrim\US\Downloads\Grimy Plugin-69341-1-14.rar
[13:01:58.4719773] [DebugWrite] [INSTALL] Guard Dialogue Overhaul
[13:01:58.4719773] [ExtractAll] Extracting: C:\Games\Steam\steamapps\common\Skyrim\US\Downloads\Guard Dialogue Overhaul-23390-1-4.7z
[13:01:58.5660607] [DebugWrite] [INSTALL] Guess the Distance - Perceptive Scouting
[13:01:58.5660607] [ExtractAll] Extracting: C:\Games\Steam\steamapps\common\Skyrim\US\Downloads\Guess the Distance v1_1_3b-30816-1-1-3b.rar
[13:01:58.6421284] [DebugWrite] [INSTALL] HD Enhanced Terrain
[13:01:58.6421284] [ExtractAll] Extracting: C:\Games\Steam\steamapps\common\Skyrim\US\Downloads\HD Enhanced Terrain PRO - Blended Version-29782-PRO.rar
[13:01:58.7211979] [DebugWrite] [INSTALL] HD Stone Quarry and Clay Deposit for Hearthfire
[13:01:58.7211979] [ExtractAll] Extracting: C:\Games\Steam\steamapps\common\Skyrim\US\Downloads\ HD Stone Quarry and Clay Deposit 2K-38479-1-0.7z
[13:01:59.7491104] [DebugWrite] [INSTALL] Heart of the Beast - Werewolf Sound and Texture Overhaul
[13:01:59.7491104] [ExtractAll] Extracting: C:\Games\Steam\steamapps\common\Skyrim\US\Downloads\Alpha werewolf sounds - Lower volume-13779-1-8.rar
[13:02:00.1524681] [DebugWrite] [INSTALL] Hearthfire Extended (Legendary)
[13:02:00.1524681] [ExtractAll] Extracting: C:\Games\Steam\steamapps\common\Skyrim\US\Downloads\Hearthfire Extended - All DLCs (Legendary Edition)-66783-1-0-3.7z
[13:02:01.0682804] [DebugWrite] [INSTALL] Heavy Armory - aMidianBorn Skyforge Patch
[13:02:01.0682804] [ExtractAll] Extracting: C:\Games\Steam\steamapps\common\Skyrim\US\Downloads\Heavy Armory - aMidianBorn Skyforge Patch-21120-3-3.7z
[13:02:01.1393435] [DebugWrite] [INSTALL] Heavy Armory
[13:02:01.1393435] [ExtractAll] Extracting: C:\Games\Steam\steamapps\common\Skyrim\US\Downloads\Heavy Armory V3.3-21120-3-3.7z
[13:02:01.7498852] [DebugWrite] [INSTALL] Heljarchen Farm
[13:02:01.7498852] [ExtractAll] Extracting: C:\Games\Steam\steamapps\common\Skyrim\US\Downloads\Heljarchen Farm - BSA-50992-1-47.zip
[13:02:02.2953690] [DebugWrite] [INSTALL] Hidden Hideouts of Skyrim - DLC
[13:02:02.2953690] [ExtractAll] Extracting: C:\Games\Steam\steamapps\common\Skyrim\US\Downloads\Hidden Hideouts of Skyrim - DLC-49723-3-1a.7z
[13:02:02.3304000] [DebugWrite] [INSTALL] Hidden Hideouts of Skyrim
[13:02:02.3304000] [ExtractAll] Extracting: C:\Games\Steam\steamapps\common\Skyrim\US\Downloads\Hidden Hideouts of Skyrim - Merged-49723-3-1.7z
[13:02:02.4314900] [DebugWrite] [INSTALL] High Quality LODs Hi-Res
[13:02:02.4334918] [ExtractAll] Extracting: C:\Games\Steam\steamapps\common\Skyrim\US\Downloads\HQLODs - Meshes Hi-Res-4834.7z
[13:02:09.6609033] [DebugWrite] [INSTALL] Hjerim TNF - Hearthfire
[13:02:09.6609033] [ExtractAll] Extracting: C:\Games\Steam\steamapps\common\Skyrim\US\Downloads\HjerimTNF 0-3-44807-0-3.rar
[13:02:09.7489814] [DebugWrite] [INSTALL] Hold Border Banners
[13:02:09.7489814] [ExtractAll] Extracting: C:\Games\Steam\steamapps\common\Skyrim\US\Downloads\Hold Border Banners-43493-1-0.rar
[13:02:09.7800086] [DebugWrite] [INSTALL] Holidays
[13:02:09.7800086] [ExtractAll] Extracting: C:\Games\Steam\steamapps\common\Skyrim\US\Downloads\Holidays v2_0-64820-2-0.7z
[13:02:11.2322971] [DebugWrite] [INSTALL] Honed Metal 1.091
[13:02:11.2322971] [ExtractAll] Extracting: C:\Games\Steam\steamapps\common\Skyrim\US\Downloads\Honed Metal-51024-1-091.7z
[13:02:11.5705974] [DebugWrite] [INSTALL] Honeyside TNF - Hearthfire
[13:02:11.5705974] [ExtractAll] Extracting: C:\Games\Steam\steamapps\common\Skyrim\US\Downloads\HSTNF 1-6-33888-1-6.rar
[13:02:11.5876123] [DebugWrite] [INSTALL] Horses Revamped - Animations
[13:02:11.5876123] [ExtractAll] Extracting: C:\Games\Steam\steamapps\common\Skyrim\US\Downloads\Horses Revamped - Animations-70640-1-0.7z
[13:02:11.6686845] [DebugWrite] [INSTALL] House of Horrors Alternate Ending
[13:02:11.6686845] [ExtractAll] Extracting: C:\Games\Steam\steamapps\common\Skyrim\US\Downloads\HouseOfHorrorsAlternateEnding-21700-1-00.zip
[13:02:11.6897029] [DebugWrite] [INSTALL] Hunterborn 1.6
[13:02:11.6897029] [ExtractAll] Extracting: C:\Games\Steam\steamapps\common\Skyrim\US\Downloads\Hunterborn-33201-1-6-1540444495.7z
[13:02:16.2417412] [DebugWrite] [INSTALL] Hunterborn SkyTEST Patch
[13:02:16.2417412] [ExtractAll] Extracting: C:\Games\Steam\steamapps\common\Skyrim\US\Downloads\Hunterborn SkyTEST Patch v1.5-68822-1-5.7z
[13:02:16.3278174] [DebugWrite] [INSTALL] Hunters Not Bandits 3.1
[13:02:16.3278174] [ExtractAll] Extracting: C:\Games\Steam\steamapps\common\Skyrim\US\Downloads\Hunters Not Bandits for RDO-79258-3-1.7z
[13:02:16.3488360] [DebugWrite] [INSTALL] iEquip 1.1
[13:02:16.3488360] [ExtractAll] Extracting: C:\Games\Steam\steamapps\common\Skyrim\US\Downloads\iEquip_LE-97177-1-1-1564120712.7z
[13:02:17.3427179] [DebugWrite] [INSTALL] Immersive Armors
[13:02:17.3427179] [ExtractAll] Extracting: C:\Games\Steam\steamapps\common\Skyrim\US\Downloads\Immersive Armors v8-19733-8.7z
[13:03:10.0474728] [DebugWrite] [INSTALL] Immersive Children 5.0
[13:03:10.0474728] [ExtractAll] Extracting: C:\Games\Steam\steamapps\common\Skyrim\US\Downloads\Immersive Children 5.0 FOMOD Installer (4th Revision)-83554-5-0.7z
[13:03:10.1625752] [DebugWrite] [INSTALL] Immersive College of Winterhold 5.3
[13:03:10.1625752] [ExtractAll] Extracting: C:\Games\Steam\steamapps\common\Skyrim\US\Downloads\Immersive College of Winterhold-36849-V5-3-1547415537.7z
[13:03:19.9292392] [DebugWrite] [INSTALL] Immersive Compass - iCompass
[13:03:19.9292392] [ExtractAll] Extracting: C:\Games\Steam\steamapps\common\Skyrim\US\Downloads\iCompass - Immersive Compass-56992-1-0.rar
[13:03:19.9442526] [DebugWrite] [INSTALL] Immersive Horses 2K Horse Textures
[13:03:19.9442526] [ExtractAll] Extracting: C:\Games\Steam\steamapps\common\Skyrim\US\Downloads\Immersive Horses 2K Horse Textures-64067-1-0.7z
[13:03:22.9018763] [DebugWrite] [INSTALL] Immersive Horses
[13:03:22.9018763] [ExtractAll] Extracting: C:\Games\Steam\steamapps\common\Skyrim\US\Downloads\Immersive Horses-64067-2-5.7z
[13:03:24.1639960] [DebugWrite] [INSTALL] Immersive HUD - iHUD
[13:03:24.1639960] [ExtractAll] Extracting: C:\Games\Steam\steamapps\common\Skyrim\US\Downloads\Immersive HUD - iHUD-3222-3-0-03.rar
[13:03:24.1850148] [DebugWrite] [INSTALL] Immersive Patrols 2.2.2
[13:03:24.1850148] [ExtractAll] Extracting: C:\Games\Steam\steamapps\common\Skyrim\US\Downloads\Immersive Patrols-12977-2-2-2-1556497169.7z
[13:03:25.0898172] [DebugWrite] [INSTALL] Immersive Sounds - Compendium
[13:03:25.0908183] [ExtractAll] Extracting: C:\Games\Steam\steamapps\common\Skyrim\US\Downloads\Immersive Sounds Compendium 2.0.2-54387-2-0-2.zip
[13:03:40.1321614] [DebugWrite] [INSTALL] Imperial Mail - Post and Banking Service
[13:03:40.1321614] [ExtractAll] Extracting: C:\Games\Steam\steamapps\common\Skyrim\US\Downloads\Imperial Mail-63247-2-1-1.7z
[13:03:40.8457946] [DebugWrite] [INSTALL] Improved Arjestin Font Replacement
[13:03:40.8457946] [ExtractAll] Extracting: C:\Games\Steam\steamapps\common\Skyrim\US\Downloads\Improved Arjestin Font Replacement-72179-1-00.rar
[13:03:40.9338725] [DebugWrite] [INSTALL] Improved closefaced helmets
[13:03:40.9338725] [ExtractAll] Extracting: C:\Games\Steam\steamapps\common\Skyrim\US\Downloads\Improved Closefaced Helmets (Legendary Edition)-15927-1-57.zip
[13:03:42.0868955] [DebugWrite] [INSTALL] Inconsequential NPCs
[13:03:42.0868955] [ExtractAll] Extracting: C:\Games\Steam\steamapps\common\Skyrim\US\Downloads\Inconsequential NPCs 1 dot 9e-36334-1-9e.rar
[13:03:43.4040649] [DebugWrite] [INSTALL] Indistinguishable Vanilla Tree Billboards High Res
[13:03:43.4040649] [ExtractAll] Extracting: C:\Games\Steam\steamapps\common\Skyrim\US\Downloads\Vanilla Skyrim and Dragonborn billboards High Res 1024-75269-1-4.7z
[13:03:44.2037735] [DebugWrite] [INSTALL] iNeed - Food, Water and Sleep
[13:03:44.2037735] [ExtractAll] Extracting: C:\Games\Steam\steamapps\common\Skyrim\US\Downloads\iNeed v1_602-51473-1-602.7z
[13:03:44.4109573] [DebugWrite] [INSTALL] Interior and Dungeon Fog Remover
[13:03:44.4109573] [ExtractAll] Extracting: C:\Games\Steam\steamapps\common\Skyrim\US\Downloads\Fog Mesh Remover-736.zip
[13:03:44.6331544] [DebugWrite] [INSTALL] iWASM - Immersive Wait And Sleep Menu
[13:03:44.6331544] [ExtractAll] Extracting: C:\Games\Steam\steamapps\common\Skyrim\US\Downloads\iWASM V 1-51087-1-0.rar
[13:03:44.6531721] [DebugWrite] [INSTALL] JaySuS Swords V13C to V13D Update
[13:03:44.6531721] [ExtractAll] Extracting: C:\Games\Steam\steamapps\common\Skyrim\US\Downloads\JaySuS Swords V13C to V13D Update-1002-13D.rar
[13:03:45.0575310] [DebugWrite] [INSTALL] JaySuS Swords
[13:03:45.0575310] [ExtractAll] Extracting: C:\Games\Steam\steamapps\common\Skyrim\US\Downloads\JaySuS Swords V13C-1002-13C.rar
[13:03:48.4445357] [DebugWrite] [INSTALL] JContainers
[13:03:48.4445357] [ExtractAll] Extracting: C:\Games\Steam\steamapps\common\Skyrim\US\Downloads\JContainers-49743-3-3-0-RC-3.zip
[13:03:48.9679998] [DebugWrite] [INSTALL] JS Dragon Claws
[13:03:48.9679998] [ExtractAll] Extracting: C:\Games\Steam\steamapps\common\Skyrim\US\Downloads\2k Textures-75377-1-1.rar
[13:03:52.8894789] [DebugWrite] [INSTALL] Kryptopyr's Fixes Reqtified 2.1b5
[13:03:52.8894789] [ExtractAll] Extracting: C:\Games\Steam\steamapps\common\Skyrim\US\Downloads\KFR - Kryptopyr's Fixes Reqtified-61520-2-1b5.7z
[13:03:53.3508878] [DebugWrite] [INSTALL] LeanWolf's Better-Shaped Weapons - All in One Installer
[13:03:53.3508878] [ExtractAll] Extracting: C:\Games\Steam\steamapps\common\Skyrim\US\Downloads\LeanWolfs Better-Shaped Weapons v2.0.09-39870-2-0-09.7z
[13:03:55.2575796] [DebugWrite] [INSTALL] Less Annoying Merchants
[13:03:55.2575796] [ExtractAll] Extracting: C:\Games\Steam\steamapps\common\Skyrim\US\Downloads\Less Annoying Merchants v1-58487-1-0.7z
[13:03:55.7470137] [DebugWrite] [INSTALL] Less Intrusive HUD II - FISS Patch
[13:03:55.7470137] [ExtractAll] Extracting: C:\Games\Steam\steamapps\common\Skyrim\US\Downloads\Less Intrusive HUD II - FISS Patch -towatot-35154-1.rar
[13:03:55.7720356] [DebugWrite] [INSTALL] Less Intrusive HUD II
[13:03:55.7720356] [ExtractAll] Extracting: C:\Games\Steam\steamapps\common\Skyrim\US\Downloads\Less Intrusive Hud - Main files-35154-1-1.rar
[13:03:55.7980589] [DebugWrite] [INSTALL] Loot and Degradation
[13:03:55.7980589] [ExtractAll] Extracting: C:\Games\Steam\steamapps\common\Skyrim\US\Downloads\Loot and Degradation v1_31-55677-1-31.7z
[13:03:55.9521957] [DebugWrite] [INSTALL] Lore-Based Loading Screens
[13:03:55.9521957] [ExtractAll] Extracting: C:\Games\Steam\steamapps\common\Skyrim\US\Downloads\Lore-Based Loading Screens 1.2-21265-1-2.zip
[13:03:55.9792195] [DebugWrite] [INSTALL] Memory Blocks Log
[13:03:55.9792195] [ExtractAll] Extracting: C:\Games\Steam\steamapps\common\Skyrim\US\Downloads\MemoryBlockLog-50471-1-2.zip
[13:03:56.0222583] [DebugWrite] [INSTALL] Mfg Console
[13:03:56.0222583] [ExtractAll] Extracting: C:\Games\Steam\steamapps\common\Skyrim\US\Downloads\MfgConsole-44596-1-1.zip
[13:03:56.0863148] [DebugWrite] [INSTALL] Mining Makes Noise - CCO Version
[13:03:56.0863148] [ExtractAll] Extracting: C:\Games\Steam\steamapps\common\Skyrim\US\Downloads\Mining Makes Noise_CCO Version-31799-2-1.zip
[13:03:56.1073335] [DebugWrite] [INSTALL] Missives 2.03
[13:03:56.1073335] [ExtractAll] Extracting: C:\Games\Steam\steamapps\common\Skyrim\US\Downloads\Missives 2.03-85815-2-03-1562184950.rar
[13:03:56.3265277] [DebugWrite] [INSTALL] Moonlight Tales - Werewolf and Werebear Essentials
[13:03:56.3265277] [ExtractAll] Extracting: C:\Games\Steam\steamapps\common\Skyrim\US\Downloads\Moonlight Tales - Essentials - Version 2_51-59463-2-51.7z
[13:04:11.9233638] [DebugWrite] [INSTALL] moreHUD Inventory Edition
[13:04:11.9233638] [ExtractAll] Extracting: C:\Games\Steam\steamapps\common\Skyrim\US\Downloads\moreHUD Inventory Edition-93378-1-0-5-1556056485.7z
[13:04:11.9944271] [DebugWrite] [INSTALL] moreHUD
[13:04:11.9944271] [ExtractAll] Extracting: C:\Games\Steam\steamapps\common\Skyrim\US\Downloads\AHZmoreHUD_v2_1_3-51956-2-1-3.7z
[13:04:12.0494755] [DebugWrite] [INSTALL] Mortal Enemies (Requiem - No Movement)
[13:04:12.0494755] [ExtractAll] Extracting: C:\Games\Steam\steamapps\common\Skyrim\US\Downloads\Mortal Enemies v1.4 - Requiem - No Movement Tweaks Version-73921-1-4.rar
[13:04:12.0664905] [DebugWrite] [INSTALL] Nether's Follower Framework 2.4.1
[13:04:12.0664905] [ExtractAll] Extracting: C:\Games\Steam\steamapps\common\Skyrim\US\Downloads\Nether's Follower Framework LE (FOMOD Installer)-92194-2-4-1-1569058356.zip
[13:04:15.3373928] [DebugWrite] [INSTALL] Nightingale Hall Restored - Karliah as a Follower
[13:04:15.3373928] [ExtractAll] Extracting: C:\Games\Steam\steamapps\common\Skyrim\US\Downloads\Nightingale Hall-13632-3-0.zip
[13:04:15.9379247] [DebugWrite] [INSTALL] No Combat Music
[13:04:15.9379247] [ExtractAll] Extracting: C:\Games\Steam\steamapps\common\Skyrim\US\Downloads\No Combat Music V1_2-4548-1-2.7z
[13:04:15.9549404] [DebugWrite] [INSTALL] No Snow Under The Roof
[13:04:15.9549404] [ExtractAll] Extracting: C:\Games\Steam\steamapps\common\Skyrim\US\Downloads\No Snow Under the Roof and 3D snow 2_3-51188-2-3.7z
[13:04:17.3111519] [DebugWrite] [INSTALL] NVAC - New Vegas Anti Crash
[13:04:17.3111519] [ExtractAll] Extracting: C:\Games\Steam\steamapps\common\Skyrim\US\Downloads\NVAC - New Vegas Anti Crash-53635-7-5-1-0.zip
[13:04:17.3401693] [DebugWrite] [INSTALL] OneTweak
[13:04:17.3401693] [ExtractAll] Extracting: C:\Games\Steam\steamapps\common\Skyrim\US\Downloads\OneTweak-40706-2-1-0-2.7z
[13:04:17.3972201] [DebugWrite] [INSTALL] Osmodius Solitude Texture Pack (Med)
[13:04:17.3972201] [ExtractAll] Extracting: C:\Games\Steam\steamapps\common\Skyrim\US\Downloads\OSTP Medium-53879-1-0.rar
[13:04:18.4321381] [DebugWrite] [INSTALL] Osmodius Solitude Texture Pack - Alternate Wall
[13:04:18.4321381] [ExtractAll] Extracting: C:\Games\Steam\steamapps\common\Skyrim\US\Downloads\Alternate Wall-53879-1-0.rar
[13:04:18.8495084] [DebugWrite] [INSTALL] Osmodius Windhelm Texture Pack - Alternate Ground
[13:04:18.8495084] [ExtractAll] Extracting: C:\Games\Steam\steamapps\common\Skyrim\US\Downloads\Alternate Ground Texture-54322-1-0.rar
[13:04:19.0596946] [DebugWrite] [INSTALL] Osmodius Windhelm Texture Pack
[13:04:19.0596946] [ExtractAll] Extracting: C:\Games\Steam\steamapps\common\Skyrim\US\Downloads\OWTP Regular-54322-1-0.rar
[13:04:21.8852013] [DebugWrite] [INSTALL] Paper World Map (Texture 2)
[13:04:21.8852013] [ExtractAll] Extracting: C:\Games\Steam\steamapps\common\Skyrim\US\Downloads\Texture 2-25501-.7z
[13:04:23.1162936] [DebugWrite] [INSTALL] Paper World Map - Dawnguard
[13:04:23.1162936] [ExtractAll] Extracting: C:\Games\Steam\steamapps\common\Skyrim\US\Downloads\Dawnguard Addon-25501-.7z
[13:04:23.1303062] [DebugWrite] [INSTALL] Paper World Map Addons 1.2.2
[13:04:23.1303062] [ExtractAll] Extracting: C:\Games\Steam\steamapps\common\Skyrim\US\Downloads\Paper World Map Addons-84734-1-2-2.rar
[13:04:23.8769681] [DebugWrite] [INSTALL] PapyrusUtil - Modders Scripting Utility Functions
[13:04:23.8769681] [ExtractAll] Extracting: C:\Games\Steam\steamapps\common\Skyrim\US\Downloads\PapyrusUtil - Scripting Utility Functions-58705-3-3.zip
[13:04:23.9990766] [DebugWrite] [INSTALL] People are Strangers
[13:04:23.9990766] [ExtractAll] Extracting: C:\Games\Steam\steamapps\common\Skyrim\US\Downloads\People are Strangers-56744-1-0.7z
[13:04:24.0190942] [DebugWrite] [INSTALL] Perseid's Inns and Taverns - Enhanced
[13:04:24.0190942] [ExtractAll] Extracting: C:\Games\Steam\steamapps\common\Skyrim\US\Downloads\RealisticRoomRental-Enhanced-25029-1-8-3.7z
[13:04:24.3523901] [DebugWrite] [INSTALL] Point The Way 1.0.9
[13:04:24.3523901] [ExtractAll] Extracting: C:\Games\Steam\steamapps\common\Skyrim\US\Downloads\Point The Way-33393-1-0-9-1557702217.7z
[13:04:24.4434708] [DebugWrite] [INSTALL] Pumping Iron - Dynamic Muscle Growth
[13:04:24.4434708] [ExtractAll] Extracting: C:\Games\Steam\steamapps\common\Skyrim\US\Downloads\Pumping Iron - Dynamic Muscle Growth v1_0_1-29476-1-0-1.rar
[13:04:24.4634885] [DebugWrite] [INSTALL] RaceCompatibility with fixes 1.107
[13:04:24.4634885] [ExtractAll] Extracting: C:\Games\Steam\steamapps\common\Skyrim\US\Downloads\RaceCompatibility All-in-One NMM installer-24168-1-107.7z
[13:04:24.7467396] [DebugWrite] [INSTALL] RaceMenu
[13:04:24.7467396] [ExtractAll] Extracting: C:\Games\Steam\steamapps\common\Skyrim\US\Downloads\RaceMenu v3-4-5-29624-3-4-5.7z
[13:04:25.3732955] [DebugWrite] [INSTALL] Real Bows
[13:04:25.3732955] [ExtractAll] Extracting: C:\Games\Steam\steamapps\common\Skyrim\US\Downloads\Real Bows 1.05-64440-1-05.7z
[13:04:28.5551184] [DebugWrite] [INSTALL] Real Roads for Skyrim (Dawnguard and Dragonborn)
[13:04:28.5551184] [ExtractAll] Extracting: C:\Games\Steam\steamapps\common\Skyrim\US\Downloads\Real Roads for Skyrim (Dawnguard and Dragonborn)-55518-1-01.zip
[13:04:28.5711324] [DebugWrite] [INSTALL] Real Roads for Skyrim
[13:04:28.5711324] [ExtractAll] Extracting: C:\Games\Steam\steamapps\common\Skyrim\US\Downloads\Real Roads for Skyrim (BSA)-55518-1-01.zip
[13:04:28.9394594] [DebugWrite] [INSTALL] Realistic Conversations
[13:04:28.9394594] [ExtractAll] Extracting: C:\Games\Steam\steamapps\common\Skyrim\US\Downloads\Realistic Conversations - longer pause between sentences-80355-2-1.7z
[13:04:28.9584761] [DebugWrite] [INSTALL] Realistic Humanoid Movement Speed
[13:04:28.9584761] [ExtractAll] Extracting: C:\Games\Steam\steamapps\common\Skyrim\US\Downloads\Realistic Humanoid Movement Speed 1_03-32229-1-03.rar
[13:04:28.9945082] [DebugWrite] [INSTALL] Realistic Lighting Overhaul (Interiors Only) 5.0.3
[13:04:28.9945082] [ExtractAll] Extracting: C:\Games\Steam\steamapps\common\Skyrim\US\Downloads\Realistic Lighting Overhaul v5.0.3 - All-In-One Installer-30450-5-0-3.zip
[13:04:29.0535604] [DebugWrite] [INSTALL] Realistic Ragdolls and Force
[13:04:29.0535604] [ExtractAll] Extracting: C:\Games\Steam\steamapps\common\Skyrim\US\Downloads\Realistic Force-601-1-9.rar
[13:04:29.2016918] [DebugWrite] [INSTALL] Realistic Torches
[13:04:29.2016918] [ExtractAll] Extracting: C:\Games\Steam\steamapps\common\Skyrim\US\Downloads\Realistic Torches-77924-1-0.zip
[13:04:29.2707530] [DebugWrite] [INSTALL] Realistic Trading Stocks of Skyrim (with DnD Spellcasting Service)
[13:04:29.2717535] [ExtractAll] Extracting: C:\Games\Steam\steamapps\common\Skyrim\US\Downloads\Realistic Trading Stocks of Skyrim (with DnD Spellcasting Service)-77680-1-0-1545584906.7z
[13:04:30.3977531] [DebugWrite] [INSTALL] Realistic Water Two - ENB Textures
[13:04:30.3987537] [ExtractAll] Extracting: C:\Games\Steam\steamapps\common\Skyrim\US\Downloads\Realistic Water Two - ENB Textures-41076-1-11.7z
[13:04:34.0980362] [DebugWrite] [INSTALL] Realistic Water Two
[13:04:34.0980362] [ExtractAll] Extracting: C:\Games\Steam\steamapps\common\Skyrim\US\Downloads\Realistic Water Two v1_11-41076-1-11.7z
[13:04:37.1817767] [DebugWrite] [INSTALL] Realistic wolf howls
[13:04:37.1817767] [ExtractAll] Extracting: C:\Games\Steam\steamapps\common\Skyrim\US\Downloads\Realistic Wolf Howls Less barks-30636-1-4.rar
[13:04:37.4039740] [DebugWrite] [INSTALL] Reflection - Level Up Messages
[13:04:37.4039740] [ExtractAll] Extracting: C:\Games\Steam\steamapps\common\Skyrim\US\Downloads\Reflection 1_1-25469-1-1.zip
[13:04:37.4299971] [DebugWrite] [INSTALL] Relationship Dialogue Overhaul 2.0
[13:04:37.4299971] [ExtractAll] Extracting: C:\Games\Steam\steamapps\common\Skyrim\US\Downloads\Relationship Dialogue Overhaul - RDO v2.0i-74568-2-0.7z
[13:04:38.1506364] [DebugWrite] [INSTALL] Rent My House - A Landlord Mod
[13:04:38.1506364] [ExtractAll] Extracting: C:\Games\Steam\steamapps\common\Skyrim\US\Downloads\Rent My House-75073-1-0-1.7z
[13:04:38.1976781] [DebugWrite] [INSTALL] Requiem - Dragonborn Patch 2.0.x
[13:04:38.1976781] [ExtractAll] Extracting: C:\Games\Steam\steamapps\common\Skyrim\US\Downloads\Requiem - Dragonborn Patch-78139-2-2-1-1548429055.7z
[13:04:38.4118679] [DebugWrite] [INSTALL] Requiem - Minor Arcana Reborn
[13:04:38.4118679] [ExtractAll] Extracting: C:\Games\Steam\steamapps\common\Skyrim\US\Downloads\Requiem - Minor Arcana Reborn 2.68-90983-2-68.7z
[13:04:40.9371087] [DebugWrite] [INSTALL] Requiem - Undeath Patch
[13:04:40.9371087] [ExtractAll] Extracting: C:\Games\Steam\steamapps\common\Skyrim\US\Downloads\NRM Undeath - Requiem Patch-60508-1-0.zip
[13:04:41.0131755] [DebugWrite] [INSTALL] Requiem - Wyrmstooth Patch
[13:04:41.0131755] [ExtractAll] Extracting: C:\Games\Steam\steamapps\common\Skyrim\US\Downloads\NRM Wyrmstooth - Requiem Patch-60508-1-0-3.zip
[13:04:41.0331935] [DebugWrite] [INSTALL] Requiem 3.0.2
[13:04:41.0331935] [ExtractAll] Extracting: C:\Games\Steam\steamapps\common\Skyrim\US\Downloads\Requiem 3.0.2 - Consign To Oblivion Bugfix Pack 2-19281-3-0-2-1555097677.7z
[13:05:20.8415078] [DebugWrite] [INSTALL] Roadsigns Redone
[13:05:20.8415078] [ExtractAll] Extracting: C:\Games\Steam\steamapps\common\Skyrim\US\Downloads\Roadsigns Redone-33603-1-1.7z
[13:05:21.2909064] [DebugWrite] [INSTALL] Ruins Clutter Improved 3.1
[13:05:21.2909064] [ExtractAll] Extracting: C:\Games\Steam\steamapps\common\Skyrim\US\Downloads\Ruins_Clutter_Improved_NMM_v3-1-14227-3-1.rar
[13:05:27.9578207] [DebugWrite] [INSTALL] Rustic Clothing 3.0
[13:05:27.9578207] [ExtractAll] Extracting: C:\Games\Steam\steamapps\common\Skyrim\US\Downloads\RUSTIC CLOTHING - COMPLETE - 2K-69784-3-0.7z
[13:06:03.4713336] [DebugWrite] [INSTALL] Safety Load
[13:06:03.4713336] [ExtractAll] Extracting: C:\Games\Steam\steamapps\common\Skyrim\US\Downloads\SafetyLoad 1_2-46465-1-2.zip
[13:06:03.5123700] [DebugWrite] [INSTALL] Severin Manor Improvements
[13:06:03.5123700] [ExtractAll] Extracting: C:\Games\Steam\steamapps\common\Skyrim\US\Downloads\Severin Manor improvements with New Items 1_7_7-31167-1-7-7.7z
[13:06:03.9147270] [DebugWrite] [INSTALL] SFO Billboards for v2.5b
[13:06:03.9147270] [ExtractAll] Extracting: C:\Games\Steam\steamapps\common\Skyrim\US\Downloads\SFO Billboards for v2.5C-141-.7z
[13:06:04.7985026] [DebugWrite] [INSTALL] Simple Bedrolls and Supplies - for Campfire
[13:06:04.7985026] [ExtractAll] Extracting: C:\Games\Steam\steamapps\common\Skyrim\US\Downloads\Simple Bedrolls and Supplies-74027-1-0.7z
[13:06:04.8265277] [DebugWrite] [INSTALL] Simple Taxes
[13:06:04.8275281] [ExtractAll] Extracting: C:\Games\Steam\steamapps\common\Skyrim\US\Downloads\Simple Taxes 3.5-57239-3-5.7z
[13:06:04.8565538] [DebugWrite] [INSTALL] Simply Knock
[13:06:04.8565538] [ExtractAll] Extracting: C:\Games\Steam\steamapps\common\Skyrim\US\Downloads\Simply Knock 1.0.8 Release-73236-1-0-8.zip
[13:06:04.9906731] [DebugWrite] [INSTALL] Skyrim Flora Overhaul
[13:06:04.9906731] [ExtractAll] Extracting: C:\Games\Steam\steamapps\common\Skyrim\US\Downloads\Skyrim Flora Overhaul v2.5b-141-2-5b.7z
[13:06:17.8390711] [DebugWrite] [INSTALL] Skyrim Project Optimization
[13:06:17.8390711] [ExtractAll] Extracting: C:\Games\Steam\steamapps\common\Skyrim\US\Downloads\Skyrim Project Optimization - No Homes - Full Version-32505-1-6.rar
[13:06:17.8670965] [DebugWrite] [INSTALL] Skyrim Sewers 4
[13:06:17.8670965] [ExtractAll] Extracting: C:\Games\Steam\steamapps\common\Skyrim\US\Downloads\Skyrim Sewers 412 Main File-14351-4-12.rar
[13:06:18.4636253] [DebugWrite] [INSTALL] Skyrim Souls
[13:06:18.4636253] [ExtractAll] Extracting: C:\Games\Steam\steamapps\common\Skyrim\US\Downloads\SkyrimSouls - Unpaused Game Menus-83379-V1-0-2-1.7z
[13:06:18.5316856] [DebugWrite] [INSTALL] SkyTEST - Realistic Animals and Predators 1.65
[13:06:18.5316856] [ExtractAll] Extracting: C:\Games\Steam\steamapps\common\Skyrim\US\Downloads\SkyTEST - Realistic Animals and Predators v1_65-10175-1-65.7z
[13:06:20.0970743] [DebugWrite] [INSTALL] SkyUI
[13:06:20.0970743] [ExtractAll] Extracting: C:\Games\Steam\steamapps\common\Skyrim\US\Downloads\SkyUI_5_1-3863-5-1.7z
[13:06:20.1591294] [DebugWrite] [INSTALL] Sleep Tight
[13:06:20.1591294] [ExtractAll] Extracting: C:\Games\Steam\steamapps\common\Skyrim\US\Downloads\Sleep Tight v1_04-50954-1-04.7z
[13:06:20.2201837] [DebugWrite] [INSTALL] Sleep To Gain Experience
[13:06:20.2201837] [ExtractAll] Extracting: C:\Games\Steam\steamapps\common\Skyrim\US\Downloads\Sleep To Gain Experience-73001-1-2.7z
[13:06:20.2852414] [DebugWrite] [INSTALL] Smart Cast
[13:06:20.2852414] [ExtractAll] Extracting: C:\Games\Steam\steamapps\common\Skyrim\US\Downloads\Smart Cast-43123-1-0.7z
[13:06:20.3472963] [DebugWrite] [INSTALL] Smithing Perks Reqtified
[13:06:20.3472963] [ExtractAll] Extracting: C:\Games\Steam\steamapps\common\Skyrim\US\Downloads\SPR - Smithing Perks Reqtified-69587-1-1-1.7z
[13:06:20.3623098] [DebugWrite] [INSTALL] SnowFall Weathers
[13:06:20.3623098] [ExtractAll] Extracting: C:\Games\Steam\steamapps\common\Skyrim\US\Downloads\SnowFall Weathers 1.5-79335-1-5.7z
[13:06:24.7652154] [DebugWrite] [INSTALL] Sound Hammering Sounds
[13:06:24.7652154] [ExtractAll] Extracting: C:\Games\Steam\steamapps\common\Skyrim\US\Downloads\Sound Hammering Sounds-80655-1-0.rar
[13:06:24.7952419] [DebugWrite] [INSTALL] Spell Research 2.1.2
[13:06:24.7952419] [ExtractAll] Extracting: C:\Games\Steam\steamapps\common\Skyrim\US\Downloads\Spell Research 2.1.2-81214-2-1-2-1558666532.rar
[13:06:26.6959283] [DebugWrite] [INSTALL] Spellsword - Spell Casting with Weapons
[13:06:26.6969288] [ExtractAll] Extracting: C:\Games\Steam\steamapps\common\Skyrim\US\Downloads\Spellsword V1.2.2-81600-1-2-2.7z
[13:06:26.9331385] [DebugWrite] [INSTALL] Static Mesh Improvement Mod 2.08
[13:06:26.9331385] [ExtractAll] Extracting: C:\Games\Steam\steamapps\common\Skyrim\US\Downloads\SMIM 2-08-8655-2-08.7z
[13:07:30.4815135] [DebugWrite] [INSTALL] SV Mods Menu - Merged
[13:07:30.4815135] [ExtractAll] Extracting: C:\Games\Steam\steamapps\common\Skyrim\US\Downloads\SV Mods Menu - Merged-86109-1-2-0.zip
[13:07:30.5816021] [DebugWrite] [INSTALL] Take Notes - Journal of the Dragonborn
[13:07:30.5816021] [ExtractAll] Extracting: C:\Games\Steam\steamapps\common\Skyrim\US\Downloads\Take Notes - Journal of the Dragonborn-48375-1-52.7z
[13:07:30.7777763] [DebugWrite] [INSTALL] Tavern Games
[13:07:30.7777763] [ExtractAll] Extracting: C:\Games\Steam\steamapps\common\Skyrim\US\Downloads\Tavern Games - Mini Games in Skyrim 1.4-68553-1-4.rar
[13:07:30.9909656] [DebugWrite] [INSTALL] TavernAIFix 1.1c
[13:07:30.9909656] [ExtractAll] Extracting: C:\Games\Steam\steamapps\common\Skyrim\US\Downloads\TavernAIFix-76623-1-1c-1576937020.7z
[13:07:31.0129848] [DebugWrite] [INSTALL] The Choice is Yours
[13:07:31.0129848] [ExtractAll] Extracting: C:\Games\Steam\steamapps\common\Skyrim\US\Downloads\The Choice is Yours-26359-2-0.zip
[13:07:32.1569998] [DebugWrite] [INSTALL] The Paarthurnax Dilemma 1.2.9
[13:07:32.1569998] [ExtractAll] Extracting: C:\Games\Steam\steamapps\common\Skyrim\US\Downloads\The Paarthurnax Dilemma-18465-1-2-9-1557702554.7z
[13:07:32.2130493] [DebugWrite] [INSTALL] Thieves Guild Requirements
[13:07:32.2130493] [ExtractAll] Extracting: C:\Games\Steam\steamapps\common\Skyrim\US\Downloads\Thieves Guild Requirements-14157-3-0.7z
[13:07:32.8906507] [DebugWrite] [INSTALL] Trade and Barter (Hearthfire)
[13:07:32.8916509] [ExtractAll] Extracting: C:\Games\Steam\steamapps\common\Skyrim\US\Downloads\Trade And Barter - Hearthfire-34612-1-2.zip
[13:07:32.9507037] [DebugWrite] [INSTALL] Trade Routes
[13:07:32.9507037] [ExtractAll] Extracting: C:\Games\Steam\steamapps\common\Skyrim\US\Downloads\Trade Routes v2-0-49369-2-0.7z
[13:07:33.3961072] [DebugWrite] [INSTALL] Train and Study
[13:07:33.3961072] [ExtractAll] Extracting: C:\Games\Steam\steamapps\common\Skyrim\US\Downloads\Train and Study 1.0 - Legendary Version-83432-1-0.rar
[13:07:33.4411387] [DebugWrite] [INSTALL] Traps Make Noise 2.3
[13:07:33.4411387] [ExtractAll] Extracting: C:\Games\Steam\steamapps\common\Skyrim\US\Downloads\Traps Make Noise (and are Dangerous)-31799-2-3.zip
[13:07:33.6443190] [DebugWrite] [INSTALL] True Storms - Thunder and Rain Redone v1.5
[13:07:33.6443190] [ExtractAll] Extracting: C:\Games\Steam\steamapps\common\Skyrim\US\Downloads\True Storms - Thunder and Rain Redone-63478-1-5.rar
[13:07:35.6631099] [DebugWrite] [INSTALL] UIExtensions
[13:07:35.6631099] [ExtractAll] Extracting: C:\Games\Steam\steamapps\common\Skyrim\US\Downloads\UIExtensions v1-2-0-57046-1-2-0.7z
[13:07:35.6911353] [DebugWrite] [INSTALL] Ultimate Skyrim 4.0.6 hf 2 (Keyboard)
[13:07:35.6911353] [ExtractAll] Extracting: C:\Games\Steam\steamapps\common\Skyrim\US\Downloads\Ultimate Skyrim 4.0.6 hf 2 (Keyboard).rar
[13:07:40.5354325] [DebugWrite] [INSTALL] Undeath Immersive Lichdom V3.5
[13:07:40.5354325] [ExtractAll] Extracting: C:\Games\Steam\steamapps\common\Skyrim\US\Downloads\Undeath Immersive Lichdom V3.5-60783-V3-5.7z
[13:07:41.1719969] [DebugWrite] [INSTALL] Undeath
[13:07:41.1719969] [ExtractAll] Extracting: C:\Games\Steam\steamapps\common\Skyrim\US\Downloads\Skyrim - Undeath 1-3-40607-1-3.rar
[13:07:42.9856058] [DebugWrite] [INSTALL] Underwater Treasure
[13:07:42.9856058] [ExtractAll] Extracting: C:\Games\Steam\steamapps\common\Skyrim\US\Downloads\Underwater Treasure v4-33994-4.rar
[13:07:43.0036221] [DebugWrite] [INSTALL] Unlimited Bookshelves
[13:07:43.0036221] [ExtractAll] Extracting: C:\Games\Steam\steamapps\common\Skyrim\US\Downloads\Unlimited Bookshelves 2.2-10891-2-2.rar
[13:07:43.0456590] [DebugWrite] [INSTALL] Unmasked Faces - no green detailmaps for complexion and necks -
[13:07:43.0456590] [ExtractAll] Extracting: C:\Games\Steam\steamapps\common\Skyrim\US\Downloads\Unmasked Faces-76607-1-1.7z
[13:07:43.1677675] [DebugWrite] [INSTALL] Unofficial Skyrim Legendary Edition Patch 3.0.15
[13:07:43.1677675] [ExtractAll] Extracting: C:\Games\Steam\steamapps\common\Skyrim\US\Downloads\Unofficial Skyrim Legendary Edition Patch-71214-3-0-15-1569437811.7z
[13:07:53.6240433] [DebugWrite] [INSTALL] US 4.0.6hf2 DynDOLOD
[13:07:53.6270466] [ExtractAll] Extracting: C:\Games\Steam\steamapps\common\Skyrim\US\Downloads\US 4.0.6hf2 DynDOLOD.rar
[13:08:44.4301140] [DebugWrite] [INSTALL] US 4.0.6hf2 Post-Install
[13:08:44.4301140] [ExtractAll] Extracting: C:\Games\Steam\steamapps\common\Skyrim\US\Downloads\US 4.0.6hf2 Post-Install.rar
[13:08:47.7870919] [DebugWrite] [INSTALL] Vivid Landscapes - Dungeons and Ruins - SMIM Patch
[13:08:47.7870919] [ExtractAll] Extracting: C:\Games\Steam\steamapps\common\Skyrim\US\Downloads\SMIM Compatibility patch-39874-2-0.7z
[13:08:48.8400261] [DebugWrite] [INSTALL] Vivid Landscapes - Dungeons and Ruins
[13:08:48.8400261] [ExtractAll] Extracting: C:\Games\Steam\steamapps\common\Skyrim\US\Downloads\Vivid Landscapes - Dungeons and Ruins - for ENB - 2048-39874-2-6.7z
[13:09:03.2237862] [DebugWrite] [INSTALL] Vivid Landscapes - Rocking Stones and Mountains Parallax (brown)
[13:09:03.2237862] [ExtractAll] Extracting: C:\Games\Steam\steamapps\common\Skyrim\US\Downloads\Rocking Stones Parallax for ENB - 2k BROWNISH-38004-5-2.7z
[13:09:04.7501401] [DebugWrite] [INSTALL] Vivid Landscapes - Rocking Stones and Mountains Parallax Update
[13:09:04.7501401] [ExtractAll] Extracting: C:\Games\Steam\steamapps\common\Skyrim\US\Downloads\Rocking Stones Parallax for ENB - Update for all types-38004-5-3.7z
[13:09:05.0774307] [DebugWrite] [INSTALL] Vivid Weathers
[13:09:05.0784321] [ExtractAll] Extracting: C:\Games\Steam\steamapps\common\Skyrim\US\Downloads\Vivid Weathers-73937-1-56.zip
[13:09:09.2191048] [DebugWrite] [INSTALL] Vlindrel Hall TNF - Hearthfire
[13:09:09.2191048] [ExtractAll] Extracting: C:\Games\Steam\steamapps\common\Skyrim\US\Downloads\VHTNF1-5-35278-1-5.rar
[13:09:09.2371211] [DebugWrite] [INSTALL] Weapons and Armor Fixes Remade 5.3
[13:09:09.2371211] [ExtractAll] Extracting: C:\Games\Steam\steamapps\common\Skyrim\US\Downloads\Weapons and Armor Fixes Remade-34093-5-3.zip
[13:09:09.6154565] [DebugWrite] [INSTALL] Wearable Lanterns
[13:09:09.6154565] [ExtractAll] Extracting: C:\Games\Steam\steamapps\common\Skyrim\US\Downloads\Wearable Lanterns 4.0.2 Release-17416-4-0-2.zip
[13:09:09.7295580] [DebugWrite] [INSTALL] Werewolf Nighteye Toggle
[13:09:09.7295580] [ExtractAll] Extracting: C:\Games\Steam\steamapps\common\Skyrim\US\Downloads\Werewolf Nighteye Toggle-37824-1-0.zip
[13:09:09.7816040] [DebugWrite] [INSTALL] Wet and Cold
[13:09:09.7816040] [ExtractAll] Extracting: C:\Games\Steam\steamapps\common\Skyrim\US\Downloads\Wet and Cold v2_02-27563-.7z
[13:09:12.4259501] [DebugWrite] [INSTALL] Windhelm - Legendary Kings
[13:09:12.4259501] [ExtractAll] Extracting: C:\Games\Steam\steamapps\common\Skyrim\US\Downloads\WindhelmLegendaryKings-54314-1-0.7z
[13:09:12.6731692] [DebugWrite] [INSTALL] Windhelm Bridge Overhaul - Minus Guard Area WITH Tents
[13:09:12.6731692] [ExtractAll] Extracting: C:\Games\Steam\steamapps\common\Skyrim\US\Downloads\Windhelm Bridge Overhaul v2 - Minus Guard Area WITH Tent Roof-50243-2-0.rar
[13:09:12.9103796] [DebugWrite] [INSTALL] Windhelm Exterior Altered
[13:09:12.9103796] [ExtractAll] Extracting: C:\Games\Steam\steamapps\common\Skyrim\US\Downloads\Windhelm Exterior Altered 2.0-50977-2-0.rar
[13:09:13.3527731] [DebugWrite] [INSTALL] Winter Is Coming - Cloaks
[13:09:13.3527731] [ExtractAll] Extracting: C:\Games\Steam\steamapps\common\Skyrim\US\Downloads\WIC Cloaks NMM 2_4-13486-2-4.7z
[13:09:18.2681355] [DebugWrite] [INSTALL] Wiseman303's Critter Fixes
[13:09:18.2681355] [ExtractAll] Extracting: C:\Games\Steam\steamapps\common\Skyrim\US\Downloads\WM Critter Fixes v1_06-54485-1-06.7z
[13:09:18.4282780] [DebugWrite] [INSTALL] Wiseman303's Flora Fixes SMIM Patch
[13:09:18.4282780] [ExtractAll] Extracting: C:\Games\Steam\steamapps\common\Skyrim\US\Downloads\WM Flora Fixes SMIM Patch-70656-2-0.7z
[13:09:18.4743191] [DebugWrite] [INSTALL] Wiseman303's Flora Fixes
[13:09:18.4743191] [ExtractAll] Extracting: C:\Games\Steam\steamapps\common\Skyrim\US\Downloads\WM Flora Fixes-70656-2-01.7z
[13:09:18.6664894] [DebugWrite] [INSTALL] Wonders of Weather
[13:09:18.6664894] [ExtractAll] Extracting: C:\Games\Steam\steamapps\common\Skyrim\US\Downloads\Wonders of Weather v1_01-64941-1-01.7z
[13:09:19.0117956] [DebugWrite] [INSTALL] Wyrmstooth - Tweaks and Enhancements
[13:09:19.0117956] [ExtractAll] Extracting: C:\Games\Steam\steamapps\common\Skyrim\US\Downloads\Wyrmstooth - Tweaks and Enhancements-69501-1-6.7z
[13:09:22.2806955] [DebugWrite] [INSTALL] Wyrmstooth 1.17B
[13:09:22.2806955] [ExtractAll] Extracting: C:\Games\Steam\steamapps\common\Skyrim\US\Downloads\Wyrmstooth 1.17B.zip
[13:09:24.4846508] [DebugWrite] [INSTALL] XP32 Maximum Skeleton Extended 4.51
[13:09:24.4846508] [ExtractAll] Extracting: C:\Games\Steam\steamapps\common\Skyrim\US\Downloads\XP32 Maximum Skeleton Extended-68000-4-51.7z
[13:09:25.6847153] [DebugWrite] _END
